This is pdfTeX, Version 3.14159265-2.6-1.40.21 (MiKTeX 2.9.7400 64-bit) (preloaded format=pdflatex 2020.4.25)  25 MAY 2020 23:32
entering extended mode
**c:/Users/hakan/Documents/GitHub/fault_tolerant_drives/Simulation/MPC/Report/main.tex
(c:/Users/hakan/Documents/GitHub/fault_tolerant_drives/Simulation/MPC/Report/main.tex
LaTeX2e <2020-02-02> patch level 5
L3 programming layer <2020-04-06> ("C:\Users\hakan\AppData\Local\Programs\MiKTeX 2.9\tex/latex/base\article.cls"
Document Class: article 2019/12/20 v1.4l Standard LaTeX document class
("C:\Users\hakan\AppData\Local\Programs\MiKTeX 2.9\tex/latex/base\size10.clo"
File: size10.clo 2019/12/20 v1.4l Standard LaTeX file (size option)
)
\c@part=\count167
\c@section=\count168
\c@subsection=\count169
\c@subsubsection=\count170
\c@paragraph=\count171
\c@subparagraph=\count172
\c@figure=\count173
\c@table=\count174
\abovecaptionskip=\skip47
\belowcaptionskip=\skip48
\bibindent=\dimen134
) ("C:\Users\hakan\AppData\Local\Programs\MiKTeX 2.9\tex/latex/base\inputenc.sty"
Package: inputenc 2018/08/11 v1.3c Input encoding file
\inpenc@prehook=\toks15
\inpenc@posthook=\toks16
) ("C:\Users\hakan\AppData\Local\Programs\MiKTeX 2.9\tex/latex/float\float.sty"
Package: float 2001/11/08 v1.3d Float enhancements (AL)
\c@float@type=\count175
\float@exts=\toks17
\float@box=\box45
\@float@everytoks=\toks18
\@floatcapt=\box46
) ("C:\Users\hakan\AppData\Local\Programs\MiKTeX 2.9\tex/latex/comment\comment.sty"
\CommentStream=\write3
 Excluding comment 'comment') ("C:\Users\hakan\AppData\Local\Programs\MiKTeX 2.9\tex/latex/natbib\natbib.sty"
Package: natbib 2010/09/13 8.31b (PWD, AO)
\bibhang=\skip49
\bibsep=\skip50
LaTeX Info: Redefining \cite on input line 694.
\c@NAT@ctr=\count176
) ("C:\Users\hakan\AppData\Local\Programs\MiKTeX 2.9\tex/latex/graphics\graphicx.sty"
Package: graphicx 2019/11/30 v1.2a Enhanced LaTeX Graphics (DPC,SPQR)
 ("C:\Users\hakan\AppData\Local\Programs\MiKTeX 2.9\tex/latex/graphics\keyval.sty"
Package: keyval 2014/10/28 v1.15 key=value parser (DPC)
\KV@toks@=\toks19
) ("C:\Users\hakan\AppData\Local\Programs\MiKTeX 2.9\tex/latex/graphics\graphics.sty"
Package: graphics 2019/11/30 v1.4a Standard LaTeX Graphics (DPC,SPQR)
 ("C:\Users\hakan\AppData\Local\Programs\MiKTeX 2.9\tex/latex/graphics\trig.sty"
Package: trig 2016/01/03 v1.10 sin cos tan (DPC)
) ("C:\Users\hakan\AppData\Local\Programs\MiKTeX 2.9\tex/latex/graphics-cfg\graphics.cfg"
File: graphics.cfg 2016/06/04 v1.11 sample graphics configuration
)
Package graphics Info: Driver file: pdftex.def on input line 105.
 ("C:\Users\hakan\AppData\Local\Programs\MiKTeX 2.9\tex/latex/graphics-def\pdftex.def"
File: pdftex.def 2018/01/08 v1.0l Graphics/color driver for pdftex
))
\Gin@req@height=\dimen135
\Gin@req@width=\dimen136
) ("C:\Users\hakan\AppData\Local\Programs\MiKTeX 2.9\tex/latex/tools\indentfirst.sty"
Package: indentfirst 1995/11/23 v1.03 Indent first paragraph (DPC)
) ("C:\Users\hakan\AppData\Local\Programs\MiKTeX 2.9\tex/latex/siunitx\siunitx.sty" ("C:\Users\hakan\AppData\Local\Programs\MiKTeX 2.9\tex/latex/l3kernel\expl3.sty"
Package: expl3 2020-04-06 L3 programming layer (loader) 
 ("C:\Users\hakan\AppData\Local\Programs\MiKTeX 2.9\tex/latex/l3backend\l3backend-pdfmode.def"
File: l3backend-pdfmode.def 2020-03-12 L3 backend support: PDF mode
\l__kernel_color_stack_int=\count177
\l__pdf_internal_box=\box47
)) ("C:\Users\hakan\AppData\Local\Programs\MiKTeX 2.9\tex/latex/l3packages/xparse\xparse.sty"
Package: xparse 2020-03-06 L3 Experimental document command parser
\l__xparse_current_arg_int=\count178
\g__xparse_grabber_int=\count179
\l__xparse_m_args_int=\count180
\l__xparse_v_nesting_int=\count181
)
Package: siunitx 2020/02/25 v2.8b A comprehensive (SI) units package
 ("C:\Users\hakan\AppData\Local\Programs\MiKTeX 2.9\tex/latex/amsmath\amstext.sty"
Package: amstext 2000/06/29 v2.01 AMS text
 ("C:\Users\hakan\AppData\Local\Programs\MiKTeX 2.9\tex/latex/amsmath\amsgen.sty"
File: amsgen.sty 1999/11/30 v2.0 generic functions
\@emptytoks=\toks20
\ex@=\dimen137
)) ("C:\Users\hakan\AppData\Local\Programs\MiKTeX 2.9\tex/latex/tools\array.sty"
Package: array 2019/08/31 v2.4l Tabular extension package (FMi)
\col@sep=\dimen138
\ar@mcellbox=\box48
\extrarowheight=\dimen139
\NC@list=\toks21
\extratabsurround=\skip51
\backup@length=\skip52
\ar@cellbox=\box49
) ("C:\Users\hakan\AppData\Local\Programs\MiKTeX 2.9\tex/latex/l3packages/l3keys2e\l3keys2e.sty"
Package: l3keys2e 2020-03-06 LaTeX2e option processing using LaTeX3 keys
)
\l__siunitx_tmp_box=\box50
\l__siunitx_tmp_dim=\dimen140
\l__siunitx_tmp_int=\count182
\l__siunitx_number_mantissa_length_int=\count183
\l__siunitx_number_uncert_length_int=\count184
\l__siunitx_round_int=\count185
\l__siunitx_process_decimal_int=\count186
\l__siunitx_process_uncertainty_int=\count187
\l__siunitx_process_fixed_int=\count188
\l__siunitx_process_integer_min_int=\count189
\l__siunitx_process_precision_int=\count190
\l__siunitx_group_min_int=\count191
\l__siunitx_angle_marker_box=\box51
\l__siunitx_angle_unit_box=\box52
\l__siunitx_angle_marker_dim=\dimen141
\l__siunitx_angle_unit_dim=\dimen142
\l__siunitx_unit_int=\count192
\l__siunitx_unit_denominator_int=\count193
\l__siunitx_unit_numerator_int=\count194
\l__siunitx_unit_prefix_int=\count195
\l__siunitx_unit_prefix_base_int=\count196
\l__siunitx_unit_prefix_gram_int=\count197
\l__siunitx_number_product_int=\count198
\c__siunitx_one_fill_skip=\skip53
\l__siunitx_table_unit_align_skip=\skip54
\l__siunitx_table_exponent_dim=\dimen143
\l__siunitx_table_integer_dim=\dimen144
\l__siunitx_table_mantissa_dim=\dimen145
\l__siunitx_table_marker_dim=\dimen146
\l__siunitx_table_result_dim=\dimen147
\l__siunitx_table_uncert_dim=\dimen148
\l__siunitx_table_fill_pre_dim=\dimen149
\l__siunitx_table_fill_post_dim=\dimen150
\l__siunitx_table_fill_mid_dim=\dimen151
\l__siunitx_table_pre_box=\box53
\l__siunitx_table_post_box=\box54
\l__siunitx_table_mantissa_box=\box55
\l__siunitx_table_result_box=\box56
\l__siunitx_table_number_align_skip=\skip55
\l__siunitx_table_text_align_skip=\skip56
 ("C:\Users\hakan\AppData\Local\Programs\MiKTeX 2.9\tex/latex/translator\translator.sty"
Package: translator 2019-05-31 v1.12a Easy translation of strings in LaTeX
)) ("C:\Users\hakan\AppData\Local\Programs\MiKTeX 2.9\tex/latex/svg\svg.sty"
Package: svg 2020/01/13 v2.02e (include SVG pictures)
 ("C:\Users\hakan\AppData\Local\Programs\MiKTeX 2.9\tex/generic/iftex\iftex.sty"
Package: iftex 2020/03/06 v1.0d TeX engine tests
) ("C:\Users\hakan\AppData\Local\Programs\MiKTeX 2.9\tex/latex/koma-script\scrbase.sty"
Package: scrbase 2020/04/19 v3.30 KOMA-Script package (KOMA-Script-independent basics and keyval usage)
 ("C:\Users\hakan\AppData\Local\Programs\MiKTeX 2.9\tex/latex/koma-script\scrlfile.sty"
Package: scrlfile 2020/04/19 v3.30 KOMA-Script package (loading files)
)) ("C:\Users\hakan\AppData\Local\Programs\MiKTeX 2.9\tex/latex/pdftexcmds\pdftexcmds.sty"
Package: pdftexcmds 2019/11/24 v0.31 Utility functions of pdfTeX for LuaTeX (HO)
 ("C:\Users\hakan\AppData\Local\Programs\MiKTeX 2.9\tex/generic/infwarerr\infwarerr.sty"
Package: infwarerr 2019/12/03 v1.5 Providing info/warning/error messages (HO)
) ("C:\Users\hakan\AppData\Local\Programs\MiKTeX 2.9\tex/generic/ltxcmds\ltxcmds.sty"
Package: ltxcmds 2019/12/15 v1.24 LaTeX kernel commands for general use (HO)
)
Package pdftexcmds Info: \pdf@primitive is available.
Package pdftexcmds Info: \pdf@ifprimitive is available.
Package pdftexcmds Info: \pdfdraftmode found.
) ("C:\Users\hakan\AppData\Local\Programs\MiKTeX 2.9\tex/latex/tools\shellesc.sty"
Package: shellesc 2019/11/08 v1.0c unified shell escape interface for LaTeX
Package shellesc Info: Restricted shell escape enabled on input line 77.
) ("C:\Users\hakan\AppData\Local\Programs\MiKTeX 2.9\tex/latex/trimspaces\trimspaces.sty"
Package: trimspaces 2009/09/17 v1.1 Trim spaces around a token list
)
\svg@box=\box57
\c@svg@param@lastpage=\count199
\c@svg@param@currpage=\count266
) ("C:\Users\hakan\AppData\Local\Programs\MiKTeX 2.9\tex/latex/xcolor\xcolor.sty"
Package: xcolor 2016/05/11 v2.12 LaTeX color extensions (UK)
 ("C:\Users\hakan\AppData\Local\Programs\MiKTeX 2.9\tex/latex/graphics-cfg\color.cfg"
File: color.cfg 2016/01/02 v1.6 sample color configuration
)
Package xcolor Info: Driver file: pdftex.def on input line 225.
Package xcolor Info: Model `cmy' substituted by `cmy0' on input line 1348.
Package xcolor Info: Model `hsb' substituted by `rgb' on input line 1352.
Package xcolor Info: Model `RGB' extended on input line 1364.
Package xcolor Info: Model `HTML' substituted by `rgb' on input line 1366.
Package xcolor Info: Model `Hsb' substituted by `hsb' on input line 1367.
Package xcolor Info: Model `tHsb' substituted by `hsb' on input line 1368.
Package xcolor Info: Model `HSB' substituted by `hsb' on input line 1369.
Package xcolor Info: Model `Gray' substituted by `gray' on input line 1370.
Package xcolor Info: Model `wave' substituted by `hsb' on input line 1371.
) ("C:\Users\hakan\AppData\Local\Programs\MiKTeX 2.9\tex/latex/transparent\transparent.sty"
Package: transparent 2019/11/29 v1.4 Transparency via pdfTeX's color stack (HO)
 ("C:\Users\hakan\AppData\Local\Programs\MiKTeX 2.9\tex/latex/auxhook\auxhook.sty"
Package: auxhook 2019-12-17 v1.6 Hooks for auxiliary files (HO)
)) ("C:\Users\hakan\AppData\Local\Programs\MiKTeX 2.9\tex/latex/hyperref\hyperref.sty"
Package: hyperref 2020/01/14 v7.00d Hypertext links for LaTeX
 ("C:\Users\hakan\AppData\Local\Programs\MiKTeX 2.9\tex/generic/kvsetkeys\kvsetkeys.sty"
Package: kvsetkeys 2019/12/15 v1.18 Key value parser (HO)
) ("C:\Users\hakan\AppData\Local\Programs\MiKTeX 2.9\tex/generic/kvdefinekeys\kvdefinekeys.sty"
Package: kvdefinekeys 2019-12-19 v1.6 Define keys (HO)
) ("C:\Users\hakan\AppData\Local\Programs\MiKTeX 2.9\tex/generic/pdfescape\pdfescape.sty"
Package: pdfescape 2019/12/09 v1.15 Implements pdfTeX's escape features (HO)
) ("C:\Users\hakan\AppData\Local\Programs\MiKTeX 2.9\tex/latex/hycolor\hycolor.sty"
Package: hycolor 2020-01-27 v1.10 Color options for hyperref/bookmark (HO)
) ("C:\Users\hakan\AppData\Local\Programs\MiKTeX 2.9\tex/latex/letltxmacro\letltxmacro.sty"
Package: letltxmacro 2019/12/03 v1.6 Let assignment for LaTeX macros (HO)
) ("C:\Users\hakan\AppData\Local\Programs\MiKTeX 2.9\tex/latex/kvoptions\kvoptions.sty"
Package: kvoptions 2019/11/29 v3.13 Key value format for package options (HO)
)
\@linkdim=\dimen152
\Hy@linkcounter=\count267
\Hy@pagecounter=\count268
 ("C:\Users\hakan\AppData\Local\Programs\MiKTeX 2.9\tex/latex/hyperref\pd1enc.def"
File: pd1enc.def 2020/01/14 v7.00d Hyperref: PDFDocEncoding definition (HO)
Now handling font encoding PD1 ...
... no UTF-8 mapping file for font encoding PD1
) ("C:\Users\hakan\AppData\Local\Programs\MiKTeX 2.9\tex/generic/intcalc\intcalc.sty"
Package: intcalc 2019/12/15 v1.3 Expandable calculations with integers (HO)
) ("C:\Users\hakan\AppData\Local\Programs\MiKTeX 2.9\tex/generic/etexcmds\etexcmds.sty"
Package: etexcmds 2019/12/15 v1.7 Avoid name clashes with e-TeX commands (HO)
)
\Hy@SavedSpaceFactor=\count269
Package hyperref Info: Hyper figures OFF on input line 4547.
Package hyperref Info: Link nesting OFF on input line 4552.
Package hyperref Info: Hyper index ON on input line 4555.
Package hyperref Info: Plain pages OFF on input line 4562.
Package hyperref Info: Backreferencing OFF on input line 4567.
Package hyperref Info: Implicit mode ON; LaTeX internals redefined.
Package hyperref Info: Bookmarks ON on input line 4800.
\c@Hy@tempcnt=\count270
 ("C:\Users\hakan\AppData\Local\Programs\MiKTeX 2.9\tex/latex/url\url.sty"
\Urlmuskip=\muskip16
Package: url 2013/09/16  ver 3.4  Verb mode for urls, etc.
)
LaTeX Info: Redefining \url on input line 5159.
\XeTeXLinkMargin=\dimen153
 ("C:\Users\hakan\AppData\Local\Programs\MiKTeX 2.9\tex/generic/bitset\bitset.sty"
Package: bitset 2019/12/09 v1.3 Handle bit-vector datatype (HO)
 ("C:\Users\hakan\AppData\Local\Programs\MiKTeX 2.9\tex/generic/bigintcalc\bigintcalc.sty"
Package: bigintcalc 2019/12/15 v1.5 Expandable calculations on big integers (HO)
))
\Fld@menulength=\count271
\Field@Width=\dimen154
\Fld@charsize=\dimen155
Package hyperref Info: Hyper figures OFF on input line 6430.
Package hyperref Info: Link nesting OFF on input line 6435.
Package hyperref Info: Hyper index ON on input line 6438.
Package hyperref Info: backreferencing OFF on input line 6445.
Package hyperref Info: Link coloring OFF on input line 6450.
Package hyperref Info: Link coloring with OCG OFF on input line 6455.
Package hyperref Info: PDF/A mode OFF on input line 6460.
LaTeX Info: Redefining \ref on input line 6500.
LaTeX Info: Redefining \pageref on input line 6504.
 ("C:\Users\hakan\AppData\Local\Programs\MiKTeX 2.9\tex/generic/atbegshi\atbegshi.sty"
Package: atbegshi 2019/12/05 v1.19 At begin shipout hook (HO)
)
\Hy@abspage=\count272
\c@Item=\count273
\c@Hfootnote=\count274
)
Package hyperref Info: Driver (autodetected): hpdftex.
 ("C:\Users\hakan\AppData\Local\Programs\MiKTeX 2.9\tex/latex/hyperref\hpdftex.def"
File: hpdftex.def 2020/01/14 v7.00d Hyperref driver for pdfTeX
 ("C:\Users\hakan\AppData\Local\Programs\MiKTeX 2.9\tex/latex/atveryend\atveryend.sty"
Package: atveryend 2019-12-11 v1.11 Hooks at the very end of document (HO)
Package atveryend Info: \enddocument detected (standard20110627).
)
\Fld@listcount=\count275
\c@bookmark@seq@number=\count276
 ("C:\Users\hakan\AppData\Local\Programs\MiKTeX 2.9\tex/latex/rerunfilecheck\rerunfilecheck.sty"
Package: rerunfilecheck 2019/12/05 v1.9 Rerun checks for auxiliary files (HO)
 ("C:\Users\hakan\AppData\Local\Programs\MiKTeX 2.9\tex/generic/uniquecounter\uniquecounter.sty"
Package: uniquecounter 2019/12/15 v1.4 Provide unlimited unique counter (HO)
)
Package uniquecounter Info: New unique counter `rerunfilecheck' on input line 286.
)
\Hy@SectionHShift=\skip57
) ("C:\Users\hakan\AppData\Local\Programs\MiKTeX 2.9\tex/latex/amsmath\amsmath.sty"
Package: amsmath 2020/01/20 v2.17e AMS math features
\@mathmargin=\skip58

For additional information on amsmath, use the `?' option.
("C:\Users\hakan\AppData\Local\Programs\MiKTeX 2.9\tex/latex/amsmath\amsbsy.sty"
Package: amsbsy 1999/11/29 v1.2d Bold Symbols
\pmbraise@=\dimen156
) ("C:\Users\hakan\AppData\Local\Programs\MiKTeX 2.9\tex/latex/amsmath\amsopn.sty"
Package: amsopn 2016/03/08 v2.02 operator names
)
\inf@bad=\count277
LaTeX Info: Redefining \frac on input line 227.
\uproot@=\count278
\leftroot@=\count279
LaTeX Info: Redefining \overline on input line 389.
\classnum@=\count280
\DOTSCASE@=\count281
LaTeX Info: Redefining \ldots on input line 486.
LaTeX Info: Redefining \dots on input line 489.
LaTeX Info: Redefining \cdots on input line 610.
\Mathstrutbox@=\box58
\strutbox@=\box59
\big@size=\dimen157
LaTeX Font Info:    Redeclaring font encoding OML on input line 733.
LaTeX Font Info:    Redeclaring font encoding OMS on input line 734.
\macc@depth=\count282
\c@MaxMatrixCols=\count283
\dotsspace@=\muskip17
\c@parentequation=\count284
\dspbrk@lvl=\count285
\tag@help=\toks22
\row@=\count286
\column@=\count287
\maxfields@=\count288
\andhelp@=\toks23
\eqnshift@=\dimen158
\alignsep@=\dimen159
\tagshift@=\dimen160
\tagwidth@=\dimen161
\totwidth@=\dimen162
\lineht@=\dimen163
\@envbody=\toks24
\multlinegap=\skip59
\multlinetaggap=\skip60
\mathdisplay@stack=\toks25
LaTeX Info: Redefining \[ on input line 2859.
LaTeX Info: Redefining \] on input line 2860.
) ("C:\Users\hakan\AppData\Local\Programs\MiKTeX 2.9\tex/latex/tools\bm.sty"
Package: bm 2019/07/24 v1.2d Bold Symbol Support (DPC/FMi)
\symboldoperators=\mathgroup4
\symboldletters=\mathgroup5
\symboldsymbols=\mathgroup6
LaTeX Font Info:    Redeclaring math alphabet \mathbf on input line 141.
LaTeX Info: Redefining \bm on input line 209.
) ("C:\Users\hakan\AppData\Local\Programs\MiKTeX 2.9\tex/latex/pstool\pstool.sty"
Package: pstool 2018/01/20 v1.5e Wrapper for processing PostScript/psfrag figures
 ("C:\Users\hakan\AppData\Local\Programs\MiKTeX 2.9\tex/generic/catchfile\catchfile.sty"
Package: catchfile 2019/12/09 v1.8 Catch the contents of a file (HO)
) ("C:\Users\hakan\AppData\Local\Programs\MiKTeX 2.9\tex/generic/iftex\ifpdf.sty"
Package: ifpdf 2019/10/25 v3.4 ifpdf legacy package. Use iftex instead.
) ("C:\Users\hakan\AppData\Local\Programs\MiKTeX 2.9\tex/latex/ifplatform\ifplatform.sty"
Package: ifplatform 2017/10/13 v0.4a Testing for the operating system
 ("C:\Users\hakan\AppData\Local\Programs\MiKTeX 2.9\tex/generic/iftex\ifluatex.sty"
Package: ifluatex 2019/10/25 v1.5 ifluatex legacy package. Use iftex instead.
)

Package ifplatform Warning: 
    shell escape is disabled, so I can only detect \ifwindows.

) ("C:\Users\hakan\AppData\Local\Programs\MiKTeX 2.9\tex/latex/filemod\filemod.sty"
Package: filemod 2011/09/19 v1.2 Get and compare file modification times
 ("C:\Users\hakan\AppData\Local\Programs\MiKTeX 2.9\tex/latex/filemod\filemod-expmin.sty"
Package: filemod-expmin 2011/09/19 v1.2 Get and compare file modification times (expandable; minimal)
)) ("C:\Users\hakan\AppData\Local\Programs\MiKTeX 2.9\tex/latex/psfrag\psfrag.sty"
Package: psfrag 1998/04/11 v3.04 PSfrag (MCG)
\pfg@pcount=\count289
\pfg@scount=\count290
\pfg@temp=\write4
) ("C:\Users\hakan\AppData\Local\Programs\MiKTeX 2.9\tex/latex/bigfoot\suffix.sty"
Package: suffix 2006/07/15 1.5a Variant command support
) ("C:\Users\hakan\AppData\Local\Programs\MiKTeX 2.9\tex/latex/xkeyval\xkeyval.sty"
Package: xkeyval 2014/12/03 v2.7a package option processing (HA)
 ("C:\Users\hakan\AppData\Local\Programs\MiKTeX 2.9\tex/generic/xkeyval\xkeyval.tex" ("C:\Users\hakan\AppData\Local\Programs\MiKTeX 2.9\tex/generic/xkeyval\xkvutils.tex"
\XKV@toks=\toks26
\XKV@tempa@toks=\toks27
)
\XKV@depth=\count291
File: xkeyval.tex 2014/12/03 v2.7a key=value parser (HA)
))
\pstool@out=\write5
\pstool@mainfile@ior=\read2
\pstool@auxfile@ior=\read3


Package pstool Warning: 
  Package option [process=none] activated
  because -shell-escape is not enabled.
This warning occurred on input line 163.

runsystem(cd ""& copy "main.aux" "main.oldaux" )...disabled (restricted).

) ("C:\Users\hakan\AppData\Local\Programs\MiKTeX 2.9\tex/latex/listings\listings.sty"
\lst@mode=\count292
\lst@gtempboxa=\box60
\lst@token=\toks28
\lst@length=\count293
\lst@currlwidth=\dimen164
\lst@column=\count294
\lst@pos=\count295
\lst@lostspace=\dimen165
\lst@width=\dimen166
\lst@newlines=\count296
\lst@lineno=\count297
\lst@maxwidth=\dimen167
 ("C:\Users\hakan\AppData\Local\Programs\MiKTeX 2.9\tex/latex/listings\lstmisc.sty"
File: lstmisc.sty 2020/03/24 1.8d (Carsten Heinz)
\c@lstnumber=\count298
\lst@skipnumbers=\count299
\lst@framebox=\box61
) ("C:\Users\hakan\AppData\Local\Programs\MiKTeX 2.9\tex/latex/listings\listings.cfg"
File: listings.cfg 2020/03/24 1.8d listings configuration
))
Package: listings 2020/03/24 1.8d (Carsten Heinz)
 ("C:\Users\hakan\AppData\Local\Programs\MiKTeX 2.9\tex/latex/epstopdf-pkg\epstopdf.sty"
Package: epstopdf 2020-01-24 v2.11 Conversion with epstopdf on the fly (HO)
 ("C:\Users\hakan\AppData\Local\Programs\MiKTeX 2.9\tex/latex/grfext\grfext.sty"
Package: grfext 2019/12/03 v1.3 Manage graphics extensions (HO)
) ("C:\Users\hakan\AppData\Local\Programs\MiKTeX 2.9\tex/latex/epstopdf-pkg\epstopdf-base.sty"
Package: epstopdf-base 2020-01-24 v2.11 Base part for package epstopdf
Package epstopdf-base Info: Redefining graphics rule for `.eps' on input line 485.
Package grfext Info: Graphics extension search list:
(grfext)             [.pdf,.png,.jpg,.mps,.jpeg,.jbig2,.jb2,.PDF,.PNG,.JPG,.JPEG,.JBIG2,.JB2,.eps]
(grfext)             \AppendGraphicsExtensions on input line 504.
)) ("C:\Users\hakan\AppData\Local\Programs\MiKTeX 2.9\tex/latex/pgf/frontendlayer\tikz.sty" ("C:\Users\hakan\AppData\Local\Programs\MiKTeX 2.9\tex/latex/pgf/basiclayer\pgf.sty" ("C:\Users\hakan\AppData\Local\Programs\MiKTeX 2.9\tex/latex/pgf/utilities\pgfrcs.sty" ("C:\Users\hakan\AppData\Local\Programs\MiKTeX 2.9\tex/generic/pgf/utilities\pgfutil-common.tex"
\pgfutil@everybye=\toks29
\pgfutil@tempdima=\dimen168
\pgfutil@tempdimb=\dimen169
 ("C:\Users\hakan\AppData\Local\Programs\MiKTeX 2.9\tex/generic/pgf/utilities\pgfutil-common-lists.tex")) ("C:\Users\hakan\AppData\Local\Programs\MiKTeX 2.9\tex/generic/pgf/utilities\pgfutil-latex.def"
\pgfutil@abb=\box62
 ("C:\Users\hakan\AppData\Local\Programs\MiKTeX 2.9\tex/latex/ms\everyshi.sty"
Package: everyshi 2001/05/15 v3.00 EveryShipout Package (MS)
)) ("C:\Users\hakan\AppData\Local\Programs\MiKTeX 2.9\tex/generic/pgf/utilities\pgfrcs.code.tex" ("C:\Users\hakan\AppData\Local\Programs\MiKTeX 2.9\tex/generic/pgf\pgf.revision.tex")
Package: pgfrcs 2020/01/08 v3.1.5b (3.1.5b)
))
Package: pgf 2020/01/08 v3.1.5b (3.1.5b)
 ("C:\Users\hakan\AppData\Local\Programs\MiKTeX 2.9\tex/latex/pgf/basiclayer\pgfcore.sty" ("C:\Users\hakan\AppData\Local\Programs\MiKTeX 2.9\tex/latex/pgf/systemlayer\pgfsys.sty" ("C:\Users\hakan\AppData\Local\Programs\MiKTeX 2.9\tex/generic/pgf/systemlayer\pgfsys.code.tex"
Package: pgfsys 2020/01/08 v3.1.5b (3.1.5b)
 ("C:\Users\hakan\AppData\Local\Programs\MiKTeX 2.9\tex/generic/pgf/utilities\pgfkeys.code.tex"
\pgfkeys@pathtoks=\toks30
\pgfkeys@temptoks=\toks31
 ("C:\Users\hakan\AppData\Local\Programs\MiKTeX 2.9\tex/generic/pgf/utilities\pgfkeysfiltered.code.tex"
\pgfkeys@tmptoks=\toks32
))
\pgf@x=\dimen170
\pgf@y=\dimen171
\pgf@xa=\dimen172
\pgf@ya=\dimen173
\pgf@xb=\dimen174
\pgf@yb=\dimen175
\pgf@xc=\dimen176
\pgf@yc=\dimen177
\pgf@xd=\dimen178
\pgf@yd=\dimen179
\w@pgf@writea=\write6
\r@pgf@reada=\read4
\c@pgf@counta=\count300
\c@pgf@countb=\count301
\c@pgf@countc=\count302
\c@pgf@countd=\count303
\t@pgf@toka=\toks33
\t@pgf@tokb=\toks34
\t@pgf@tokc=\toks35
\pgf@sys@id@count=\count304
 ("C:\Users\hakan\AppData\Local\Programs\MiKTeX 2.9\tex/generic/pgf/systemlayer\pgf.cfg"
File: pgf.cfg 2020/01/08 v3.1.5b (3.1.5b)
)
Driver file for pgf: pgfsys-pdftex.def
 ("C:\Users\hakan\AppData\Local\Programs\MiKTeX 2.9\tex/generic/pgf/systemlayer\pgfsys-pdftex.def"
File: pgfsys-pdftex.def 2020/01/08 v3.1.5b (3.1.5b)
 ("C:\Users\hakan\AppData\Local\Programs\MiKTeX 2.9\tex/generic/pgf/systemlayer\pgfsys-common-pdf.def"
File: pgfsys-common-pdf.def 2020/01/08 v3.1.5b (3.1.5b)
))) ("C:\Users\hakan\AppData\Local\Programs\MiKTeX 2.9\tex/generic/pgf/systemlayer\pgfsyssoftpath.code.tex"
File: pgfsyssoftpath.code.tex 2020/01/08 v3.1.5b (3.1.5b)
\pgfsyssoftpath@smallbuffer@items=\count305
\pgfsyssoftpath@bigbuffer@items=\count306
) ("C:\Users\hakan\AppData\Local\Programs\MiKTeX 2.9\tex/generic/pgf/systemlayer\pgfsysprotocol.code.tex"
File: pgfsysprotocol.code.tex 2020/01/08 v3.1.5b (3.1.5b)
)) ("C:\Users\hakan\AppData\Local\Programs\MiKTeX 2.9\tex/generic/pgf/basiclayer\pgfcore.code.tex"
Package: pgfcore 2020/01/08 v3.1.5b (3.1.5b)
 ("C:\Users\hakan\AppData\Local\Programs\MiKTeX 2.9\tex/generic/pgf/math\pgfmath.code.tex" ("C:\Users\hakan\AppData\Local\Programs\MiKTeX 2.9\tex/generic/pgf/math\pgfmathcalc.code.tex" ("C:\Users\hakan\AppData\Local\Programs\MiKTeX 2.9\tex/generic/pgf/math\pgfmathutil.code.tex") ("C:\Users\hakan\AppData\Local\Programs\MiKTeX 2.9\tex/generic/pgf/math\pgfmathparser.code.tex"
\pgfmath@dimen=\dimen180
\pgfmath@count=\count307
\pgfmath@box=\box63
\pgfmath@toks=\toks36
\pgfmath@stack@operand=\toks37
\pgfmath@stack@operation=\toks38
) ("C:\Users\hakan\AppData\Local\Programs\MiKTeX 2.9\tex/generic/pgf/math\pgfmathfunctions.code.tex" ("C:\Users\hakan\AppData\Local\Programs\MiKTeX 2.9\tex/generic/pgf/math\pgfmathfunctions.basic.code.tex") ("C:\Users\hakan\AppData\Local\Programs\MiKTeX 2.9\tex/generic/pgf/math\pgfmathfunctions.trigonometric.code.tex") ("C:\Users\hakan\AppData\Local\Programs\MiKTeX 2.9\tex/generic/pgf/math\pgfmathfunctions.random.code.tex") ("C:\Users\hakan\AppData\Local\Programs\MiKTeX 2.9\tex/generic/pgf/math\pgfmathfunctions.comparison.code.tex") ("C:\Users\hakan\AppData\Local\Programs\MiKTeX 2.9\tex/generic/pgf/math\pgfmathfunctions.base.code.tex") ("C:\Users\hakan\AppData\Local\Programs\MiKTeX 2.9\tex/generic/pgf/math\pgfmathfunctions.round.code.tex") ("C:\Users\hakan\AppData\Local\Programs\MiKTeX 2.9\tex/generic/pgf/math\pgfmathfunctions.misc.code.tex") ("C:\Users\hakan\AppData\Local\Programs\MiKTeX 2.9\tex/generic/pgf/math\pgfmathfunctions.integerarithmetics.code.tex"))) ("C:\Users\hakan\AppData\Local\Programs\MiKTeX 2.9\tex/generic/pgf/math\pgfmathfloat.code.tex"
\c@pgfmathroundto@lastzeros=\count308
)) ("C:\Users\hakan\AppData\Local\Programs\MiKTeX 2.9\tex/generic/pgf/math\pgfint.code.tex") ("C:\Users\hakan\AppData\Local\Programs\MiKTeX 2.9\tex/generic/pgf/basiclayer\pgfcorepoints.code.tex"
File: pgfcorepoints.code.tex 2020/01/08 v3.1.5b (3.1.5b)
\pgf@picminx=\dimen181
\pgf@picmaxx=\dimen182
\pgf@picminy=\dimen183
\pgf@picmaxy=\dimen184
\pgf@pathminx=\dimen185
\pgf@pathmaxx=\dimen186
\pgf@pathminy=\dimen187
\pgf@pathmaxy=\dimen188
\pgf@xx=\dimen189
\pgf@xy=\dimen190
\pgf@yx=\dimen191
\pgf@yy=\dimen192
\pgf@zx=\dimen193
\pgf@zy=\dimen194
) ("C:\Users\hakan\AppData\Local\Programs\MiKTeX 2.9\tex/generic/pgf/basiclayer\pgfcorepathconstruct.code.tex"
File: pgfcorepathconstruct.code.tex 2020/01/08 v3.1.5b (3.1.5b)
\pgf@path@lastx=\dimen195
\pgf@path@lasty=\dimen196
) ("C:\Users\hakan\AppData\Local\Programs\MiKTeX 2.9\tex/generic/pgf/basiclayer\pgfcorepathusage.code.tex"
File: pgfcorepathusage.code.tex 2020/01/08 v3.1.5b (3.1.5b)
\pgf@shorten@end@additional=\dimen197
\pgf@shorten@start@additional=\dimen198
) ("C:\Users\hakan\AppData\Local\Programs\MiKTeX 2.9\tex/generic/pgf/basiclayer\pgfcorescopes.code.tex"
File: pgfcorescopes.code.tex 2020/01/08 v3.1.5b (3.1.5b)
\pgfpic=\box64
\pgf@hbox=\box65
\pgf@layerbox@main=\box66
\pgf@picture@serial@count=\count309
) ("C:\Users\hakan\AppData\Local\Programs\MiKTeX 2.9\tex/generic/pgf/basiclayer\pgfcoregraphicstate.code.tex"
File: pgfcoregraphicstate.code.tex 2020/01/08 v3.1.5b (3.1.5b)
\pgflinewidth=\dimen199
) ("C:\Users\hakan\AppData\Local\Programs\MiKTeX 2.9\tex/generic/pgf/basiclayer\pgfcoretransformations.code.tex"
File: pgfcoretransformations.code.tex 2020/01/08 v3.1.5b (3.1.5b)
\pgf@pt@x=\dimen256
\pgf@pt@y=\dimen257
\pgf@pt@temp=\dimen258
) ("C:\Users\hakan\AppData\Local\Programs\MiKTeX 2.9\tex/generic/pgf/basiclayer\pgfcorequick.code.tex"
File: pgfcorequick.code.tex 2020/01/08 v3.1.5b (3.1.5b)
) ("C:\Users\hakan\AppData\Local\Programs\MiKTeX 2.9\tex/generic/pgf/basiclayer\pgfcoreobjects.code.tex"
File: pgfcoreobjects.code.tex 2020/01/08 v3.1.5b (3.1.5b)
) ("C:\Users\hakan\AppData\Local\Programs\MiKTeX 2.9\tex/generic/pgf/basiclayer\pgfcorepathprocessing.code.tex"
File: pgfcorepathprocessing.code.tex 2020/01/08 v3.1.5b (3.1.5b)
) ("C:\Users\hakan\AppData\Local\Programs\MiKTeX 2.9\tex/generic/pgf/basiclayer\pgfcorearrows.code.tex"
File: pgfcorearrows.code.tex 2020/01/08 v3.1.5b (3.1.5b)
\pgfarrowsep=\dimen259
) ("C:\Users\hakan\AppData\Local\Programs\MiKTeX 2.9\tex/generic/pgf/basiclayer\pgfcoreshade.code.tex"
File: pgfcoreshade.code.tex 2020/01/08 v3.1.5b (3.1.5b)
\pgf@max=\dimen260
\pgf@sys@shading@range@num=\count310
\pgf@shadingcount=\count311
) ("C:\Users\hakan\AppData\Local\Programs\MiKTeX 2.9\tex/generic/pgf/basiclayer\pgfcoreimage.code.tex"
File: pgfcoreimage.code.tex 2020/01/08 v3.1.5b (3.1.5b)
 ("C:\Users\hakan\AppData\Local\Programs\MiKTeX 2.9\tex/generic/pgf/basiclayer\pgfcoreexternal.code.tex"
File: pgfcoreexternal.code.tex 2020/01/08 v3.1.5b (3.1.5b)
\pgfexternal@startupbox=\box67
)) ("C:\Users\hakan\AppData\Local\Programs\MiKTeX 2.9\tex/generic/pgf/basiclayer\pgfcorelayers.code.tex"
File: pgfcorelayers.code.tex 2020/01/08 v3.1.5b (3.1.5b)
) ("C:\Users\hakan\AppData\Local\Programs\MiKTeX 2.9\tex/generic/pgf/basiclayer\pgfcoretransparency.code.tex"
File: pgfcoretransparency.code.tex 2020/01/08 v3.1.5b (3.1.5b)
) ("C:\Users\hakan\AppData\Local\Programs\MiKTeX 2.9\tex/generic/pgf/basiclayer\pgfcorepatterns.code.tex"
File: pgfcorepatterns.code.tex 2020/01/08 v3.1.5b (3.1.5b)
) ("C:\Users\hakan\AppData\Local\Programs\MiKTeX 2.9\tex/generic/pgf/basiclayer\pgfcorerdf.code.tex"
File: pgfcorerdf.code.tex 2020/01/08 v3.1.5b (3.1.5b)
))) ("C:\Users\hakan\AppData\Local\Programs\MiKTeX 2.9\tex/generic/pgf/modules\pgfmoduleshapes.code.tex"
File: pgfmoduleshapes.code.tex 2020/01/08 v3.1.5b (3.1.5b)
\pgfnodeparttextbox=\box68
) ("C:\Users\hakan\AppData\Local\Programs\MiKTeX 2.9\tex/generic/pgf/modules\pgfmoduleplot.code.tex"
File: pgfmoduleplot.code.tex 2020/01/08 v3.1.5b (3.1.5b)
) ("C:\Users\hakan\AppData\Local\Programs\MiKTeX 2.9\tex/latex/pgf/compatibility\pgfcomp-version-0-65.sty"
Package: pgfcomp-version-0-65 2020/01/08 v3.1.5b (3.1.5b)
\pgf@nodesepstart=\dimen261
\pgf@nodesepend=\dimen262
) ("C:\Users\hakan\AppData\Local\Programs\MiKTeX 2.9\tex/latex/pgf/compatibility\pgfcomp-version-1-18.sty"
Package: pgfcomp-version-1-18 2020/01/08 v3.1.5b (3.1.5b)
)) ("C:\Users\hakan\AppData\Local\Programs\MiKTeX 2.9\tex/latex/pgf/utilities\pgffor.sty" ("C:\Users\hakan\AppData\Local\Programs\MiKTeX 2.9\tex/latex/pgf/utilities\pgfkeys.sty" ("C:\Users\hakan\AppData\Local\Programs\MiKTeX 2.9\tex/generic/pgf/utilities\pgfkeys.code.tex")) ("C:\Users\hakan\AppData\Local\Programs\MiKTeX 2.9\tex/latex/pgf/math\pgfmath.sty" ("C:\Users\hakan\AppData\Local\Programs\MiKTeX 2.9\tex/generic/pgf/math\pgfmath.code.tex")) ("C:\Users\hakan\AppData\Local\Programs\MiKTeX 2.9\tex/generic/pgf/utilities\pgffor.code.tex"
Package: pgffor 2020/01/08 v3.1.5b (3.1.5b)
 ("C:\Users\hakan\AppData\Local\Programs\MiKTeX 2.9\tex/generic/pgf/math\pgfmath.code.tex")
\pgffor@iter=\dimen263
\pgffor@skip=\dimen264
\pgffor@stack=\toks39
\pgffor@toks=\toks40
)) ("C:\Users\hakan\AppData\Local\Programs\MiKTeX 2.9\tex/generic/pgf/frontendlayer/tikz\tikz.code.tex"
Package: tikz 2020/01/08 v3.1.5b (3.1.5b)
 ("C:\Users\hakan\AppData\Local\Programs\MiKTeX 2.9\tex/generic/pgf/libraries\pgflibraryplothandlers.code.tex"
File: pgflibraryplothandlers.code.tex 2020/01/08 v3.1.5b (3.1.5b)
\pgf@plot@mark@count=\count312
\pgfplotmarksize=\dimen265
)
\tikz@lastx=\dimen266
\tikz@lasty=\dimen267
\tikz@lastxsaved=\dimen268
\tikz@lastysaved=\dimen269
\tikz@lastmovetox=\dimen270
\tikz@lastmovetoy=\dimen271
\tikzleveldistance=\dimen272
\tikzsiblingdistance=\dimen273
\tikz@figbox=\box69
\tikz@figbox@bg=\box70
\tikz@tempbox=\box71
\tikz@tempbox@bg=\box72
\tikztreelevel=\count313
\tikznumberofchildren=\count314
\tikznumberofcurrentchild=\count315
\tikz@fig@count=\count316
 ("C:\Users\hakan\AppData\Local\Programs\MiKTeX 2.9\tex/generic/pgf/modules\pgfmodulematrix.code.tex"
File: pgfmodulematrix.code.tex 2020/01/08 v3.1.5b (3.1.5b)
\pgfmatrixcurrentrow=\count317
\pgfmatrixcurrentcolumn=\count318
\pgf@matrix@numberofcolumns=\count319
)
\tikz@expandcount=\count320
 ("C:\Users\hakan\AppData\Local\Programs\MiKTeX 2.9\tex/generic/pgf/frontendlayer/tikz/libraries\tikzlibrarytopaths.code.tex"
File: tikzlibrarytopaths.code.tex 2020/01/08 v3.1.5b (3.1.5b)
))) ("C:\Users\hakan\AppData\Local\Programs\MiKTeX 2.9\tex/latex/pgfplots\pgfplots.sty" ("C:\Users\hakan\AppData\Local\Programs\MiKTeX 2.9\tex/generic/pgfplots\pgfplots.revision.tex")
Package: pgfplots 2020/02/29 v1.17 Data Visualization (1.17)
 ("C:\Users\hakan\AppData\Local\Programs\MiKTeX 2.9\tex/generic/pgfplots\pgfplots.code.tex" ("C:\Users\hakan\AppData\Local\Programs\MiKTeX 2.9\tex/generic/pgfplots\pgfplotscore.code.tex"
\t@pgfplots@toka=\toks41
\t@pgfplots@tokb=\toks42
\t@pgfplots@tokc=\toks43
\pgfplots@tmpa=\dimen274
\c@pgfplots@coordindex=\count321
\c@pgfplots@scanlineindex=\count322
 ("C:\Users\hakan\AppData\Local\Programs\MiKTeX 2.9\tex/generic/pgfplots/sys\pgfplotssysgeneric.code.tex")) ("C:\Users\hakan\AppData\Local\Programs\MiKTeX 2.9\tex/generic/pgfplots/libs\pgfplotslibrary.code.tex") ("C:\Users\hakan\AppData\Local\Programs\MiKTeX 2.9\tex/generic/pgfplots/oldpgfcompatib\pgfplotsoldpgfsupp_loader.code.tex" ("C:\Users\hakan\AppData\Local\Programs\MiKTeX 2.9\tex/generic/pgf/libraries\pgflibraryfpu.code.tex")) ("C:\Users\hakan\AppData\Local\Programs\MiKTeX 2.9\tex/generic/pgfplots/util\pgfplotsutil.code.tex" ("C:\Users\hakan\AppData\Local\Programs\MiKTeX 2.9\tex/generic/pgfplots/liststructure\pgfplotsliststructure.code.tex") ("C:\Users\hakan\AppData\Local\Programs\MiKTeX 2.9\tex/generic/pgfplots/liststructure\pgfplotsliststructureext.code.tex") ("C:\Users\hakan\AppData\Local\Programs\MiKTeX 2.9\tex/generic/pgfplots/liststructure\pgfplotsarray.code.tex"
\c@pgfplotsarray@tmp=\count323
) ("C:\Users\hakan\AppData\Local\Programs\MiKTeX 2.9\tex/generic/pgfplots/liststructure\pgfplotsmatrix.code.tex") ("C:\Users\hakan\AppData\Local\Programs\MiKTeX 2.9\tex/generic/pgfplots/numtable\pgfplotstableshared.code.tex"
\c@pgfplotstable@counta=\count324
\t@pgfplotstable@a=\toks44
) ("C:\Users\hakan\AppData\Local\Programs\MiKTeX 2.9\tex/generic/pgfplots/liststructure\pgfplotsdeque.code.tex") ("C:\Users\hakan\AppData\Local\Programs\MiKTeX 2.9\tex/generic/pgfplots/util\pgfplotsbinary.code.tex" ("C:\Users\hakan\AppData\Local\Programs\MiKTeX 2.9\tex/generic/pgfplots/util\pgfplotsbinary.data.code.tex")) ("C:\Users\hakan\AppData\Local\Programs\MiKTeX 2.9\tex/generic/pgfplots/util\pgfplotsutil.verb.code.tex") ("C:\Users\hakan\AppData\Local\Programs\MiKTeX 2.9\tex/generic/pgfplots/libs\pgflibrarypgfplots.surfshading.code.tex"
\c@pgfplotslibrarysurf@no=\count325
 ("C:\Users\hakan\AppData\Local\Programs\MiKTeX 2.9\tex/generic/pgfplots/sys\pgflibrarypgfplots.surfshading.pgfsys-pdftex.def"))) ("C:\Users\hakan\AppData\Local\Programs\MiKTeX 2.9\tex/generic/pgfplots/util\pgfplotscolormap.code.tex" ("C:\Users\hakan\AppData\Local\Programs\MiKTeX 2.9\tex/generic/pgfplots/util\pgfplotscolor.code.tex")) ("C:\Users\hakan\AppData\Local\Programs\MiKTeX 2.9\tex/generic/pgfplots\pgfplotsstackedplots.code.tex") ("C:\Users\hakan\AppData\Local\Programs\MiKTeX 2.9\tex/generic/pgfplots\pgfplotsplothandlers.code.tex" ("C:\Users\hakan\AppData\Local\Programs\MiKTeX 2.9\tex/generic/pgfplots\pgfplotsmeshplothandler.code.tex"
("C:\Users\hakan\AppData\Local\Programs\MiKTeX 2.9\tex/generic/pgfplots\pgfplotsmeshplotimage.code.tex"))) ("C:\Users\hakan\AppData\Local\Programs\MiKTeX 2.9\tex/generic/pgfplots\pgfplots.scaling.code.tex") ("C:\Users\hakan\AppData\Local\Programs\MiKTeX 2.9\tex/generic/pgfplots\pgfplotscoordprocessing.code.tex") ("C:\Users\hakan\AppData\Local\Programs\MiKTeX 2.9\tex/generic/pgfplots\pgfplots.errorbars.code.tex") ("C:\Users\hakan\AppData\Local\Programs\MiKTeX 2.9\tex/generic/pgfplots\pgfplots.markers.code.tex") ("C:\Users\hakan\AppData\Local\Programs\MiKTeX 2.9\tex/generic/pgfplots\pgfplotsticks.code.tex") ("C:\Users\hakan\AppData\Local\Programs\MiKTeX 2.9\tex/generic/pgfplots\pgfplots.paths.code.tex") ("C:\Users\hakan\AppData\Local\Programs\MiKTeX 2.9\tex/generic/pgf/frontendlayer/tikz/libraries\tikzlibrarydecorations.code.tex" ("C:\Users\hakan\AppData\Local\Programs\MiKTeX 2.9\tex/generic/pgf/modules\pgfmoduledecorations.code.tex"
\pgfdecoratedcompleteddistance=\dimen275
\pgfdecoratedremainingdistance=\dimen276
\pgfdecoratedinputsegmentcompleteddistance=\dimen277
\pgfdecoratedinputsegmentremainingdistance=\dimen278
\pgf@decorate@distancetomove=\dimen279
\pgf@decorate@repeatstate=\count326
\pgfdecorationsegmentamplitude=\dimen280
\pgfdecorationsegmentlength=\dimen281
)
\tikz@lib@dec@box=\box73
) ("C:\Users\hakan\AppData\Local\Programs\MiKTeX 2.9\tex/generic/pgf/frontendlayer/tikz/libraries\tikzlibrarydecorations.pathmorphing.code.tex" ("C:\Users\hakan\AppData\Local\Programs\MiKTeX 2.9\tex/generic/pgf/libraries/decorations\pgflibrarydecorations.pathmorphing.code.tex")) ("C:\Users\hakan\AppData\Local\Programs\MiKTeX 2.9\tex/generic/pgf/frontendlayer/tikz/libraries\tikzlibrarydecorations.pathreplacing.code.tex" ("C:\Users\hakan\AppData\Local\Programs\MiKTeX 2.9\tex/generic/pgf/libraries/decorations\pgflibrarydecorations.pathreplacing.code.tex"))
\pgfplots@numplots=\count327
\pgfplots@xmin@reg=\dimen282
\pgfplots@xmax@reg=\dimen283
\pgfplots@ymin@reg=\dimen284
\pgfplots@ymax@reg=\dimen285
\pgfplots@zmin@reg=\dimen286
\pgfplots@zmax@reg=\dimen287
) ("C:\Users\hakan\AppData\Local\Programs\MiKTeX 2.9\tex/generic/pgf/frontendlayer/tikz/libraries\tikzlibraryplotmarks.code.tex"
File: tikzlibraryplotmarks.code.tex 2020/01/08 v3.1.5b (3.1.5b)
 ("C:\Users\hakan\AppData\Local\Programs\MiKTeX 2.9\tex/generic/pgf/libraries\pgflibraryplotmarks.code.tex"
File: pgflibraryplotmarks.code.tex 2020/01/08 v3.1.5b (3.1.5b)
))) ("C:\Users\hakan\AppData\Local\Programs\MiKTeX 2.9\tex/latex/pgfgantt\pgfgantt.sty"
Package: pgfgantt 2018/01/10 v5.0 Draw Gantt diagrams with TikZ
 ("C:\Users\hakan\AppData\Local\Programs\MiKTeX 2.9\tex/generic/pgf/frontendlayer/tikz/libraries\tikzlibraryarrows.code.tex"
File: tikzlibraryarrows.code.tex 2020/01/08 v3.1.5b (3.1.5b)
 ("C:\Users\hakan\AppData\Local\Programs\MiKTeX 2.9\tex/generic/pgf/libraries\pgflibraryarrows.code.tex"
File: pgflibraryarrows.code.tex 2020/01/08 v3.1.5b (3.1.5b)
\arrowsize=\dimen288
)) ("C:\Users\hakan\AppData\Local\Programs\MiKTeX 2.9\tex/generic/pgf/frontendlayer/tikz/libraries\tikzlibrarybackgrounds.code.tex"
File: tikzlibrarybackgrounds.code.tex 2020/01/08 v3.1.5b (3.1.5b)
\pgf@layerbox@background=\box74
\pgf@layerboxsaved@background=\box75
) ("C:\Users\hakan\AppData\Local\Programs\MiKTeX 2.9\tex/generic/pgf/frontendlayer/tikz/libraries\tikzlibrarycalc.code.tex"
File: tikzlibrarycalc.code.tex 2020/01/08 v3.1.5b (3.1.5b)
) ("C:\Users\hakan\AppData\Local\Programs\MiKTeX 2.9\tex/generic/pgf/frontendlayer/tikz/libraries\tikzlibrarypatterns.code.tex"
File: tikzlibrarypatterns.code.tex 2020/01/08 v3.1.5b (3.1.5b)
 ("C:\Users\hakan\AppData\Local\Programs\MiKTeX 2.9\tex/generic/pgf/libraries\pgflibrarypatterns.code.tex"
File: pgflibrarypatterns.code.tex 2020/01/08 v3.1.5b (3.1.5b)
)) ("C:\Users\hakan\AppData\Local\Programs\MiKTeX 2.9\tex/generic/pgf/frontendlayer/tikz/libraries\tikzlibrarypositioning.code.tex"
File: tikzlibrarypositioning.code.tex 2020/01/08 v3.1.5b (3.1.5b)
) ("C:\Users\hakan\AppData\Local\Programs\MiKTeX 2.9\tex/generic/pgf/frontendlayer/tikz/libraries\tikzlibraryshapes.geometric.code.tex"
File: tikzlibraryshapes.geometric.code.tex 2020/01/08 v3.1.5b (3.1.5b)
 ("C:\Users\hakan\AppData\Local\Programs\MiKTeX 2.9\tex/generic/pgf/libraries/shapes\pgflibraryshapes.geometric.code.tex"
File: pgflibraryshapes.geometric.code.tex 2020/01/08 v3.1.5b (3.1.5b)
)) ("C:\Users\hakan\AppData\Local\Programs\MiKTeX 2.9\tex/latex/pgf/utilities\pgfcalendar.sty" ("C:\Users\hakan\AppData\Local\Programs\MiKTeX 2.9\tex/generic/pgf/utilities\pgfcalendar.code.tex"
File: pgfcalendar.code.tex 2020/01/08 v3.1.5b (3.1.5b)
 ("C:\Users\hakan\AppData\Local\Programs\MiKTeX 2.9\tex/generic/pgf/math\pgfint.code.tex")
\pgfcalendarcurrentjulian=\count328
\pgf@cal@easter@Y=\count329
\pgf@cal@easter@G=\count330
\pgf@cal@easter@C=\count331
\pgf@cal@easter@X=\count332
\pgf@cal@easter@Z=\count333
\pgf@cal@easter@D=\count334
\pgf@cal@easter@E=\count335
\pgf@cal@easter@N=\count336
\pgf@cal@easter@M=\count337
\pgf@cal@easter@julianday=\count338
))
\gtt@currentline=\count339
\gtt@lasttitleline=\count340
\gtt@currgrid=\count341
\gtt@chartwidth=\count342
\gtt@lasttitleslot=\count343
\gtt@elementid=\count344
\gtt@today@slot=\count345
\gtt@startjulian=\count346
\gtt@endjulian=\count347
\gtt@chartid=\count348
\gtt@vrule@slot=\count349
\gtt@calendar@slots=\count350
\gtt@calendar@weeknumber=\count351
\gtt@calendar@startofweek=\count352
\gtt@left@slot=\count353
\gtt@right@slot=\count354
) ("C:\Users\hakan\AppData\Local\Programs\MiKTeX 2.9\tex/latex/pdflscape\pdflscape.sty"
Package: pdflscape 2019/12/05 v0.12 Display of landscape pages in PDF (HO)
 ("C:\Users\hakan\AppData\Local\Programs\MiKTeX 2.9\tex/latex/graphics\lscape.sty"
Package: lscape 2000/10/22 v3.01 Landscape Pages (DPC)
)
Package pdflscape Info: Auto-detected driver: pdftex on input line 81.
) ("C:\Users\hakan\AppData\Local\Programs\MiKTeX 2.9\tex/latex/listings\lstlang1.sty"
File: lstlang1.sty 2020/03/24 1.8d listings language file
) (c:/Users\hakan\Documents\GitHub\fault_tolerant_drives\Simulation\MPC\Report\main.aux)
\openout1 = `main.aux'.

LaTeX Font Info:    Checking defaults for OML/cmm/m/it on input line 58.
LaTeX Font Info:    ... okay on input line 58.
LaTeX Font Info:    Checking defaults for OMS/cmsy/m/n on input line 58.
LaTeX Font Info:    ... okay on input line 58.
LaTeX Font Info:    Checking defaults for OT1/cmr/m/n on input line 58.
LaTeX Font Info:    ... okay on input line 58.
LaTeX Font Info:    Checking defaults for T1/cmr/m/n on input line 58.
LaTeX Font Info:    ... okay on input line 58.
LaTeX Font Info:    Checking defaults for TS1/cmr/m/n on input line 58.
LaTeX Font Info:    ... okay on input line 58.
LaTeX Font Info:    Checking defaults for OMX/cmex/m/n on input line 58.
LaTeX Font Info:    ... okay on input line 58.
LaTeX Font Info:    Checking defaults for U/cmr/m/n on input line 58.
LaTeX Font Info:    ... okay on input line 58.
LaTeX Font Info:    Checking defaults for PD1/pdf/m/n on input line 58.
LaTeX Font Info:    ... okay on input line 58.
 ("C:\Users\hakan\AppData\Local\Programs\MiKTeX 2.9\tex/context/base/mkii\supp-pdf.mkii"
[Loading MPS to PDF converter (version 2006.09.02).]
\scratchcounter=\count355
\scratchdimen=\dimen289
\scratchbox=\box76
\nofMPsegments=\count356
\nofMParguments=\count357
\everyMPshowfont=\toks45
\MPscratchCnt=\count358
\MPscratchDim=\dimen290
\MPnumerator=\count359
\makeMPintoPDFobject=\count360
\everyMPtoPDFconversion=\toks46
) ("C:\Users\hakan\AppData\Local\Programs\MiKTeX 2.9\tex/latex/translator\translator-basic-dictionary-English.dict"
Dictionary: translator-basic-dictionary, Language: English 
) ("C:\Users\hakan\AppData\Local\Programs\MiKTeX 2.9\tex/latex/translator\translator-months-dictionary-English.dict"
Dictionary: translator-months-dictionary, Language: English 
) ("C:\Users\hakan\AppData\Local\Programs\MiKTeX 2.9\tex/latex/siunitx\siunitx-abbreviations.cfg"
File: siunitx-abbreviations.cfg 2017/11/26 v2.7k siunitx: Abbreviated units
)
\AtBeginShipoutBox=\box77
Package hyperref Info: Link coloring OFF on input line 58.
 ("C:\Users\hakan\AppData\Local\Programs\MiKTeX 2.9\tex/latex/hyperref\nameref.sty"
Package: nameref 2019/09/16 v2.46 Cross-referencing by name of section
 ("C:\Users\hakan\AppData\Local\Programs\MiKTeX 2.9\tex/latex/refcount\refcount.sty"
Package: refcount 2019/12/15 v3.6 Data extraction from label references (HO)
) ("C:\Users\hakan\AppData\Local\Programs\MiKTeX 2.9\tex/generic/gettitlestring\gettitlestring.sty"
Package: gettitlestring 2019/12/15 v1.6 Cleanup title references (HO)
)
\c@section@level=\count361
)
LaTeX Info: Redefining \ref on input line 58.
LaTeX Info: Redefining \pageref on input line 58.
LaTeX Info: Redefining \nameref on input line 58.
 (c:/Users\hakan\Documents\GitHub\fault_tolerant_drives\Simulation\MPC\Report\main.out) (c:/Users\hakan\Documents\GitHub\fault_tolerant_drives\Simulation\MPC\Report\main.out)
\@outlinefile=\write7
\openout7 = `main.out'.

\c@lstlisting=\count362
 ABD: EveryShipout initializing macros
Package pgfplots notification 'compat/show suggested version=true': document has been generated with the most recent feature set (\pgfplotsset{compat=1.17}).

<Figures/MPC_PMSM_block_diagram.PNG, id=75, 773.89125pt x 356.83313pt>
File: Figures/MPC_PMSM_block_diagram.PNG Graphic file (type png)
<use Figures/MPC_PMSM_block_diagram.PNG>
Package pdftex.def Info: Figures/MPC_PMSM_block_diagram.PNG  used on input line 75.
(pdftex.def)             Requested size: 386.94467pt x 178.41612pt.
<Figures/StateSpaceModel.PNG, id=78, 688.82344pt x 132.495pt>
File: Figures/StateSpaceModel.PNG Graphic file (type png)
<use Figures/StateSpaceModel.PNG>
Package pdftex.def Info: Figures/StateSpaceModel.PNG  used on input line 82.
(pdftex.def)             Requested size: 344.41087pt x 66.24733pt.
[1
Non-PDF special ignored!
<special> header=psfrag.pro

{C:/Users/hakan/AppData/Local/MiKTeX/2.9/pdftex/config/pdftex.map} <c:/Users/hakan/Documents/GitHub/fault_tolerant_drives/Simulation/MPC/Report/Figures/MPC_PMSM_block_diagram.PNG> <c:/Users/hakan/Documents/GitHub/fault_tolerant_drives/Simulation/MPC/Report/Figures/StateSpaceModel.PNG>]
<Figures/OneModuleSimulinkModel.PNG, id=96, 1319.68031pt x 676.02562pt>
File: Figures/OneModuleSimulinkModel.PNG Graphic file (type png)
<use Figures/OneModuleSimulinkModel.PNG>
Package pdftex.def Info: Figures/OneModuleSimulinkModel.PNG  used on input line 108.
(pdftex.def)             Requested size: 395.90715pt x 202.80925pt.
Package epstopdf Info: Source file: <Figures/OneModule/Tload_Wshaft.eps>
(epstopdf)                    date: 2020-05-24 19:11:56
(epstopdf)                    size: 113199 bytes
(epstopdf)             Output file: <Figures/OneModule/Tload_Wshaft-eps-converted-to.pdf>
(epstopdf)                    date: 2020-05-24 19:12:02
(epstopdf)                    size: 115609 bytes
(epstopdf)             Command: <epstopdf --outfile=Figures/OneModule/Tload_Wshaft-eps-converted-to.pdf Figures/OneModule/Tload_Wshaft.eps>
(epstopdf)             \includegraphics on input line 122.
Package epstopdf Info: Output file is already uptodate.


pdfTeX warning: pdflatex (file c:/Users/hakan/Documents/GitHub/fault_tolerant_drives/Simulation/MPC/Report/Figures/OneModule/Tload_Wshaft-eps-converted-to.pdf): PDF inclusion: found PDF version <1.7>, but at most version <1.5> allowed
<Figures/OneModule/Tload_Wshaft-eps-converted-to.pdf, id=103, 1399.2275pt x 754.82pt>
File: Figures/OneModule/Tload_Wshaft-eps-converted-to.pdf Graphic file (type pdf)
<use Figures/OneModule/Tload_Wshaft-eps-converted-to.pdf>
Package pdftex.def Info: Figures/OneModule/Tload_Wshaft-eps-converted-to.pdf  used on input line 122.
(pdftex.def)             Requested size: 419.77148pt x 226.44775pt.
Package epstopdf Info: Source file: <Figures/OneModule/Id_Iq.eps>
(epstopdf)                    date: 2020-05-24 19:14:08
(epstopdf)                    size: 130610 bytes
(epstopdf)             Output file: <Figures/OneModule/Id_Iq-eps-converted-to.pdf>
(epstopdf)                    date: 2020-05-24 19:14:15
(epstopdf)                    size: 113441 bytes
(epstopdf)             Command: <epstopdf --outfile=Figures/OneModule/Id_Iq-eps-converted-to.pdf Figures/OneModule/Id_Iq.eps>
(epstopdf)             \includegraphics on input line 128.
Package epstopdf Info: Output file is already uptodate.


pdfTeX warning: pdflatex (file c:/Users/hakan/Documents/GitHub/fault_tolerant_drives/Simulation/MPC/Report/Figures/OneModule/Id_Iq-eps-converted-to.pdf): PDF inclusion: found PDF version <1.7>, but at most version <1.5> allowed
<Figures/OneModule/Id_Iq-eps-converted-to.pdf, id=104, 1399.2275pt x 754.82pt>
File: Figures/OneModule/Id_Iq-eps-converted-to.pdf Graphic file (type pdf)
<use Figures/OneModule/Id_Iq-eps-converted-to.pdf>
Package pdftex.def Info: Figures/OneModule/Id_Iq-eps-converted-to.pdf  used on input line 128.
(pdftex.def)             Requested size: 419.77148pt x 226.44775pt.
[2 <c:/Users/hakan/Documents/GitHub/fault_tolerant_drives/Simulation/MPC/Report/Figures/OneModuleSimulinkModel.PNG>]
Package epstopdf Info: Source file: <Figures/OneModule/Ia_Ib_Ic.eps>
(epstopdf)                    date: 2020-05-24 19:14:27
(epstopdf)                    size: 279288 bytes
(epstopdf)             Output file: <Figures/OneModule/Ia_Ib_Ic-eps-converted-to.pdf>
(epstopdf)                    date: 2020-05-24 19:14:34
(epstopdf)                    size: 1287418 bytes
(epstopdf)             Command: <epstopdf --outfile=Figures/OneModule/Ia_Ib_Ic-eps-converted-to.pdf Figures/OneModule/Ia_Ib_Ic.eps>
(epstopdf)             \includegraphics on input line 134.
Package epstopdf Info: Output file is already uptodate.


pdfTeX warning: pdflatex (file c:/Users/hakan/Documents/GitHub/fault_tolerant_drives/Simulation/MPC/Report/Figures/OneModule/Ia_Ib_Ic-eps-converted-to.pdf): PDF inclusion: found PDF version <1.7>, but at most version <1.5> allowed
<Figures/OneModule/Ia_Ib_Ic-eps-converted-to.pdf, id=117, 1399.2275pt x 754.82pt>
File: Figures/OneModule/Ia_Ib_Ic-eps-converted-to.pdf Graphic file (type pdf)
<use Figures/OneModule/Ia_Ib_Ic-eps-converted-to.pdf>
Package pdftex.def Info: Figures/OneModule/Ia_Ib_Ic-eps-converted-to.pdf  used on input line 134.
(pdftex.def)             Requested size: 419.77148pt x 226.44775pt.
[3 <c:/Users/hakan/Documents/GitHub/fault_tolerant_drives/Simulation/MPC/Report/Figures/OneModule/Tload_Wshaft-eps-converted-to.pdf> <c:/Users/hakan/Documents/GitHub/fault_tolerant_drives/Simulation/MPC/Report/Figures/OneModule/Id_Iq-eps-converted-to.pdf>]
<Figures/Drive_System.png, id=135, 375.804pt x 471.9231pt>
File: Figures/Drive_System.png Graphic file (type png)
<use Figures/Drive_System.png>
Package pdftex.def Info: Figures/Drive_System.png  used on input line 147.
(pdftex.def)             Requested size: 225.48413pt x 283.15604pt.
 [4 <c:/Users/hakan/Documents/GitHub/fault_tolerant_drives/Simulation/MPC/Report/Figures/OneModule/Ia_Ib_Ic-eps-converted-to.pdf> <c:/Users/hakan/Documents/GitHub/fault_tolerant_drives/Simulation/MPC/Report/Figures/Drive_System.png>]
<Figures/TwoModuleSimulinkModel.PNG, id=149, 1158.57843pt x 435.12563pt>
File: Figures/TwoModuleSimulinkModel.PNG Graphic file (type png)
<use Figures/TwoModuleSimulinkModel.PNG>
Package pdftex.def Info: Figures/TwoModuleSimulinkModel.PNG  used on input line 158.
(pdftex.def)             Requested size: 463.42316pt x 174.04716pt.
Package epstopdf Info: Source file: <Figures/TwoModule/SeperateCost/Torques.eps>
(epstopdf)                    date: 2020-05-25 13:39:01
(epstopdf)                    size: 134562 bytes
(epstopdf)             Output file: <Figures/TwoModule/SeperateCost/Torques-eps-converted-to.pdf>
(epstopdf)                    date: 2020-05-25 14:12:04
(epstopdf)                    size: 137987 bytes
(epstopdf)             Command: <epstopdf --outfile=Figures/TwoModule/SeperateCost/Torques-eps-converted-to.pdf Figures/TwoModule/SeperateCost/Torques.eps>
(epstopdf)             \includegraphics on input line 183.
Package epstopdf Info: Output file is already uptodate.


pdfTeX warning: pdflatex (file c:/Users/hakan/Documents/GitHub/fault_tolerant_drives/Simulation/MPC/Report/Figures/TwoModule/SeperateCost/Torques-eps-converted-to.pdf): PDF inclusion: found PDF version <1.7>, but at most version <1.5> allowed
<Figures/TwoModule/SeperateCost/Torques-eps-converted-to.pdf, id=156, 1399.2275pt x 754.82pt>
File: Figures/TwoModule/SeperateCost/Torques-eps-converted-to.pdf Graphic file (type pdf)
<use Figures/TwoModule/SeperateCost/Torques-eps-converted-to.pdf>
Package pdftex.def Info: Figures/TwoModule/SeperateCost/Torques-eps-converted-to.pdf  used on input line 183.
(pdftex.def)             Requested size: 419.77148pt x 226.44775pt.
Package epstopdf Info: Source file: <Figures/TwoModule/SeperateCost/ShaftSpeed.eps>
(epstopdf)                    date: 2020-05-25 13:38:38
(epstopdf)                    size: 99473 bytes
(epstopdf)             Output file: <Figures/TwoModule/SeperateCost/ShaftSpeed-eps-converted-to.pdf>
(epstopdf)                    date: 2020-05-25 14:15:44
(epstopdf)                    size: 100081 bytes
(epstopdf)             Command: <epstopdf --outfile=Figures/TwoModule/SeperateCost/ShaftSpeed-eps-converted-to.pdf Figures/TwoModule/SeperateCost/ShaftSpeed.eps>
(epstopdf)             \includegraphics on input line 189.
Package epstopdf Info: Output file is already uptodate.


pdfTeX warning: pdflatex (file c:/Users/hakan/Documents/GitHub/fault_tolerant_drives/Simulation/MPC/Report/Figures/TwoModule/SeperateCost/ShaftSpeed-eps-converted-to.pdf): PDF inclusion: found PDF version <1.7>, but at most version <1.5> allowed
<Figures/TwoModule/SeperateCost/ShaftSpeed-eps-converted-to.pdf, id=157, 1399.2275pt x 754.82pt>
File: Figures/TwoModule/SeperateCost/ShaftSpeed-eps-converted-to.pdf Graphic file (type pdf)
<use Figures/TwoModule/SeperateCost/ShaftSpeed-eps-converted-to.pdf>
Package pdftex.def Info: Figures/TwoModule/SeperateCost/ShaftSpeed-eps-converted-to.pdf  used on input line 189.
(pdftex.def)             Requested size: 419.77148pt x 226.44775pt.
[5 <c:/Users/hakan/Documents/GitHub/fault_tolerant_drives/Simulation/MPC/Report/Figures/TwoModuleSimulinkModel.PNG>]
Package epstopdf Info: Source file: <Figures/TwoModule/SeperateCost/Id_Iq.eps>
(epstopdf)                    date: 2020-05-25 13:39:37
(epstopdf)                    size: 140397 bytes
(epstopdf)             Output file: <Figures/TwoModule/SeperateCost/Id_Iq-eps-converted-to.pdf>
(epstopdf)                    date: 2020-05-25 14:14:09
(epstopdf)                    size: 141993 bytes
(epstopdf)             Command: <epstopdf --outfile=Figures/TwoModule/SeperateCost/Id_Iq-eps-converted-to.pdf Figures/TwoModule/SeperateCost/Id_Iq.eps>
(epstopdf)             \includegraphics on input line 195.
Package epstopdf Info: Output file is already uptodate.


pdfTeX warning: pdflatex (file c:/Users/hakan/Documents/GitHub/fault_tolerant_drives/Simulation/MPC/Report/Figures/TwoModule/SeperateCost/Id_Iq-eps-converted-to.pdf): PDF inclusion: found PDF version <1.7>, but at most version <1.5> allowed
<Figures/TwoModule/SeperateCost/Id_Iq-eps-converted-to.pdf, id=171, 1399.2275pt x 754.82pt>
File: Figures/TwoModule/SeperateCost/Id_Iq-eps-converted-to.pdf Graphic file (type pdf)
<use Figures/TwoModule/SeperateCost/Id_Iq-eps-converted-to.pdf>
Package pdftex.def Info: Figures/TwoModule/SeperateCost/Id_Iq-eps-converted-to.pdf  used on input line 195.
(pdftex.def)             Requested size: 419.77148pt x 226.44775pt.
Package epstopdf Info: Source file: <Figures/TwoModule/SeperateCost/Ia_Ib_Ic.eps>
(epstopdf)                    date: 2020-05-25 13:37:00
(epstopdf)                    size: 335053 bytes
(epstopdf)             Output file: <Figures/TwoModule/SeperateCost/Ia_Ib_Ic-eps-converted-to.pdf>
(epstopdf)                    date: 2020-05-25 14:15:08
(epstopdf)                    size: 868750 bytes
(epstopdf)             Command: <epstopdf --outfile=Figures/TwoModule/SeperateCost/Ia_Ib_Ic-eps-converted-to.pdf Figures/TwoModule/SeperateCost/Ia_Ib_Ic.eps>
(epstopdf)             \includegraphics on input line 201.
Package epstopdf Info: Output file is already uptodate.


pdfTeX warning: pdflatex (file c:/Users/hakan/Documents/GitHub/fault_tolerant_drives/Simulation/MPC/Report/Figures/TwoModule/SeperateCost/Ia_Ib_Ic-eps-converted-to.pdf): PDF inclusion: found PDF version <1.7>, but at most version <1.5> allowed
<Figures/TwoModule/SeperateCost/Ia_Ib_Ic-eps-converted-to.pdf, id=172, 1399.2275pt x 754.82pt>
File: Figures/TwoModule/SeperateCost/Ia_Ib_Ic-eps-converted-to.pdf Graphic file (type pdf)
<use Figures/TwoModule/SeperateCost/Ia_Ib_Ic-eps-converted-to.pdf>
Package pdftex.def Info: Figures/TwoModule/SeperateCost/Ia_Ib_Ic-eps-converted-to.pdf  used on input line 201.
(pdftex.def)             Requested size: 419.77148pt x 226.44775pt.
[6 <c:/Users/hakan/Documents/GitHub/fault_tolerant_drives/Simulation/MPC/Report/Figures/TwoModule/SeperateCost/Torques-eps-converted-to.pdf> <c:/Users/hakan/Documents/GitHub/fault_tolerant_drives/Simulation/MPC/Report/Figures/TwoModule/SeperateCost/ShaftSpeed-eps-converted-to.pdf>]
Package epstopdf Info: Source file: <Figures/TwoModule/SeperateCost/FaultMoment.eps>
(epstopdf)                    date: 2020-05-25 14:29:19
(epstopdf)                    size: 227586 bytes
(epstopdf)             Output file: <Figures/TwoModule/SeperateCost/FaultMoment-eps-converted-to.pdf>
(epstopdf)                    date: 2020-05-25 14:31:21
(epstopdf)                    size: 222737 bytes
(epstopdf)             Command: <epstopdf --outfile=Figures/TwoModule/SeperateCost/FaultMoment-eps-converted-to.pdf Figures/TwoModule/SeperateCost/FaultMoment.eps>
(epstopdf)             \includegraphics on input line 210.
Package epstopdf Info: Output file is already uptodate.


pdfTeX warning: pdflatex (file c:/Users/hakan/Documents/GitHub/fault_tolerant_drives/Simulation/MPC/Report/Figures/TwoModule/SeperateCost/FaultMoment-eps-converted-to.pdf): PDF inclusion: found PDF version <1.7>, but at most version <1.5> allowed
<Figures/TwoModule/SeperateCost/FaultMoment-eps-converted-to.pdf, id=190, 1399.2275pt x 754.82pt>
File: Figures/TwoModule/SeperateCost/FaultMoment-eps-converted-to.pdf Graphic file (type pdf)
<use Figures/TwoModule/SeperateCost/FaultMoment-eps-converted-to.pdf>
Package pdftex.def Info: Figures/TwoModule/SeperateCost/FaultMoment-eps-converted-to.pdf  used on input line 210.
(pdftex.def)             Requested size: 419.77148pt x 226.44775pt.
[7 <c:/Users/hakan/Documents/GitHub/fault_tolerant_drives/Simulation/MPC/Report/Figures/TwoModule/SeperateCost/Id_Iq-eps-converted-to.pdf> <c:/Users/hakan/Documents/GitHub/fault_tolerant_drives/Simulation/MPC/Report/Figures/TwoModule/SeperateCost/Ia_Ib_Ic-eps-converted-to.pdf>]
Package epstopdf Info: Source file: <Figures/TwoModule/CombinedCost/Torques.eps>
(epstopdf)                    date: 2020-05-25 15:08:29
(epstopdf)                    size: 119976 bytes
(epstopdf)             Output file: <Figures/TwoModule/CombinedCost/Torques-eps-converted-to.pdf>
(epstopdf)                    date: 2020-05-25 15:10:19
(epstopdf)                    size: 122329 bytes
(epstopdf)             Command: <epstopdf --outfile=Figures/TwoModule/CombinedCost/Torques-eps-converted-to.pdf Figures/TwoModule/CombinedCost/Torques.eps>
(epstopdf)             \includegraphics on input line 225.
Package epstopdf Info: Output file is already uptodate.


pdfTeX warning: pdflatex (file c:/Users/hakan/Documents/GitHub/fault_tolerant_drives/Simulation/MPC/Report/Figures/TwoModule/CombinedCost/Torques-eps-converted-to.pdf): PDF inclusion: found PDF version <1.7>, but at most version <1.5> allowed
<Figures/TwoModule/CombinedCost/Torques-eps-converted-to.pdf, id=215, 1399.2275pt x 754.82pt>
File: Figures/TwoModule/CombinedCost/Torques-eps-converted-to.pdf Graphic file (type pdf)
<use Figures/TwoModule/CombinedCost/Torques-eps-converted-to.pdf>
Package pdftex.def Info: Figures/TwoModule/CombinedCost/Torques-eps-converted-to.pdf  used on input line 225.
(pdftex.def)             Requested size: 419.77148pt x 226.44775pt.
Package epstopdf Info: Source file: <Figures/TwoModule/CombinedCost/ShaftSpeed.eps>
(epstopdf)                    date: 2020-05-25 15:06:34
(epstopdf)                    size: 103681 bytes
(epstopdf)             Output file: <Figures/TwoModule/CombinedCost/ShaftSpeed-eps-converted-to.pdf>
(epstopdf)                    date: 2020-05-25 15:10:21
(epstopdf)                    size: 104767 bytes
(epstopdf)             Command: <epstopdf --outfile=Figures/TwoModule/CombinedCost/ShaftSpeed-eps-converted-to.pdf Figures/TwoModule/CombinedCost/ShaftSpeed.eps>
(epstopdf)             \includegraphics on input line 231.
Package epstopdf Info: Output file is already uptodate.


pdfTeX warning: pdflatex (file c:/Users/hakan/Documents/GitHub/fault_tolerant_drives/Simulation/MPC/Report/Figures/TwoModule/CombinedCost/ShaftSpeed-eps-converted-to.pdf): PDF inclusion: found PDF version <1.7>, but at most version <1.5> allowed
<Figures/TwoModule/CombinedCost/ShaftSpeed-eps-converted-to.pdf, id=216, 1399.2275pt x 754.82pt>
File: Figures/TwoModule/CombinedCost/ShaftSpeed-eps-converted-to.pdf Graphic file (type pdf)
<use Figures/TwoModule/CombinedCost/ShaftSpeed-eps-converted-to.pdf>
Package pdftex.def Info: Figures/TwoModule/CombinedCost/ShaftSpeed-eps-converted-to.pdf  used on input line 231.
(pdftex.def)             Requested size: 419.77148pt x 226.44775pt.
Package epstopdf Info: Source file: <Figures/TwoModule/CombinedCost/Id_Iq.eps>
(epstopdf)                    date: 2020-05-25 15:08:51
(epstopdf)                    size: 124255 bytes
(epstopdf)             Output file: <Figures/TwoModule/CombinedCost/Id_Iq-eps-converted-to.pdf>
(epstopdf)                    date: 2020-05-25 15:10:22
(epstopdf)                    size: 127806 bytes
(epstopdf)             Command: <epstopdf --outfile=Figures/TwoModule/CombinedCost/Id_Iq-eps-converted-to.pdf Figures/TwoModule/CombinedCost/Id_Iq.eps>
(epstopdf)             \includegraphics on input line 237.
Package epstopdf Info: Output file is already uptodate.


pdfTeX warning: pdflatex (file c:/Users/hakan/Documents/GitHub/fault_tolerant_drives/Simulation/MPC/Report/Figures/TwoModule/CombinedCost/Id_Iq-eps-converted-to.pdf): PDF inclusion: found PDF version <1.7>, but at most version <1.5> allowed
<Figures/TwoModule/CombinedCost/Id_Iq-eps-converted-to.pdf, id=217, 1399.2275pt x 754.82pt>
File: Figures/TwoModule/CombinedCost/Id_Iq-eps-converted-to.pdf Graphic file (type pdf)
<use Figures/TwoModule/CombinedCost/Id_Iq-eps-converted-to.pdf>
Package pdftex.def Info: Figures/TwoModule/CombinedCost/Id_Iq-eps-converted-to.pdf  used on input line 237.
(pdftex.def)             Requested size: 419.77148pt x 226.44775pt.
[8 <c:/Users/hakan/Documents/GitHub/fault_tolerant_drives/Simulation/MPC/Report/Figures/TwoModule/SeperateCost/FaultMoment-eps-converted-to.pdf> <c:/Users/hakan/Documents/GitHub/fault_tolerant_drives/Simulation/MPC/Report/Figures/TwoModule/CombinedCost/Torques-eps-converted-to.pdf>]
Package epstopdf Info: Source file: <Figures/TwoModule/CombinedCost/Ia_Ib_Ic.eps>
(epstopdf)                    date: 2020-05-25 15:09:10
(epstopdf)                    size: 362767 bytes
(epstopdf)             Output file: <Figures/TwoModule/CombinedCost/Ia_Ib_Ic-eps-converted-to.pdf>
(epstopdf)                    date: 2020-05-25 15:10:24
(epstopdf)                    size: 883269 bytes
(epstopdf)             Command: <epstopdf --outfile=Figures/TwoModule/CombinedCost/Ia_Ib_Ic-eps-converted-to.pdf Figures/TwoModule/CombinedCost/Ia_Ib_Ic.eps>
(epstopdf)             \includegraphics on input line 243.
Package epstopdf Info: Output file is already uptodate.


pdfTeX warning: pdflatex (file c:/Users/hakan/Documents/GitHub/fault_tolerant_drives/Simulation/MPC/Report/Figures/TwoModule/CombinedCost/Ia_Ib_Ic-eps-converted-to.pdf): PDF inclusion: found PDF version <1.7>, but at most version <1.5> allowed
<Figures/TwoModule/CombinedCost/Ia_Ib_Ic-eps-converted-to.pdf, id=240, 1399.2275pt x 754.82pt>
File: Figures/TwoModule/CombinedCost/Ia_Ib_Ic-eps-converted-to.pdf Graphic file (type pdf)
<use Figures/TwoModule/CombinedCost/Ia_Ib_Ic-eps-converted-to.pdf>
Package pdftex.def Info: Figures/TwoModule/CombinedCost/Ia_Ib_Ic-eps-converted-to.pdf  used on input line 243.
(pdftex.def)             Requested size: 419.77148pt x 226.44775pt.
[9 <c:/Users/hakan/Documents/GitHub/fault_tolerant_drives/Simulation/MPC/Report/Figures/TwoModule/CombinedCost/ShaftSpeed-eps-converted-to.pdf> <c:/Users/hakan/Documents/GitHub/fault_tolerant_drives/Simulation/MPC/Report/Figures/TwoModule/CombinedCost/Id_Iq-eps-converted-to.pdf>]
Package epstopdf Info: Source file: <Figures/TwoModule/CombinedCost/FaultMoment.eps>
(epstopdf)                    date: 2020-05-25 15:29:18
(epstopdf)                    size: 215217 bytes
(epstopdf)             Output file: <Figures/TwoModule/CombinedCost/FaultMoment-eps-converted-to.pdf>
(epstopdf)                    date: 2020-05-25 15:30:10
(epstopdf)                    size: 210422 bytes
(epstopdf)             Command: <epstopdf --outfile=Figures/TwoModule/CombinedCost/FaultMoment-eps-converted-to.pdf Figures/TwoModule/CombinedCost/FaultMoment.eps>
(epstopdf)             \includegraphics on input line 253.
Package epstopdf Info: Output file is already uptodate.


pdfTeX warning: pdflatex (file c:/Users/hakan/Documents/GitHub/fault_tolerant_drives/Simulation/MPC/Report/Figures/TwoModule/CombinedCost/FaultMoment-eps-converted-to.pdf): PDF inclusion: found PDF version <1.7>, but at most version <1.5> allowed
<Figures/TwoModule/CombinedCost/FaultMoment-eps-converted-to.pdf, id=258, 1399.2275pt x 754.82pt>
File: Figures/TwoModule/CombinedCost/FaultMoment-eps-converted-to.pdf Graphic file (type pdf)
<use Figures/TwoModule/CombinedCost/FaultMoment-eps-converted-to.pdf>
Package pdftex.def Info: Figures/TwoModule/CombinedCost/FaultMoment-eps-converted-to.pdf  used on input line 253.
(pdftex.def)             Requested size: 419.77148pt x 226.44775pt.
[10 <c:/Users/hakan/Documents/GitHub/fault_tolerant_drives/Simulation/MPC/Report/Figures/TwoModule/CombinedCost/Ia_Ib_Ic-eps-converted-to.pdf> <c:/Users/hakan/Documents/GitHub/fault_tolerant_drives/Simulation/MPC/Report/Figures/TwoModule/CombinedCost/FaultMoment-eps-converted-to.pdf>]
Package epstopdf Info: Source file: <Figures/TwoModule/CombinedCostV2/Torques.eps>
(epstopdf)                    date: 2020-05-25 22:06:32
(epstopdf)                    size: 187833 bytes
(epstopdf)             Output file: <Figures/TwoModule/CombinedCostV2/Torques-eps-converted-to.pdf>
(epstopdf)                    date: 2020-05-25 22:12:11
(epstopdf)                    size: 183864 bytes
(epstopdf)             Command: <epstopdf --outfile=Figures/TwoModule/CombinedCostV2/Torques-eps-converted-to.pdf Figures/TwoModule/CombinedCostV2/Torques.eps>
(epstopdf)             \includegraphics on input line 277.
Package epstopdf Info: Output file is already uptodate.


pdfTeX warning: pdflatex (file c:/Users/hakan/Documents/GitHub/fault_tolerant_drives/Simulation/MPC/Report/Figures/TwoModule/CombinedCostV2/Torques-eps-converted-to.pdf): PDF inclusion: found PDF version <1.7>, but at most version <1.5> allowed
<Figures/TwoModule/CombinedCostV2/Torques-eps-converted-to.pdf, id=286, 1399.2275pt x 754.82pt>
File: Figures/TwoModule/CombinedCostV2/Torques-eps-converted-to.pdf Graphic file (type pdf)
<use Figures/TwoModule/CombinedCostV2/Torques-eps-converted-to.pdf>
Package pdftex.def Info: Figures/TwoModule/CombinedCostV2/Torques-eps-converted-to.pdf  used on input line 277.
(pdftex.def)             Requested size: 419.77148pt x 226.44775pt.
Package epstopdf Info: Source file: <Figures/TwoModule/CombinedCostV2/ShaftSpeed.eps>
(epstopdf)                    date: 2020-05-25 22:06:00
(epstopdf)                    size: 104492 bytes
(epstopdf)             Output file: <Figures/TwoModule/CombinedCostV2/ShaftSpeed-eps-converted-to.pdf>
(epstopdf)                    date: 2020-05-25 22:12:12
(epstopdf)                    size: 105603 bytes
(epstopdf)             Command: <epstopdf --outfile=Figures/TwoModule/CombinedCostV2/ShaftSpeed-eps-converted-to.pdf Figures/TwoModule/CombinedCostV2/ShaftSpeed.eps>
(epstopdf)             \includegraphics on input line 283.
Package epstopdf Info: Output file is already uptodate.


pdfTeX warning: pdflatex (file c:/Users/hakan/Documents/GitHub/fault_tolerant_drives/Simulation/MPC/Report/Figures/TwoModule/CombinedCostV2/ShaftSpeed-eps-converted-to.pdf): PDF inclusion: found PDF version <1.7>, but at most version <1.5> allowed
<Figures/TwoModule/CombinedCostV2/ShaftSpeed-eps-converted-to.pdf, id=287, 1399.2275pt x 754.82pt>
File: Figures/TwoModule/CombinedCostV2/ShaftSpeed-eps-converted-to.pdf Graphic file (type pdf)
<use Figures/TwoModule/CombinedCostV2/ShaftSpeed-eps-converted-to.pdf>
Package pdftex.def Info: Figures/TwoModule/CombinedCostV2/ShaftSpeed-eps-converted-to.pdf  used on input line 283.
(pdftex.def)             Requested size: 419.77148pt x 226.44775pt.
Package epstopdf Info: Source file: <Figures/TwoModule/CombinedCostV2/Id_Iq.eps>
(epstopdf)                    date: 2020-05-25 22:07:23
(epstopdf)                    size: 204683 bytes
(epstopdf)             Output file: <Figures/TwoModule/CombinedCostV2/Id_Iq-eps-converted-to.pdf>
(epstopdf)                    date: 2020-05-25 22:12:14
(epstopdf)                    size: 196041 bytes
(epstopdf)             Command: <epstopdf --outfile=Figures/TwoModule/CombinedCostV2/Id_Iq-eps-converted-to.pdf Figures/TwoModule/CombinedCostV2/Id_Iq.eps>
(epstopdf)             \includegraphics on input line 289.
Package epstopdf Info: Output file is already uptodate.


pdfTeX warning: pdflatex (file c:/Users/hakan/Documents/GitHub/fault_tolerant_drives/Simulation/MPC/Report/Figures/TwoModule/CombinedCostV2/Id_Iq-eps-converted-to.pdf): PDF inclusion: found PDF version <1.7>, but at most version <1.5> allowed
<Figures/TwoModule/CombinedCostV2/Id_Iq-eps-converted-to.pdf, id=288, 1399.2275pt x 754.82pt>
File: Figures/TwoModule/CombinedCostV2/Id_Iq-eps-converted-to.pdf Graphic file (type pdf)
<use Figures/TwoModule/CombinedCostV2/Id_Iq-eps-converted-to.pdf>
Package pdftex.def Info: Figures/TwoModule/CombinedCostV2/Id_Iq-eps-converted-to.pdf  used on input line 289.
(pdftex.def)             Requested size: 419.77148pt x 226.44775pt.
[11 <c:/Users/hakan/Documents/GitHub/fault_tolerant_drives/Simulation/MPC/Report/Figures/TwoModule/CombinedCostV2/Torques-eps-converted-to.pdf>]
Package epstopdf Info: Source file: <Figures/TwoModule/CombinedCostV2/Ia_Ib_Ic.eps>
(epstopdf)                    date: 2020-05-25 22:07:44
(epstopdf)                    size: 417484 bytes
(epstopdf)             Output file: <Figures/TwoModule/CombinedCostV2/Ia_Ib_Ic-eps-converted-to.pdf>
(epstopdf)                    date: 2020-05-25 22:12:15
(epstopdf)                    size: 973492 bytes
(epstopdf)             Command: <epstopdf --outfile=Figures/TwoModule/CombinedCostV2/Ia_Ib_Ic-eps-converted-to.pdf Figures/TwoModule/CombinedCostV2/Ia_Ib_Ic.eps>
(epstopdf)             \includegraphics on input line 295.
Package epstopdf Info: Output file is already uptodate.


pdfTeX warning: pdflatex (file c:/Users/hakan/Documents/GitHub/fault_tolerant_drives/Simulation/MPC/Report/Figures/TwoModule/CombinedCostV2/Ia_Ib_Ic-eps-converted-to.pdf): PDF inclusion: found PDF version <1.7>, but at most version <1.5> allowed
<Figures/TwoModule/CombinedCostV2/Ia_Ib_Ic-eps-converted-to.pdf, id=305, 1399.2275pt x 754.82pt>
File: Figures/TwoModule/CombinedCostV2/Ia_Ib_Ic-eps-converted-to.pdf Graphic file (type pdf)
<use Figures/TwoModule/CombinedCostV2/Ia_Ib_Ic-eps-converted-to.pdf>
Package pdftex.def Info: Figures/TwoModule/CombinedCostV2/Ia_Ib_Ic-eps-converted-to.pdf  used on input line 295.
(pdftex.def)             Requested size: 419.77148pt x 226.44775pt.
[12 <c:/Users/hakan/Documents/GitHub/fault_tolerant_drives/Simulation/MPC/Report/Figures/TwoModule/CombinedCostV2/ShaftSpeed-eps-converted-to.pdf> <c:/Users/hakan/Documents/GitHub/fault_tolerant_drives/Simulation/MPC/Report/Figures/TwoModule/CombinedCostV2/Id_Iq-eps-converted-to.pdf>]
Package epstopdf Info: Source file: <Figures/TwoModule/CombinedCostV2/FaultMoment.eps>
(epstopdf)                    date: 2020-05-25 23:03:50
(epstopdf)                    size: 189540 bytes
(epstopdf)             Output file: <Figures/TwoModule/CombinedCostV2/FaultMoment-eps-converted-to.pdf>
(epstopdf)                    date: 2020-05-25 23:04:40
(epstopdf)                    size: 188690 bytes
(epstopdf)             Command: <epstopdf --outfile=Figures/TwoModule/CombinedCostV2/FaultMoment-eps-converted-to.pdf Figures/TwoModule/CombinedCostV2/FaultMoment.eps>
(epstopdf)             \includegraphics on input line 306.
Package epstopdf Info: Output file is already uptodate.


pdfTeX warning: pdflatex (file c:/Users/hakan/Documents/GitHub/fault_tolerant_drives/Simulation/MPC/Report/Figures/TwoModule/CombinedCostV2/FaultMoment-eps-converted-to.pdf): PDF inclusion: found PDF version <1.7>, but at most version <1.5> allowed
<Figures/TwoModule/CombinedCostV2/FaultMoment-eps-converted-to.pdf, id=324, 1399.2275pt x 754.82pt>
File: Figures/TwoModule/CombinedCostV2/FaultMoment-eps-converted-to.pdf Graphic file (type pdf)
<use Figures/TwoModule/CombinedCostV2/FaultMoment-eps-converted-to.pdf>
Package pdftex.def Info: Figures/TwoModule/CombinedCostV2/FaultMoment-eps-converted-to.pdf  used on input line 306.
(pdftex.def)             Requested size: 419.77148pt x 226.44775pt.
[13 <c:/Users/hakan/Documents/GitHub/fault_tolerant_drives/Simulation/MPC/Report/Figures/TwoModule/CombinedCostV2/Ia_Ib_Ic-eps-converted-to.pdf> <c:/Users/hakan/Documents/GitHub/fault_tolerant_drives/Simulation/MPC/Report/Figures/TwoModule/CombinedCostV2/FaultMoment-eps-converted-to.pdf>]
Package hyperref Info: bookmark level for unknown lstlisting defaults to 0 on input line 325.
 (c:/Users\hakan\Documents\GitHub\fault_tolerant_drives\Simulation\MPC\Report\Codes/one_module_prediction.m
LaTeX Font Info:    Trying to load font information for OML+cmr on input line 12.
 ("C:\Users\hakan\AppData\Local\Programs\MiKTeX 2.9\tex/latex/base\omlcmr.fd"
File: omlcmr.fd 2019/12/16 v2.5j Standard LaTeX font definitions
)
LaTeX Font Info:    Font shape `OML/cmr/m/n' in size <10> not available
(Font)              Font shape `OML/cmm/m/it' tried instead on input line 12.
 [14]) (c:/Users\hakan\Documents\GitHub\fault_tolerant_drives\Simulation\MPC\Report\Codes/two_module_seperate_cost_function.m [15] [16]) (c:/Users\hakan\Documents\GitHub\fault_tolerant_drives\Simulation\MPC\Report\Codes/two_module_combined_cost_function.m [17] [18]) (c:/Users\hakan\Documents\GitHub\fault_tolerant_drives\Simulation\MPC\Report\Codes/two_module_combined_cost_function_V2.m [19] [20]) (c:/Users\hakan\Documents\GitHub\fault_tolerant_drives\Simulation\MPC\Report\main.bbl) [21]
Package atveryend Info: Empty hook `BeforeClearDocument' on input line 334.
Package atveryend Info: Empty hook `AfterLastShipout' on input line 334.
 (c:/Users\hakan\Documents\GitHub\fault_tolerant_drives\Simulation\MPC\Report\main.aux)
Package atveryend Info: Executing hook `AtVeryEndDocument' on input line 334.
Package atveryend Info: Executing hook `AtEndAfterFileList' on input line 334.
Package rerunfilecheck Info: File `main.out' has not changed.
(rerunfilecheck)             Checksum: 04537972C80E36DD2BCAC57A112BDFE6;1184.
Package atveryend Info: Empty hook `AtVeryVeryEnd' on input line 334.
 ) 
Here is how much of TeX's memory you used:
 35645 strings out of 480930
 863010 string characters out of 2899761
 1594479 words of memory out of 3000000
 50418 multiletter control sequences out of 15000+200000
 546134 words of font info for 73 fonts, out of 3000000 for 9000
 1141 hyphenation exceptions out of 8191
 79i,7n,136p,798b,2952s stack positions out of 5000i,500n,10000p,200000b,50000s
 <C:\Users\hakan\AppData\Local\MiKTeX\2.9\fonts/pk/ljfour/jknappen/ec/dpi600\tcrm1000.pk><C:/Users/hakan/AppData/Local/Programs/MiKTeX 2.9/fonts/type1/public/amsfonts/cm/cmbx10.pfb><C:/Users/hakan/AppData/Local/Programs/MiKTeX 2.9/fonts/type1/public/amsfonts/cm/cmbx12.pfb><C:/Users/hakan/AppData/Local/Programs/MiKTeX 2.9/fonts/type1/public/amsfonts/cm/cmmi10.pfb><C:/Users/hakan/AppData/Local/Programs/MiKTeX 2.9/fonts/type1/public/amsfonts/cm/cmr10.pfb><C:/Users/hakan/AppData/Local/Programs/MiKTeX 2.9/fonts/type1/public/amsfonts/cm/cmr12.pfb><C:/Users/hakan/AppData/Local/Programs/MiKTeX 2.9/fonts/type1/public/amsfonts/cm/cmr17.pfb><C:/Users/hakan/AppData/Local/Programs/MiKTeX 2.9/fonts/type1/public/amsfonts/cm/cmr8.pfb><C:/Users/hakan/AppData/Local/Programs/MiKTeX 2.9/fonts/type1/public/amsfonts/cm/cmti10.pfb>
Output written on c:/Users\hakan\Documents\GitHub\fault_tolerant_drives\Simulation\MPC\Report\main.pdf (21 pages, 7628843 bytes).
PDF statistics:
 848 PDF objects out of 1000 (max. 8388607)
 416 named destinations out of 1000 (max. 500000)
 264 words of extra memory for PDF output out of 10000 (max. 10000000)

