TMS320C2000 Assembler PC v18.12.4 Sat Jul 18 15:28:14 2020

Copyright (c) 1996-2018 Texas Instruments Incorporated
DLOG_4CH_F.asm                                                       PAGE    1

       1              ;***************************************************************
       2              ;* TMS320C2000 G3 C/C++ Codegen                             PC v18.12.4.LTS *
       3              ;* Date/Time created: Sat Jul 18 15:28:14 2020                 *
       4              ;***************************************************************
       5                      .compiler_opts --abi=coffabi --cla_support=cla0 --float_support=fpu32 --hll_source=on --mem_model:cod
       6                      .asg    XAR2, FP
       7              
       8              $C$DW$CU        .dwtag  DW_TAG_compile_unit
       9                      .dwattr $C$DW$CU, DW_AT_name("../utility Src Files/DLOG_4CH_F.c")
      10                      .dwattr $C$DW$CU, DW_AT_producer("TI TMS320C2000 G3 C/C++ Codegen PC v18.12.4.LTS Copyright (c) 1996-
      11                      .dwattr $C$DW$CU, DW_AT_TI_version(0x01)
      12                      .dwattr $C$DW$CU, DW_AT_comp_dir("C:\Users\admin\Desktop\servodrive_TMIDDK\IDDK_PM_Servo_F2837x-v2\F2
      13              ;       C:\ti\ccs930\ccs\tools\compiler\ti-cgt-c2000_18.12.4.LTS\bin\opt2000.exe C:\\Users\\admin\\AppData\\L
      14              ;       C:\ti\ccs930\ccs\tools\compiler\ti-cgt-c2000_18.12.4.LTS\bin\ac2000.exe -@C:\\Users\\admin\\AppData\\
      15 00000000               .sect   ".text"
      16                      .clink
      17                      .global _DLOG_4CH_F_init
      18              
      19              $C$DW$1 .dwtag  DW_TAG_subprogram
      20                      .dwattr $C$DW$1, DW_AT_name("DLOG_4CH_F_init")
      21                      .dwattr $C$DW$1, DW_AT_low_pc(_DLOG_4CH_F_init)
      22                      .dwattr $C$DW$1, DW_AT_high_pc(0x00)
      23                      .dwattr $C$DW$1, DW_AT_TI_symbol_name("_DLOG_4CH_F_init")
      24                      .dwattr $C$DW$1, DW_AT_external
      25                      .dwattr $C$DW$1, DW_AT_TI_begin_file("../utility Src Files/DLOG_4CH_F.c")
      26                      .dwattr $C$DW$1, DW_AT_TI_begin_line(0x07)
      27                      .dwattr $C$DW$1, DW_AT_TI_begin_column(0x06)
      28                      .dwattr $C$DW$1, DW_AT_TI_max_frame_size(-4)
      29                      .dwpsn  file "../utility Src Files/DLOG_4CH_F.c",line 8,column 1,is_stmt,address _DLOG_4CH_F_init,isa
      30              
      31                      .dwfde $C$DW$CIE, _DLOG_4CH_F_init
      32              $C$DW$2 .dwtag  DW_TAG_formal_parameter
      33                      .dwattr $C$DW$2, DW_AT_name("v")
      34                      .dwattr $C$DW$2, DW_AT_TI_symbol_name("_v")
      35                      .dwattr $C$DW$2, DW_AT_type(*$C$DW$T$24)
      36                      .dwattr $C$DW$2, DW_AT_location[DW_OP_reg12]
      37              
      38              
      39              ;***************************************************************
      40              ;* FNAME: _DLOG_4CH_F_init              FR SIZE:   2           *
      41              ;*                                                             *
      42              ;* FUNCTION ENVIRONMENT                                        *
      43              ;*                                                             *
      44              ;* FUNCTION PROPERTIES                                         *
      45              ;*                            0 Parameter,  0 Auto,  2 SOE     *
      46              ;***************************************************************
      47              
      48              _DLOG_4CH_F_init:
      49              ;* AR4   assigned to _v
      50              $C$DW$3 .dwtag  DW_TAG_variable
      51                      .dwattr $C$DW$3, DW_AT_name("v")
      52                      .dwattr $C$DW$3, DW_AT_TI_symbol_name("_v")
      53                      .dwattr $C$DW$3, DW_AT_type(*$C$DW$T$25)
      54                      .dwattr $C$DW$3, DW_AT_location[DW_OP_reg12]
      55              
TMS320C2000 Assembler PC v18.12.4 Sat Jul 18 15:28:14 2020

Copyright (c) 1996-2018 Texas Instruments Incorporated
DLOG_4CH_F.asm                                                       PAGE    2

      56                      .dwcfi  cfa_offset, -2
      57                      .dwcfi  save_reg_to_mem, 26, 0
      58 00000000 B2BD          MOVL      *SP++,XAR1            ; [CPU_ALU] 
      59                      .dwcfi  save_reg_to_mem, 7, 2
      60                      .dwcfi  cfa_offset, -4
      61                      .dwpsn  file "../utility Src Files/DLOG_4CH_F.c",line 9,column 2,is_stmt,isa 0
      62 00000001 0200          MOVB      ACC,#0                ; [CPU_ALU] |9| 
      63                      .dwpsn  file "../utility Src Files/DLOG_4CH_F.c",line 10,column 2,is_stmt,isa 0
      64 00000002 D000          MOVB      XAR0,#0               ; [CPU_ALU] |10| 
      65                      .dwpsn  file "../utility Src Files/DLOG_4CH_F.c",line 11,column 2,is_stmt,isa 0
      66 00000003 D500          MOVB      XAR5,#0               ; [CPU_ALU] |11| 
      67                      .dwpsn  file "../utility Src Files/DLOG_4CH_F.c",line 12,column 2,is_stmt,isa 0
      68 00000004 3100          MOV       P,#0                  ; [CPU_ALU] |12| 
      69                      .dwpsn  file "../utility Src Files/DLOG_4CH_F.c",line 13,column 2,is_stmt,isa 0
      70 00000005 B600          MOVB      XAR7,#0               ; [CPU_ALU] |13| 
      71                      .dwpsn  file "../utility Src Files/DLOG_4CH_F.c",line 9,column 2,is_stmt,isa 0
      72 00000006 1EC4          MOVL      *+XAR4[0],ACC         ; [CPU_ALU] |9| 
      73                      .dwpsn  file "../utility Src Files/DLOG_4CH_F.c",line 14,column 2,is_stmt,isa 0
      74 00000007 BE00          MOVB      XAR6,#0               ; [CPU_ALU] |14| 
      75                      .dwpsn  file "../utility Src Files/DLOG_4CH_F.c",line 15,column 2,is_stmt,isa 0
      76 00000008 D10C          MOVB      XAR1,#12              ; [CPU_ALU] |15| 
      77                      .dwpsn  file "../utility Src Files/DLOG_4CH_F.c",line 17,column 2,is_stmt,isa 0
      78 00000009 E591          ZERO      R1H                   ; [CPU_FPU] |17| 
      79                      .dwpsn  file "../utility Src Files/DLOG_4CH_F.c",line 18,column 2,is_stmt,isa 0
      80 0000000a E590          ZERO      R0H                   ; [CPU_FPU] |18| 
      81                      .dwpsn  file "../utility Src Files/DLOG_4CH_F.c",line 10,column 2,is_stmt,isa 0
      82 0000000b 3AD4          MOVL      *+XAR4[2],XAR0        ; [CPU_ALU] |10| 
      83                      .dwpsn  file "../utility Src Files/DLOG_4CH_F.c",line 13,column 2,is_stmt,isa 0
      84 0000000c D008          MOVB      XAR0,#8               ; [CPU_ALU] |13| 
      85                      .dwpsn  file "../utility Src Files/DLOG_4CH_F.c",line 11,column 2,is_stmt,isa 0
      86 0000000d A0E4          MOVL      *+XAR4[4],XAR5        ; [CPU_ALU] |11| 
      87                      .dwpsn  file "../utility Src Files/DLOG_4CH_F.c",line 12,column 2,is_stmt,isa 0
      88 0000000e A9F4          MOVL      *+XAR4[6],P           ; [CPU_ALU] |12| 
      89                      .dwpsn  file "../utility Src Files/DLOG_4CH_F.c",line 13,column 2,is_stmt,isa 0
      90 0000000f C394          MOVL      *+XAR4[AR0],XAR7      ; [CPU_ALU] |13| 
      91                      .dwpsn  file "../utility Src Files/DLOG_4CH_F.c",line 14,column 2,is_stmt,isa 0
      92 00000010 D00A          MOVB      XAR0,#10              ; [CPU_ALU] |14| 
      93 00000011 C294          MOVL      *+XAR4[AR0],XAR6      ; [CPU_ALU] |14| 
      94                      .dwpsn  file "../utility Src Files/DLOG_4CH_F.c",line 16,column 2,is_stmt,isa 0
      95 00000012 D00E          MOVB      XAR0,#14              ; [CPU_ALU] |16| 
      96                      .dwpsn  file "../utility Src Files/DLOG_4CH_F.c",line 15,column 2,is_stmt,isa 0
      97 00000013 1E9C          MOVL      *+XAR4[AR1],ACC       ; [CPU_ALU] |15| 
      98                      .dwpsn  file "../utility Src Files/DLOG_4CH_F.c",line 23,column 2,is_stmt,isa 0
      99 00000014 D118          MOVB      XAR1,#24              ; [CPU_ALU] |23| 
     100                      .dwpsn  file "../utility Src Files/DLOG_4CH_F.c",line 16,column 2,is_stmt,isa 0
     101 00000015 C294          MOVL      *+XAR4[AR0],XAR6      ; [CPU_ALU] |16| 
     102                      .dwpsn  file "../utility Src Files/DLOG_4CH_F.c",line 17,column 2,is_stmt,isa 0
     103 00000016 D010          MOVB      XAR0,#16              ; [CPU_ALU] |17| 
     104 00000017 E203          MOV32     *+XAR4[AR0],R1H       ; [CPU_FPU] |17| 
         00000018 0194 
     105                      .dwpsn  file "../utility Src Files/DLOG_4CH_F.c",line 18,column 2,is_stmt,isa 0
     106 00000019 D012          MOVB      XAR0,#18              ; [CPU_ALU] |18| 
     107 0000001a E203          MOV32     *+XAR4[AR0],R0H       ; [CPU_FPU] |18| 
         0000001b 0094 
     108                      .dwpsn  file "../utility Src Files/DLOG_4CH_F.c",line 19,column 2,is_stmt,isa 0
TMS320C2000 Assembler PC v18.12.4 Sat Jul 18 15:28:14 2020

Copyright (c) 1996-2018 Texas Instruments Incorporated
DLOG_4CH_F.asm                                                       PAGE    3

     109 0000001c D014          MOVB      XAR0,#20              ; [CPU_ALU] |19| 
     110 0000001d 2B94          MOV       *+XAR4[AR0],#0        ; [CPU_ALU] |19| 
     111                      .dwpsn  file "../utility Src Files/DLOG_4CH_F.c",line 20,column 2,is_stmt,isa 0
     112 0000001e D015          MOVB      XAR0,#21              ; [CPU_ALU] |20| 
     113 0000001f 2B94          MOV       *+XAR4[AR0],#0        ; [CPU_ALU] |20| 
     114                      .dwpsn  file "../utility Src Files/DLOG_4CH_F.c",line 21,column 2,is_stmt,isa 0
     115 00000020 D016          MOVB      XAR0,#22              ; [CPU_ALU] |21| 
     116 00000021 2B94          MOV       *+XAR4[AR0],#0        ; [CPU_ALU] |21| 
     117                      .dwpsn  file "../utility Src Files/DLOG_4CH_F.c",line 22,column 2,is_stmt,isa 0
     118 00000022 D017          MOVB      XAR0,#23              ; [CPU_ALU] |22| 
     119 00000023 2B94          MOV       *+XAR4[AR0],#0        ; [CPU_ALU] |22| 
     120                      .dwpsn  file "../utility Src Files/DLOG_4CH_F.c",line 23,column 2,is_stmt,isa 0
     121 00000024 2B9C          MOV       *+XAR4[AR1],#0        ; [CPU_ALU] |23| 
     122 00000025 8BBE          MOVL      XAR1,*--SP            ; [CPU_ALU] 
     123                      .dwcfi  cfa_offset, -2
     124                      .dwcfi  restore_reg, 7
     125              $C$DW$4 .dwtag  DW_TAG_TI_branch
     126                      .dwattr $C$DW$4, DW_AT_low_pc(0x00)
     127                      .dwattr $C$DW$4, DW_AT_TI_return
     128              
     129 00000026 0006          LRETR     ; [CPU_ALU] 
     130                      ; return occurs ; [] 
     131                      .dwattr $C$DW$1, DW_AT_TI_end_file("../utility Src Files/DLOG_4CH_F.c")
     132                      .dwattr $C$DW$1, DW_AT_TI_end_line(0x18)
     133                      .dwattr $C$DW$1, DW_AT_TI_end_column(0x01)
     134                      .dwendentry
     135                      .dwendtag $C$DW$1
     136              
     137 00000027               .sect   ".text"
     138                      .clink
     139                      .global _DLOG_4CH_F_FUNC
     140              
     141              $C$DW$5 .dwtag  DW_TAG_subprogram
     142                      .dwattr $C$DW$5, DW_AT_name("DLOG_4CH_F_FUNC")
     143                      .dwattr $C$DW$5, DW_AT_low_pc(_DLOG_4CH_F_FUNC)
     144                      .dwattr $C$DW$5, DW_AT_high_pc(0x00)
     145                      .dwattr $C$DW$5, DW_AT_TI_symbol_name("_DLOG_4CH_F_FUNC")
     146                      .dwattr $C$DW$5, DW_AT_external
     147                      .dwattr $C$DW$5, DW_AT_TI_begin_file("../utility Src Files/DLOG_4CH_F.c")
     148                      .dwattr $C$DW$5, DW_AT_TI_begin_line(0x1b)
     149                      .dwattr $C$DW$5, DW_AT_TI_begin_column(0x06)
     150                      .dwattr $C$DW$5, DW_AT_TI_max_frame_size(-6)
     151                      .dwpsn  file "../utility Src Files/DLOG_4CH_F.c",line 28,column 1,is_stmt,address _DLOG_4CH_F_FUNC,is
     152              
     153                      .dwfde $C$DW$CIE, _DLOG_4CH_F_FUNC
     154              $C$DW$6 .dwtag  DW_TAG_formal_parameter
     155                      .dwattr $C$DW$6, DW_AT_name("v")
     156                      .dwattr $C$DW$6, DW_AT_TI_symbol_name("_v")
     157                      .dwattr $C$DW$6, DW_AT_type(*$C$DW$T$24)
     158                      .dwattr $C$DW$6, DW_AT_location[DW_OP_reg12]
     159              
     160              
     161              ;***************************************************************
     162              ;* FNAME: _DLOG_4CH_F_FUNC              FR SIZE:   4           *
     163              ;*                                                             *
TMS320C2000 Assembler PC v18.12.4 Sat Jul 18 15:28:14 2020

Copyright (c) 1996-2018 Texas Instruments Incorporated
DLOG_4CH_F.asm                                                       PAGE    4

     164              ;* FUNCTION ENVIRONMENT                                        *
     165              ;*                                                             *
     166              ;* FUNCTION PROPERTIES                                         *
     167              ;*                            2 Parameter,  0 Auto,  2 SOE     *
     168              ;***************************************************************
     169              
     170              _DLOG_4CH_F_FUNC:
     171              ;* R0    assigned to $O$C1
     172              ;* AR4   assigned to _v
     173              $C$DW$7 .dwtag  DW_TAG_variable
     174                      .dwattr $C$DW$7, DW_AT_name("v")
     175                      .dwattr $C$DW$7, DW_AT_TI_symbol_name("_v")
     176                      .dwattr $C$DW$7, DW_AT_type(*$C$DW$T$25)
     177                      .dwattr $C$DW$7, DW_AT_location[DW_OP_reg12]
     178              
     179                      .dwcfi  cfa_offset, -2
     180                      .dwcfi  save_reg_to_mem, 26, 0
     181 00000027 B2BD          MOVL      *SP++,XAR1            ; [CPU_ALU] 
     182                      .dwcfi  save_reg_to_mem, 7, 2
     183                      .dwcfi  cfa_offset, -4
     184 00000028 FE02          ADDB      SP,#2                 ; [CPU_ARAU] 
     185                      .dwcfi  cfa_offset, -6
     186                      .dwpsn  file "../utility Src Files/DLOG_4CH_F.c",line 29,column 2,is_stmt,isa 0
     187 00000029 D014          MOVB      XAR0,#20              ; [CPU_ALU] |29| 
     188 0000002a 9294          MOV       AL,*+XAR4[AR0]        ; [CPU_ALU] |29| 
     189 0000002b 5201          CMPB      AL,#1                 ; [CPU_ALU] |29| 
     190 0000002c 6140          B         $C$L1,EQ              ; [CPU_ALU] |29| 
     191                      ; branchcc occurs ; [] |29| 
     192 0000002d 5202          CMPB      AL,#2                 ; [CPU_ALU] |29| 
     193 0000002e 6052          B         $C$L2,NEQ             ; [CPU_ALU] |29| 
     194                      ; branchcc occurs ; [] |29| 
     195                      .dwpsn  file "../utility Src Files/DLOG_4CH_F.c",line 39,column 3,is_stmt,isa 0
     196 0000002f 83A4          MOVL      XAR5,XAR4             ; [CPU_ALU] |39| 
     197                      .dwpsn  file "../utility Src Files/DLOG_4CH_F.c",line 40,column 3,is_stmt,isa 0
     198 00000030 D015          MOVB      XAR0,#21              ; [CPU_ALU] |40| 
     199 00000031 D116          MOVB      XAR1,#22              ; [CPU_ALU] |40| 
     200                      .dwpsn  file "../utility Src Files/DLOG_4CH_F.c",line 39,column 3,is_stmt,isa 0
     201 00000032 DD16          ADDB      XAR5,#22              ; [CPU_ALU] |39| 
     202 00000033 0AC5          INC       *+XAR5[0]             ; [CPU_ALU] |39| 
     203                      .dwpsn  file "../utility Src Files/DLOG_4CH_F.c",line 40,column 3,is_stmt,isa 0
     204 00000034 9294          MOV       AL,*+XAR4[AR0]        ; [CPU_ALU] |40| 
     205 00000035 549C          CMP       AL,*+XAR4[AR1]        ; [CPU_ALU] |40| 
     206 00000036 604A          B         $C$L2,NEQ             ; [CPU_ALU] |40| 
     207                      ; branchcc occurs ; [] |40| 
     208                      .dwpsn  file "../utility Src Files/DLOG_4CH_F.c",line 42,column 4,is_stmt,isa 0
     209 00000037 D016          MOVB      XAR0,#22              ; [CPU_ALU] |42| 
     210 00000038 2B94          MOV       *+XAR4[AR0],#0        ; [CPU_ALU] |42| 
     211                      .dwpsn  file "../utility Src Files/DLOG_4CH_F.c",line 43,column 4,is_stmt,isa 0
     212 00000039 C4C4          MOVL      XAR6,*+XAR4[0]        ; [CPU_ALU] |43| 
     213 0000003a D118          MOVB      XAR1,#24              ; [CPU_ALU] |43| 
     214 0000003b 3B01          SETC      SXM                   ; [CPU_ALU] 
     215 0000003c D008          MOVB      XAR0,#8               ; [CPU_ALU] |43| 
     216 0000003d C4C6          MOVL      XAR6,*+XAR6[0]        ; [CPU_ALU] |43| 
     217 0000003e 5603          MOV       ACC,*+XAR4[AR1] << 1  ; [CPU_ALU] |43| 
         0000003f 019C 
TMS320C2000 Assembler PC v18.12.4 Sat Jul 18 15:28:14 2020

Copyright (c) 1996-2018 Texas Instruments Incorporated
DLOG_4CH_F.asm                                                       PAGE    5

     218 00000040 0794          ADDL      ACC,*+XAR4[AR0]       ; [CPU_ALU] |43| 
     219                      .dwpsn  file "../utility Src Files/DLOG_4CH_F.c",line 44,column 4,is_stmt,isa 0
     220 00000041 83A9          MOVL      XAR5,ACC              ; [CPU_ALU] |44| 
     221                      .dwpsn  file "../utility Src Files/DLOG_4CH_F.c",line 43,column 4,is_stmt,isa 0
     222 00000042 C2C5          MOVL      *+XAR5[0],XAR6        ; [CPU_ALU] |43| 
     223                      .dwpsn  file "../utility Src Files/DLOG_4CH_F.c",line 44,column 4,is_stmt,isa 0
     224 00000043 C4D4          MOVL      XAR6,*+XAR4[2]        ; [CPU_ALU] |44| 
     225 00000044 D118          MOVB      XAR1,#24              ; [CPU_ALU] |44| 
     226 00000045 D00A          MOVB      XAR0,#10              ; [CPU_ALU] |44| 
     227 00000046 C4C6          MOVL      XAR6,*+XAR6[0]        ; [CPU_ALU] |44| 
     228 00000047 5603          MOV       ACC,*+XAR4[AR1] << 1  ; [CPU_ALU] |44| 
         00000048 019C 
     229 00000049 0794          ADDL      ACC,*+XAR4[AR0]       ; [CPU_ALU] |44| 
     230                      .dwpsn  file "../utility Src Files/DLOG_4CH_F.c",line 45,column 4,is_stmt,isa 0
     231 0000004a 83A9          MOVL      XAR5,ACC              ; [CPU_ALU] |45| 
     232                      .dwpsn  file "../utility Src Files/DLOG_4CH_F.c",line 44,column 4,is_stmt,isa 0
     233 0000004b C2C5          MOVL      *+XAR5[0],XAR6        ; [CPU_ALU] |44| 
     234                      .dwpsn  file "../utility Src Files/DLOG_4CH_F.c",line 45,column 4,is_stmt,isa 0
     235 0000004c C4E4          MOVL      XAR6,*+XAR4[4]        ; [CPU_ALU] |45| 
     236 0000004d D118          MOVB      XAR1,#24              ; [CPU_ALU] |45| 
     237 0000004e D00C          MOVB      XAR0,#12              ; [CPU_ALU] |45| 
     238 0000004f 5603          MOV       ACC,*+XAR4[AR1] << 1  ; [CPU_ALU] |45| 
         00000050 019C 
     239 00000051 C5C6          MOVL      XAR7,*+XAR6[0]        ; [CPU_ALU] |45| 
     240 00000052 0794          ADDL      ACC,*+XAR4[AR0]       ; [CPU_ALU] |45| 
     241                      .dwpsn  file "../utility Src Files/DLOG_4CH_F.c",line 47,column 4,is_stmt,isa 0
     242 00000053 83A9          MOVL      XAR5,ACC              ; [CPU_ALU] |47| 
     243                      .dwpsn  file "../utility Src Files/DLOG_4CH_F.c",line 46,column 4,is_stmt,isa 0
     244 00000054 D118          MOVB      XAR1,#24              ; [CPU_ALU] |46| 
     245 00000055 D00E          MOVB      XAR0,#14              ; [CPU_ALU] |46| 
     246                      .dwpsn  file "../utility Src Files/DLOG_4CH_F.c",line 45,column 4,is_stmt,isa 0
     247 00000056 C3C5          MOVL      *+XAR5[0],XAR7        ; [CPU_ALU] |45| 
     248                      .dwpsn  file "../utility Src Files/DLOG_4CH_F.c",line 46,column 4,is_stmt,isa 0
     249 00000057 C5F4          MOVL      XAR7,*+XAR4[6]        ; [CPU_ALU] |46| 
     250                      .dwpsn  file "../utility Src Files/DLOG_4CH_F.c",line 47,column 4,is_stmt,isa 0
     251 00000058 C4A4          MOVL      XAR6,XAR4             ; [CPU_ALU] |47| 
     252                      .dwpsn  file "../utility Src Files/DLOG_4CH_F.c",line 46,column 4,is_stmt,isa 0
     253 00000059 5603          MOV       ACC,*+XAR4[AR1] << 1  ; [CPU_ALU] |46| 
         0000005a 019C 
     254 0000005b 0794          ADDL      ACC,*+XAR4[AR0]       ; [CPU_ALU] |46| 
     255 0000005c C5C7          MOVL      XAR7,*+XAR7[0]        ; [CPU_FPU] |46| 
     256                      .dwpsn  file "../utility Src Files/DLOG_4CH_F.c",line 48,column 4,is_stmt,isa 0
     257 0000005d 83A9          MOVL      XAR5,ACC              ; [CPU_ALU] |48| 
     258                      .dwpsn  file "../utility Src Files/DLOG_4CH_F.c",line 47,column 4,is_stmt,isa 0
     259 0000005e DE18          ADDB      XAR6,#24              ; [CPU_ALU] |47| 
     260                      .dwpsn  file "../utility Src Files/DLOG_4CH_F.c",line 48,column 4,is_stmt,isa 0
     261 0000005f D017          MOVB      XAR0,#23              ; [CPU_FPU] |48| 
     262 00000060 D118          MOVB      XAR1,#24              ; [CPU_FPU] |48| 
     263                      .dwpsn  file "../utility Src Files/DLOG_4CH_F.c",line 46,column 4,is_stmt,isa 0
     264 00000061 C3C5          MOVL      *+XAR5[0],XAR7        ; [CPU_FPU] |46| 
     265                      .dwpsn  file "../utility Src Files/DLOG_4CH_F.c",line 47,column 4,is_stmt,isa 0
     266 00000062 0AC6          INC       *+XAR6[0]             ; [CPU_ALU] |47| 
     267                      .dwpsn  file "../utility Src Files/DLOG_4CH_F.c",line 48,column 4,is_stmt,isa 0
     268 00000063 9294          MOV       AL,*+XAR4[AR0]        ; [CPU_ALU] |48| 
     269 00000064 549C          CMP       AL,*+XAR4[AR1]        ; [CPU_ALU] |48| 
TMS320C2000 Assembler PC v18.12.4 Sat Jul 18 15:28:14 2020

Copyright (c) 1996-2018 Texas Instruments Incorporated
DLOG_4CH_F.asm                                                       PAGE    6

     270 00000065 601B          B         $C$L2,NEQ             ; [CPU_ALU] |48| 
     271                      ; branchcc occurs ; [] |48| 
     272                      .dwpsn  file "../utility Src Files/DLOG_4CH_F.c",line 50,column 5,is_stmt,isa 0
     273 00000066 D118          MOVB      XAR1,#24              ; [CPU_ALU] |50| 
     274                      .dwpsn  file "../utility Src Files/DLOG_4CH_F.c",line 51,column 5,is_stmt,isa 0
     275 00000067 D014          MOVB      XAR0,#20              ; [CPU_ALU] |51| 
     276                      .dwpsn  file "../utility Src Files/DLOG_4CH_F.c",line 50,column 5,is_stmt,isa 0
     277 00000068 2B9C          MOV       *+XAR4[AR1],#0        ; [CPU_ALU] |50| 
     278                      .dwpsn  file "../utility Src Files/DLOG_4CH_F.c",line 51,column 5,is_stmt,isa 0
     279 00000069 56BF          MOVB      *+XAR4[AR0],#1,UNC    ; [CPU_ALU] |51| 
         0000006a 0194 
     280 0000006b 6F15          B         $C$L2,UNC             ; [CPU_ALU] |51| 
     281                      ; branch occurs ; [] |51| 
     282 0000006c       $C$L1:    
     283                      .dwpsn  file "../utility Src Files/DLOG_4CH_F.c",line 32,column 3,is_stmt,isa 0
     284 0000006c 83C4          MOVL      XAR5,*+XAR4[0]        ; [CPU_ALU] |32| 
     285 0000006d D012          MOVB      XAR0,#18              ; [CPU_ALU] |32| 
     286 0000006e E2AF          MOV32     R0H,*+XAR4[AR0]       ; [CPU_FPU] |32| 
         0000006f 0094 
     287 00000070 E2AF          MOV32     R1H,*+XAR5[0]         ; [CPU_FPU] |32| 
         00000071 01C5 
     288 00000072 E694          CMPF32    R1H,R0H               ; [CPU_FPU] |32| 
         00000073 0001 
     289 00000074 AD14          MOVST0    ZF, NF                ; [CPU_FPU] |32| 
     290 00000075 650B          B         $C$L2,LEQ             ; [CPU_ALU] |32| 
     291                      ; branchcc occurs ; [] |32| 
     292 00000076 D010          MOVB      XAR0,#16              ; [CPU_ALU] |32| 
     293 00000077 E2AF          MOV32     R1H,*+XAR4[AR0]       ; [CPU_FPU] |32| 
         00000078 0194 
     294 00000079 E694          CMPF32    R1H,R0H               ; [CPU_FPU] |32| 
         0000007a 0001 
     295 0000007b AD14          MOVST0    ZF, NF                ; [CPU_FPU] |32| 
     296 0000007c 6304          B         $C$L2,GEQ             ; [CPU_ALU] |32| 
     297                      ; branchcc occurs ; [] |32| 
     298                      .dwpsn  file "../utility Src Files/DLOG_4CH_F.c",line 35,column 4,is_stmt,isa 0
     299 0000007d D014          MOVB      XAR0,#20              ; [CPU_ALU] |35| 
     300 0000007e 56BF          MOVB      *+XAR4[AR0],#2,UNC    ; [CPU_ALU] |35| 
         0000007f 0294 
     301 00000080       $C$L2:    
     302                      .dwpsn  file "../utility Src Files/DLOG_4CH_F.c",line 56,column 2,is_stmt,isa 0
     303 00000080 83C4          MOVL      XAR5,*+XAR4[0]        ; [CPU_ALU] |56| 
     304 00000081 D010          MOVB      XAR0,#16              ; [CPU_ALU] |56| 
     305 00000082 06C5          MOVL      ACC,*+XAR5[0]         ; [CPU_ALU] |56| 
     306 00000083 FE82          SUBB      SP,#2                 ; [CPU_ARAU] 
     307                      .dwcfi  cfa_offset, -4
     308 00000084 1E94          MOVL      *+XAR4[AR0],ACC       ; [CPU_ALU] |56| 
     309 00000085 8BBE          MOVL      XAR1,*--SP            ; [CPU_ALU] 
     310                      .dwcfi  cfa_offset, -2
     311                      .dwcfi  restore_reg, 7
     312              $C$DW$8 .dwtag  DW_TAG_TI_branch
     313                      .dwattr $C$DW$8, DW_AT_low_pc(0x00)
     314                      .dwattr $C$DW$8, DW_AT_TI_return
     315              
     316 00000086 0006          LRETR     ; [CPU_ALU] 
     317                      ; return occurs ; [] 
TMS320C2000 Assembler PC v18.12.4 Sat Jul 18 15:28:14 2020

Copyright (c) 1996-2018 Texas Instruments Incorporated
DLOG_4CH_F.asm                                                       PAGE    7

     318                      .dwattr $C$DW$5, DW_AT_TI_end_file("../utility Src Files/DLOG_4CH_F.c")
     319                      .dwattr $C$DW$5, DW_AT_TI_end_line(0x39)
     320                      .dwattr $C$DW$5, DW_AT_TI_end_column(0x01)
     321                      .dwendentry
     322                      .dwendtag $C$DW$5
     323              
     324              
     325              ;***************************************************************
     326              ;* TYPE INFORMATION                                            *
     327              ;***************************************************************
     328              
     329              $C$DW$T$22      .dwtag  DW_TAG_structure_type
     330                      .dwattr $C$DW$T$22, DW_AT_byte_size(0x1a)
     331              $C$DW$9 .dwtag  DW_TAG_member
     332                      .dwattr $C$DW$9, DW_AT_type(*$C$DW$T$20)
     333                      .dwattr $C$DW$9, DW_AT_name("input_ptr1")
     334                      .dwattr $C$DW$9, DW_AT_TI_symbol_name("_input_ptr1")
     335                      .dwattr $C$DW$9, DW_AT_data_member_location[DW_OP_plus_uconst 0x0]
     336                      .dwattr $C$DW$9, DW_AT_accessibility(DW_ACCESS_public)
     337              
     338              $C$DW$10        .dwtag  DW_TAG_member
     339                      .dwattr $C$DW$10, DW_AT_type(*$C$DW$T$20)
     340                      .dwattr $C$DW$10, DW_AT_name("input_ptr2")
     341                      .dwattr $C$DW$10, DW_AT_TI_symbol_name("_input_ptr2")
     342                      .dwattr $C$DW$10, DW_AT_data_member_location[DW_OP_plus_uconst 0x2]
     343                      .dwattr $C$DW$10, DW_AT_accessibility(DW_ACCESS_public)
     344              
     345              $C$DW$11        .dwtag  DW_TAG_member
     346                      .dwattr $C$DW$11, DW_AT_type(*$C$DW$T$20)
     347                      .dwattr $C$DW$11, DW_AT_name("input_ptr3")
     348                      .dwattr $C$DW$11, DW_AT_TI_symbol_name("_input_ptr3")
     349                      .dwattr $C$DW$11, DW_AT_data_member_location[DW_OP_plus_uconst 0x4]
     350                      .dwattr $C$DW$11, DW_AT_accessibility(DW_ACCESS_public)
     351              
     352              $C$DW$12        .dwtag  DW_TAG_member
     353                      .dwattr $C$DW$12, DW_AT_type(*$C$DW$T$20)
     354                      .dwattr $C$DW$12, DW_AT_name("input_ptr4")
     355                      .dwattr $C$DW$12, DW_AT_TI_symbol_name("_input_ptr4")
     356                      .dwattr $C$DW$12, DW_AT_data_member_location[DW_OP_plus_uconst 0x6]
     357                      .dwattr $C$DW$12, DW_AT_accessibility(DW_ACCESS_public)
     358              
     359              $C$DW$13        .dwtag  DW_TAG_member
     360                      .dwattr $C$DW$13, DW_AT_type(*$C$DW$T$20)
     361                      .dwattr $C$DW$13, DW_AT_name("output_ptr1")
     362                      .dwattr $C$DW$13, DW_AT_TI_symbol_name("_output_ptr1")
     363                      .dwattr $C$DW$13, DW_AT_data_member_location[DW_OP_plus_uconst 0x8]
     364                      .dwattr $C$DW$13, DW_AT_accessibility(DW_ACCESS_public)
     365              
     366              $C$DW$14        .dwtag  DW_TAG_member
     367                      .dwattr $C$DW$14, DW_AT_type(*$C$DW$T$20)
     368                      .dwattr $C$DW$14, DW_AT_name("output_ptr2")
     369                      .dwattr $C$DW$14, DW_AT_TI_symbol_name("_output_ptr2")
     370                      .dwattr $C$DW$14, DW_AT_data_member_location[DW_OP_plus_uconst 0xa]
     371                      .dwattr $C$DW$14, DW_AT_accessibility(DW_ACCESS_public)
     372              
TMS320C2000 Assembler PC v18.12.4 Sat Jul 18 15:28:14 2020

Copyright (c) 1996-2018 Texas Instruments Incorporated
DLOG_4CH_F.asm                                                       PAGE    8

     373              $C$DW$15        .dwtag  DW_TAG_member
     374                      .dwattr $C$DW$15, DW_AT_type(*$C$DW$T$20)
     375                      .dwattr $C$DW$15, DW_AT_name("output_ptr3")
     376                      .dwattr $C$DW$15, DW_AT_TI_symbol_name("_output_ptr3")
     377                      .dwattr $C$DW$15, DW_AT_data_member_location[DW_OP_plus_uconst 0xc]
     378                      .dwattr $C$DW$15, DW_AT_accessibility(DW_ACCESS_public)
     379              
     380              $C$DW$16        .dwtag  DW_TAG_member
     381                      .dwattr $C$DW$16, DW_AT_type(*$C$DW$T$20)
     382                      .dwattr $C$DW$16, DW_AT_name("output_ptr4")
     383                      .dwattr $C$DW$16, DW_AT_TI_symbol_name("_output_ptr4")
     384                      .dwattr $C$DW$16, DW_AT_data_member_location[DW_OP_plus_uconst 0xe]
     385                      .dwattr $C$DW$16, DW_AT_accessibility(DW_ACCESS_public)
     386              
     387              $C$DW$17        .dwtag  DW_TAG_member
     388                      .dwattr $C$DW$17, DW_AT_type(*$C$DW$T$19)
     389                      .dwattr $C$DW$17, DW_AT_name("prev_value")
     390                      .dwattr $C$DW$17, DW_AT_TI_symbol_name("_prev_value")
     391                      .dwattr $C$DW$17, DW_AT_data_member_location[DW_OP_plus_uconst 0x10]
     392                      .dwattr $C$DW$17, DW_AT_accessibility(DW_ACCESS_public)
     393              
     394              $C$DW$18        .dwtag  DW_TAG_member
     395                      .dwattr $C$DW$18, DW_AT_type(*$C$DW$T$19)
     396                      .dwattr $C$DW$18, DW_AT_name("trig_value")
     397                      .dwattr $C$DW$18, DW_AT_TI_symbol_name("_trig_value")
     398                      .dwattr $C$DW$18, DW_AT_data_member_location[DW_OP_plus_uconst 0x12]
     399                      .dwattr $C$DW$18, DW_AT_accessibility(DW_ACCESS_public)
     400              
     401              $C$DW$19        .dwtag  DW_TAG_member
     402                      .dwattr $C$DW$19, DW_AT_type(*$C$DW$T$21)
     403                      .dwattr $C$DW$19, DW_AT_name("status")
     404                      .dwattr $C$DW$19, DW_AT_TI_symbol_name("_status")
     405                      .dwattr $C$DW$19, DW_AT_data_member_location[DW_OP_plus_uconst 0x14]
     406                      .dwattr $C$DW$19, DW_AT_accessibility(DW_ACCESS_public)
     407              
     408              $C$DW$20        .dwtag  DW_TAG_member
     409                      .dwattr $C$DW$20, DW_AT_type(*$C$DW$T$21)
     410                      .dwattr $C$DW$20, DW_AT_name("pre_scalar")
     411                      .dwattr $C$DW$20, DW_AT_TI_symbol_name("_pre_scalar")
     412                      .dwattr $C$DW$20, DW_AT_data_member_location[DW_OP_plus_uconst 0x15]
     413                      .dwattr $C$DW$20, DW_AT_accessibility(DW_ACCESS_public)
     414              
     415              $C$DW$21        .dwtag  DW_TAG_member
     416                      .dwattr $C$DW$21, DW_AT_type(*$C$DW$T$21)
     417                      .dwattr $C$DW$21, DW_AT_name("skip_count")
     418                      .dwattr $C$DW$21, DW_AT_TI_symbol_name("_skip_count")
     419                      .dwattr $C$DW$21, DW_AT_data_member_location[DW_OP_plus_uconst 0x16]
     420                      .dwattr $C$DW$21, DW_AT_accessibility(DW_ACCESS_public)
     421              
     422              $C$DW$22        .dwtag  DW_TAG_member
     423                      .dwattr $C$DW$22, DW_AT_type(*$C$DW$T$21)
     424                      .dwattr $C$DW$22, DW_AT_name("size")
     425                      .dwattr $C$DW$22, DW_AT_TI_symbol_name("_size")
     426                      .dwattr $C$DW$22, DW_AT_data_member_location[DW_OP_plus_uconst 0x17]
     427                      .dwattr $C$DW$22, DW_AT_accessibility(DW_ACCESS_public)
TMS320C2000 Assembler PC v18.12.4 Sat Jul 18 15:28:14 2020

Copyright (c) 1996-2018 Texas Instruments Incorporated
DLOG_4CH_F.asm                                                       PAGE    9

     428              
     429              $C$DW$23        .dwtag  DW_TAG_member
     430                      .dwattr $C$DW$23, DW_AT_type(*$C$DW$T$21)
     431                      .dwattr $C$DW$23, DW_AT_name("count")
     432                      .dwattr $C$DW$23, DW_AT_TI_symbol_name("_count")
     433                      .dwattr $C$DW$23, DW_AT_data_member_location[DW_OP_plus_uconst 0x18]
     434                      .dwattr $C$DW$23, DW_AT_accessibility(DW_ACCESS_public)
     435              
     436                      .dwendtag $C$DW$T$22
     437              
     438              $C$DW$T$23      .dwtag  DW_TAG_typedef
     439                      .dwattr $C$DW$T$23, DW_AT_name("DLOG_4CH_F")
     440                      .dwattr $C$DW$T$23, DW_AT_type(*$C$DW$T$22)
     441                      .dwattr $C$DW$T$23, DW_AT_language(DW_LANG_C)
     442              
     443              $C$DW$T$24      .dwtag  DW_TAG_pointer_type
     444                      .dwattr $C$DW$T$24, DW_AT_type(*$C$DW$T$23)
     445                      .dwattr $C$DW$T$24, DW_AT_address_class(0x20)
     446              
     447              $C$DW$24        .dwtag  DW_TAG_TI_far_type
     448                      .dwattr $C$DW$24, DW_AT_type(*$C$DW$T$24)
     449              
     450              $C$DW$T$25      .dwtag  DW_TAG_const_type
     451                      .dwattr $C$DW$T$25, DW_AT_type(*$C$DW$24)
     452              
     453              $C$DW$T$2       .dwtag  DW_TAG_unspecified_type
     454                      .dwattr $C$DW$T$2, DW_AT_name("void")
     455              
     456              $C$DW$T$4       .dwtag  DW_TAG_base_type
     457                      .dwattr $C$DW$T$4, DW_AT_encoding(DW_ATE_boolean)
     458                      .dwattr $C$DW$T$4, DW_AT_name("bool")
     459                      .dwattr $C$DW$T$4, DW_AT_byte_size(0x01)
     460              
     461              $C$DW$T$5       .dwtag  DW_TAG_base_type
     462                      .dwattr $C$DW$T$5, DW_AT_encoding(DW_ATE_signed_char)
     463                      .dwattr $C$DW$T$5, DW_AT_name("signed char")
     464                      .dwattr $C$DW$T$5, DW_AT_byte_size(0x01)
     465              
     466              $C$DW$T$6       .dwtag  DW_TAG_base_type
     467                      .dwattr $C$DW$T$6, DW_AT_encoding(DW_ATE_unsigned_char)
     468                      .dwattr $C$DW$T$6, DW_AT_name("unsigned char")
     469                      .dwattr $C$DW$T$6, DW_AT_byte_size(0x01)
     470              
     471              $C$DW$T$7       .dwtag  DW_TAG_base_type
     472                      .dwattr $C$DW$T$7, DW_AT_encoding(DW_ATE_signed_char)
     473                      .dwattr $C$DW$T$7, DW_AT_name("wchar_t")
     474                      .dwattr $C$DW$T$7, DW_AT_byte_size(0x01)
     475              
     476              $C$DW$T$8       .dwtag  DW_TAG_base_type
     477                      .dwattr $C$DW$T$8, DW_AT_encoding(DW_ATE_signed)
     478                      .dwattr $C$DW$T$8, DW_AT_name("short")
     479                      .dwattr $C$DW$T$8, DW_AT_byte_size(0x01)
     480              
     481              $C$DW$T$9       .dwtag  DW_TAG_base_type
     482                      .dwattr $C$DW$T$9, DW_AT_encoding(DW_ATE_unsigned)
TMS320C2000 Assembler PC v18.12.4 Sat Jul 18 15:28:14 2020

Copyright (c) 1996-2018 Texas Instruments Incorporated
DLOG_4CH_F.asm                                                       PAGE   10

     483                      .dwattr $C$DW$T$9, DW_AT_name("unsigned short")
     484                      .dwattr $C$DW$T$9, DW_AT_byte_size(0x01)
     485              
     486              $C$DW$T$10      .dwtag  DW_TAG_base_type
     487                      .dwattr $C$DW$T$10, DW_AT_encoding(DW_ATE_signed)
     488                      .dwattr $C$DW$T$10, DW_AT_name("int")
     489                      .dwattr $C$DW$T$10, DW_AT_byte_size(0x01)
     490              
     491              $C$DW$T$21      .dwtag  DW_TAG_typedef
     492                      .dwattr $C$DW$T$21, DW_AT_name("int16")
     493                      .dwattr $C$DW$T$21, DW_AT_type(*$C$DW$T$10)
     494                      .dwattr $C$DW$T$21, DW_AT_language(DW_LANG_C)
     495              
     496              $C$DW$T$11      .dwtag  DW_TAG_base_type
     497                      .dwattr $C$DW$T$11, DW_AT_encoding(DW_ATE_unsigned)
     498                      .dwattr $C$DW$T$11, DW_AT_name("unsigned int")
     499                      .dwattr $C$DW$T$11, DW_AT_byte_size(0x01)
     500              
     501              $C$DW$T$12      .dwtag  DW_TAG_base_type
     502                      .dwattr $C$DW$T$12, DW_AT_encoding(DW_ATE_signed)
     503                      .dwattr $C$DW$T$12, DW_AT_name("long")
     504                      .dwattr $C$DW$T$12, DW_AT_byte_size(0x02)
     505              
     506              $C$DW$T$13      .dwtag  DW_TAG_base_type
     507                      .dwattr $C$DW$T$13, DW_AT_encoding(DW_ATE_unsigned)
     508                      .dwattr $C$DW$T$13, DW_AT_name("unsigned long")
     509                      .dwattr $C$DW$T$13, DW_AT_byte_size(0x02)
     510              
     511              $C$DW$T$14      .dwtag  DW_TAG_base_type
     512                      .dwattr $C$DW$T$14, DW_AT_encoding(DW_ATE_signed)
     513                      .dwattr $C$DW$T$14, DW_AT_name("long long")
     514                      .dwattr $C$DW$T$14, DW_AT_byte_size(0x04)
     515              
     516              $C$DW$T$15      .dwtag  DW_TAG_base_type
     517                      .dwattr $C$DW$T$15, DW_AT_encoding(DW_ATE_unsigned)
     518                      .dwattr $C$DW$T$15, DW_AT_name("unsigned long long")
     519                      .dwattr $C$DW$T$15, DW_AT_byte_size(0x04)
     520              
     521              $C$DW$T$16      .dwtag  DW_TAG_base_type
     522                      .dwattr $C$DW$T$16, DW_AT_encoding(DW_ATE_float)
     523                      .dwattr $C$DW$T$16, DW_AT_name("float")
     524                      .dwattr $C$DW$T$16, DW_AT_byte_size(0x02)
     525              
     526              $C$DW$T$19      .dwtag  DW_TAG_typedef
     527                      .dwattr $C$DW$T$19, DW_AT_name("float32")
     528                      .dwattr $C$DW$T$19, DW_AT_type(*$C$DW$T$16)
     529                      .dwattr $C$DW$T$19, DW_AT_language(DW_LANG_C)
     530              
     531              $C$DW$T$20      .dwtag  DW_TAG_pointer_type
     532                      .dwattr $C$DW$T$20, DW_AT_type(*$C$DW$T$19)
     533                      .dwattr $C$DW$T$20, DW_AT_address_class(0x20)
     534              
     535              $C$DW$T$17      .dwtag  DW_TAG_base_type
     536                      .dwattr $C$DW$T$17, DW_AT_encoding(DW_ATE_float)
     537                      .dwattr $C$DW$T$17, DW_AT_name("double")
TMS320C2000 Assembler PC v18.12.4 Sat Jul 18 15:28:14 2020

Copyright (c) 1996-2018 Texas Instruments Incorporated
DLOG_4CH_F.asm                                                       PAGE   11

     538                      .dwattr $C$DW$T$17, DW_AT_byte_size(0x02)
     539              
     540              $C$DW$T$18      .dwtag  DW_TAG_base_type
     541                      .dwattr $C$DW$T$18, DW_AT_encoding(DW_ATE_float)
     542                      .dwattr $C$DW$T$18, DW_AT_name("long double")
     543                      .dwattr $C$DW$T$18, DW_AT_byte_size(0x04)
     544              
     545                      .dwattr $C$DW$CU, DW_AT_language(DW_LANG_C)
     546              
     547              ;***************************************************************
     548              ;* DWARF CIE ENTRIES                                           *
     549              ;***************************************************************
     550              
     551              $C$DW$CIE       .dwcie 26
     552                      .dwcfi  cfa_register, 20
     553                      .dwcfi  cfa_offset, 0
     554                      .dwcfi  same_value, 28
     555                      .dwcfi  same_value, 6
     556                      .dwcfi  same_value, 7
     557                      .dwcfi  same_value, 8
     558                      .dwcfi  same_value, 9
     559                      .dwcfi  same_value, 10
     560                      .dwcfi  same_value, 11
     561                      .dwcfi  same_value, 59
     562                      .dwcfi  same_value, 63
     563                      .dwcfi  same_value, 67
     564                      .dwcfi  same_value, 71
     565                      .dwendentry
     566              
     567              ;***************************************************************
     568              ;* DWARF REGISTER MAP                                          *
     569              ;***************************************************************
     570              
     571              $C$DW$25        .dwtag  DW_TAG_TI_assign_register
     572                      .dwattr $C$DW$25, DW_AT_name("AL")
     573                      .dwattr $C$DW$25, DW_AT_location[DW_OP_reg0]
     574              
     575              $C$DW$26        .dwtag  DW_TAG_TI_assign_register
     576                      .dwattr $C$DW$26, DW_AT_name("AH")
     577                      .dwattr $C$DW$26, DW_AT_location[DW_OP_reg1]
     578              
     579              $C$DW$27        .dwtag  DW_TAG_TI_assign_register
     580                      .dwattr $C$DW$27, DW_AT_name("PL")
     581                      .dwattr $C$DW$27, DW_AT_location[DW_OP_reg2]
     582              
     583              $C$DW$28        .dwtag  DW_TAG_TI_assign_register
     584                      .dwattr $C$DW$28, DW_AT_name("PH")
     585                      .dwattr $C$DW$28, DW_AT_location[DW_OP_reg3]
     586              
     587              $C$DW$29        .dwtag  DW_TAG_TI_assign_register
     588                      .dwattr $C$DW$29, DW_AT_name("SP")
     589                      .dwattr $C$DW$29, DW_AT_location[DW_OP_reg20]
     590              
     591              $C$DW$30        .dwtag  DW_TAG_TI_assign_register
     592                      .dwattr $C$DW$30, DW_AT_name("XT")
TMS320C2000 Assembler PC v18.12.4 Sat Jul 18 15:28:14 2020

Copyright (c) 1996-2018 Texas Instruments Incorporated
DLOG_4CH_F.asm                                                       PAGE   12

     593                      .dwattr $C$DW$30, DW_AT_location[DW_OP_reg21]
     594              
     595              $C$DW$31        .dwtag  DW_TAG_TI_assign_register
     596                      .dwattr $C$DW$31, DW_AT_name("T")
     597                      .dwattr $C$DW$31, DW_AT_location[DW_OP_reg22]
     598              
     599              $C$DW$32        .dwtag  DW_TAG_TI_assign_register
     600                      .dwattr $C$DW$32, DW_AT_name("ST0")
     601                      .dwattr $C$DW$32, DW_AT_location[DW_OP_reg23]
     602              
     603              $C$DW$33        .dwtag  DW_TAG_TI_assign_register
     604                      .dwattr $C$DW$33, DW_AT_name("ST1")
     605                      .dwattr $C$DW$33, DW_AT_location[DW_OP_reg24]
     606              
     607              $C$DW$34        .dwtag  DW_TAG_TI_assign_register
     608                      .dwattr $C$DW$34, DW_AT_name("PC")
     609                      .dwattr $C$DW$34, DW_AT_location[DW_OP_reg25]
     610              
     611              $C$DW$35        .dwtag  DW_TAG_TI_assign_register
     612                      .dwattr $C$DW$35, DW_AT_name("RPC")
     613                      .dwattr $C$DW$35, DW_AT_location[DW_OP_reg26]
     614              
     615              $C$DW$36        .dwtag  DW_TAG_TI_assign_register
     616                      .dwattr $C$DW$36, DW_AT_name("FP")
     617                      .dwattr $C$DW$36, DW_AT_location[DW_OP_reg28]
     618              
     619              $C$DW$37        .dwtag  DW_TAG_TI_assign_register
     620                      .dwattr $C$DW$37, DW_AT_name("DP")
     621                      .dwattr $C$DW$37, DW_AT_location[DW_OP_reg29]
     622              
     623              $C$DW$38        .dwtag  DW_TAG_TI_assign_register
     624                      .dwattr $C$DW$38, DW_AT_name("SXM")
     625                      .dwattr $C$DW$38, DW_AT_location[DW_OP_reg30]
     626              
     627              $C$DW$39        .dwtag  DW_TAG_TI_assign_register
     628                      .dwattr $C$DW$39, DW_AT_name("PM")
     629                      .dwattr $C$DW$39, DW_AT_location[DW_OP_reg31]
     630              
     631              $C$DW$40        .dwtag  DW_TAG_TI_assign_register
     632                      .dwattr $C$DW$40, DW_AT_name("OVM")
     633                      .dwattr $C$DW$40, DW_AT_location[DW_OP_regx 0x20]
     634              
     635              $C$DW$41        .dwtag  DW_TAG_TI_assign_register
     636                      .dwattr $C$DW$41, DW_AT_name("PAGE0")
     637                      .dwattr $C$DW$41, DW_AT_location[DW_OP_regx 0x21]
     638              
     639              $C$DW$42        .dwtag  DW_TAG_TI_assign_register
     640                      .dwattr $C$DW$42, DW_AT_name("AMODE")
     641                      .dwattr $C$DW$42, DW_AT_location[DW_OP_regx 0x22]
     642              
     643              $C$DW$43        .dwtag  DW_TAG_TI_assign_register
     644                      .dwattr $C$DW$43, DW_AT_name("EALLOW")
     645                      .dwattr $C$DW$43, DW_AT_location[DW_OP_regx 0x4e]
     646              
     647              $C$DW$44        .dwtag  DW_TAG_TI_assign_register
TMS320C2000 Assembler PC v18.12.4 Sat Jul 18 15:28:14 2020

Copyright (c) 1996-2018 Texas Instruments Incorporated
DLOG_4CH_F.asm                                                       PAGE   13

     648                      .dwattr $C$DW$44, DW_AT_name("INTM")
     649                      .dwattr $C$DW$44, DW_AT_location[DW_OP_regx 0x23]
     650              
     651              $C$DW$45        .dwtag  DW_TAG_TI_assign_register
     652                      .dwattr $C$DW$45, DW_AT_name("IFR")
     653                      .dwattr $C$DW$45, DW_AT_location[DW_OP_regx 0x24]
     654              
     655              $C$DW$46        .dwtag  DW_TAG_TI_assign_register
     656                      .dwattr $C$DW$46, DW_AT_name("IER")
     657                      .dwattr $C$DW$46, DW_AT_location[DW_OP_regx 0x25]
     658              
     659              $C$DW$47        .dwtag  DW_TAG_TI_assign_register
     660                      .dwattr $C$DW$47, DW_AT_name("V")
     661                      .dwattr $C$DW$47, DW_AT_location[DW_OP_regx 0x26]
     662              
     663              $C$DW$48        .dwtag  DW_TAG_TI_assign_register
     664                      .dwattr $C$DW$48, DW_AT_name("PSEUDOH")
     665                      .dwattr $C$DW$48, DW_AT_location[DW_OP_regx 0x4c]
     666              
     667              $C$DW$49        .dwtag  DW_TAG_TI_assign_register
     668                      .dwattr $C$DW$49, DW_AT_name("VOL")
     669                      .dwattr $C$DW$49, DW_AT_location[DW_OP_regx 0x4d]
     670              
     671              $C$DW$50        .dwtag  DW_TAG_TI_assign_register
     672                      .dwattr $C$DW$50, DW_AT_name("AR0")
     673                      .dwattr $C$DW$50, DW_AT_location[DW_OP_reg4]
     674              
     675              $C$DW$51        .dwtag  DW_TAG_TI_assign_register
     676                      .dwattr $C$DW$51, DW_AT_name("XAR0")
     677                      .dwattr $C$DW$51, DW_AT_location[DW_OP_reg5]
     678              
     679              $C$DW$52        .dwtag  DW_TAG_TI_assign_register
     680                      .dwattr $C$DW$52, DW_AT_name("AR1")
     681                      .dwattr $C$DW$52, DW_AT_location[DW_OP_reg6]
     682              
     683              $C$DW$53        .dwtag  DW_TAG_TI_assign_register
     684                      .dwattr $C$DW$53, DW_AT_name("XAR1")
     685                      .dwattr $C$DW$53, DW_AT_location[DW_OP_reg7]
     686              
     687              $C$DW$54        .dwtag  DW_TAG_TI_assign_register
     688                      .dwattr $C$DW$54, DW_AT_name("AR2")
     689                      .dwattr $C$DW$54, DW_AT_location[DW_OP_reg8]
     690              
     691              $C$DW$55        .dwtag  DW_TAG_TI_assign_register
     692                      .dwattr $C$DW$55, DW_AT_name("XAR2")
     693                      .dwattr $C$DW$55, DW_AT_location[DW_OP_reg9]
     694              
     695              $C$DW$56        .dwtag  DW_TAG_TI_assign_register
     696                      .dwattr $C$DW$56, DW_AT_name("AR3")
     697                      .dwattr $C$DW$56, DW_AT_location[DW_OP_reg10]
     698              
     699              $C$DW$57        .dwtag  DW_TAG_TI_assign_register
     700                      .dwattr $C$DW$57, DW_AT_name("XAR3")
     701                      .dwattr $C$DW$57, DW_AT_location[DW_OP_reg11]
     702              
TMS320C2000 Assembler PC v18.12.4 Sat Jul 18 15:28:14 2020

Copyright (c) 1996-2018 Texas Instruments Incorporated
DLOG_4CH_F.asm                                                       PAGE   14

     703              $C$DW$58        .dwtag  DW_TAG_TI_assign_register
     704                      .dwattr $C$DW$58, DW_AT_name("AR4")
     705                      .dwattr $C$DW$58, DW_AT_location[DW_OP_reg12]
     706              
     707              $C$DW$59        .dwtag  DW_TAG_TI_assign_register
     708                      .dwattr $C$DW$59, DW_AT_name("XAR4")
     709                      .dwattr $C$DW$59, DW_AT_location[DW_OP_reg13]
     710              
     711              $C$DW$60        .dwtag  DW_TAG_TI_assign_register
     712                      .dwattr $C$DW$60, DW_AT_name("AR5")
     713                      .dwattr $C$DW$60, DW_AT_location[DW_OP_reg14]
     714              
     715              $C$DW$61        .dwtag  DW_TAG_TI_assign_register
     716                      .dwattr $C$DW$61, DW_AT_name("XAR5")
     717                      .dwattr $C$DW$61, DW_AT_location[DW_OP_reg15]
     718              
     719              $C$DW$62        .dwtag  DW_TAG_TI_assign_register
     720                      .dwattr $C$DW$62, DW_AT_name("AR6")
     721                      .dwattr $C$DW$62, DW_AT_location[DW_OP_reg16]
     722              
     723              $C$DW$63        .dwtag  DW_TAG_TI_assign_register
     724                      .dwattr $C$DW$63, DW_AT_name("XAR6")
     725                      .dwattr $C$DW$63, DW_AT_location[DW_OP_reg17]
     726              
     727              $C$DW$64        .dwtag  DW_TAG_TI_assign_register
     728                      .dwattr $C$DW$64, DW_AT_name("AR7")
     729                      .dwattr $C$DW$64, DW_AT_location[DW_OP_reg18]
     730              
     731              $C$DW$65        .dwtag  DW_TAG_TI_assign_register
     732                      .dwattr $C$DW$65, DW_AT_name("XAR7")
     733                      .dwattr $C$DW$65, DW_AT_location[DW_OP_reg19]
     734              
     735              $C$DW$66        .dwtag  DW_TAG_TI_assign_register
     736                      .dwattr $C$DW$66, DW_AT_name("R0H")
     737                      .dwattr $C$DW$66, DW_AT_location[DW_OP_regx 0x2b]
     738              
     739              $C$DW$67        .dwtag  DW_TAG_TI_assign_register
     740                      .dwattr $C$DW$67, DW_AT_name("R1H")
     741                      .dwattr $C$DW$67, DW_AT_location[DW_OP_regx 0x2f]
     742              
     743              $C$DW$68        .dwtag  DW_TAG_TI_assign_register
     744                      .dwattr $C$DW$68, DW_AT_name("R2H")
     745                      .dwattr $C$DW$68, DW_AT_location[DW_OP_regx 0x33]
     746              
     747              $C$DW$69        .dwtag  DW_TAG_TI_assign_register
     748                      .dwattr $C$DW$69, DW_AT_name("R3H")
     749                      .dwattr $C$DW$69, DW_AT_location[DW_OP_regx 0x37]
     750              
     751              $C$DW$70        .dwtag  DW_TAG_TI_assign_register
     752                      .dwattr $C$DW$70, DW_AT_name("R4H")
     753                      .dwattr $C$DW$70, DW_AT_location[DW_OP_regx 0x3b]
     754              
     755              $C$DW$71        .dwtag  DW_TAG_TI_assign_register
     756                      .dwattr $C$DW$71, DW_AT_name("R5H")
     757                      .dwattr $C$DW$71, DW_AT_location[DW_OP_regx 0x3f]
TMS320C2000 Assembler PC v18.12.4 Sat Jul 18 15:28:14 2020

Copyright (c) 1996-2018 Texas Instruments Incorporated
DLOG_4CH_F.asm                                                       PAGE   15

     758              
     759              $C$DW$72        .dwtag  DW_TAG_TI_assign_register
     760                      .dwattr $C$DW$72, DW_AT_name("R6H")
     761                      .dwattr $C$DW$72, DW_AT_location[DW_OP_regx 0x43]
     762              
     763              $C$DW$73        .dwtag  DW_TAG_TI_assign_register
     764                      .dwattr $C$DW$73, DW_AT_name("R7H")
     765                      .dwattr $C$DW$73, DW_AT_location[DW_OP_regx 0x47]
     766              
     767              $C$DW$74        .dwtag  DW_TAG_TI_assign_register
     768                      .dwattr $C$DW$74, DW_AT_name("RB")
     769                      .dwattr $C$DW$74, DW_AT_location[DW_OP_regx 0x4a]
     770              
     771              $C$DW$75        .dwtag  DW_TAG_TI_assign_register
     772                      .dwattr $C$DW$75, DW_AT_name("STF")
     773                      .dwattr $C$DW$75, DW_AT_location[DW_OP_regx 0x28]
     774              
     775              $C$DW$76        .dwtag  DW_TAG_TI_assign_register
     776                      .dwattr $C$DW$76, DW_AT_name("FPUHAZ")
     777                      .dwattr $C$DW$76, DW_AT_location[DW_OP_reg27]
     778              
     779              $C$DW$77        .dwtag  DW_TAG_TI_assign_register
     780                      .dwattr $C$DW$77, DW_AT_name("STF_HWDIV")
     781                      .dwattr $C$DW$77, DW_AT_location[DW_OP_regx 0x4f]
     782              
     783                      .dwendtag $C$DW$CU
     784              

No Assembly Errors, No Assembly Warnings
