This is pdfTeX, Version 3.14159265-2.6-1.40.21 (MiKTeX 2.9.7400 64-bit) (preloaded format=pdflatex 2020.4.25)  4 MAY 2020 23:13
entering extended mode
**c:/Users/hakan/Documents/GitHub/fault_tolerant_drives/Simulation/FOC/FocFaultReport/FocFaultReport.tex
(c:/Users/hakan/Documents/GitHub/fault_tolerant_drives/Simulation/FOC/FocFaultReport/FocFaultReport.tex
LaTeX2e <2020-02-02> patch level 5
L3 programming layer <2020-04-06> ("C:\Users\hakan\AppData\Local\Programs\MiKTeX 2.9\tex/latex/base\article.cls"
Document Class: article 2019/12/20 v1.4l Standard LaTeX document class
("C:\Users\hakan\AppData\Local\Programs\MiKTeX 2.9\tex/latex/base\size10.clo"
File: size10.clo 2019/12/20 v1.4l Standard LaTeX file (size option)
)
\c@part=\count167
\c@section=\count168
\c@subsection=\count169
\c@subsubsection=\count170
\c@paragraph=\count171
\c@subparagraph=\count172
\c@figure=\count173
\c@table=\count174
\abovecaptionskip=\skip47
\belowcaptionskip=\skip48
\bibindent=\dimen134
) ("C:\Users\hakan\AppData\Local\Programs\MiKTeX 2.9\tex/latex/base\inputenc.sty"
Package: inputenc 2018/08/11 v1.3c Input encoding file
\inpenc@prehook=\toks15
\inpenc@posthook=\toks16
) ("C:\Users\hakan\AppData\Local\Programs\MiKTeX 2.9\tex/latex/natbib\natbib.sty"
Package: natbib 2010/09/13 8.31b (PWD, AO)
\bibhang=\skip49
\bibsep=\skip50
LaTeX Info: Redefining \cite on input line 694.
\c@NAT@ctr=\count175
) ("C:\Users\hakan\AppData\Local\Programs\MiKTeX 2.9\tex/latex/graphics\graphicx.sty"
Package: graphicx 2019/11/30 v1.2a Enhanced LaTeX Graphics (DPC,SPQR)
 ("C:\Users\hakan\AppData\Local\Programs\MiKTeX 2.9\tex/latex/graphics\keyval.sty"
Package: keyval 2014/10/28 v1.15 key=value parser (DPC)
\KV@toks@=\toks17
) ("C:\Users\hakan\AppData\Local\Programs\MiKTeX 2.9\tex/latex/graphics\graphics.sty"
Package: graphics 2019/11/30 v1.4a Standard LaTeX Graphics (DPC,SPQR)
 ("C:\Users\hakan\AppData\Local\Programs\MiKTeX 2.9\tex/latex/graphics\trig.sty"
Package: trig 2016/01/03 v1.10 sin cos tan (DPC)
) ("C:\Users\hakan\AppData\Local\Programs\MiKTeX 2.9\tex/latex/graphics-cfg\graphics.cfg"
File: graphics.cfg 2016/06/04 v1.11 sample graphics configuration
)
Package graphics Info: Driver file: pdftex.def on input line 105.
 ("C:\Users\hakan\AppData\Local\Programs\MiKTeX 2.9\tex/latex/graphics-def\pdftex.def"
File: pdftex.def 2018/01/08 v1.0l Graphics/color driver for pdftex
))
\Gin@req@height=\dimen135
\Gin@req@width=\dimen136
) ("C:\Users\hakan\AppData\Local\Programs\MiKTeX 2.9\tex/latex/tools\indentfirst.sty"
Package: indentfirst 1995/11/23 v1.03 Indent first paragraph (DPC)
) ("C:\Users\hakan\AppData\Local\Programs\MiKTeX 2.9\tex/latex/siunitx\siunitx.sty" ("C:\Users\hakan\AppData\Local\Programs\MiKTeX 2.9\tex/latex/l3kernel\expl3.sty"
Package: expl3 2020-04-06 L3 programming layer (loader) 
 ("C:\Users\hakan\AppData\Local\Programs\MiKTeX 2.9\tex/latex/l3backend\l3backend-pdfmode.def"
File: l3backend-pdfmode.def 2020-03-12 L3 backend support: PDF mode
\l__kernel_color_stack_int=\count176
\l__pdf_internal_box=\box45
)) ("C:\Users\hakan\AppData\Local\Programs\MiKTeX 2.9\tex/latex/l3packages/xparse\xparse.sty"
Package: xparse 2020-03-06 L3 Experimental document command parser
\l__xparse_current_arg_int=\count177
\g__xparse_grabber_int=\count178
\l__xparse_m_args_int=\count179
\l__xparse_v_nesting_int=\count180
)
Package: siunitx 2020/02/25 v2.8b A comprehensive (SI) units package
 ("C:\Users\hakan\AppData\Local\Programs\MiKTeX 2.9\tex/latex/amsmath\amstext.sty"
Package: amstext 2000/06/29 v2.01 AMS text
 ("C:\Users\hakan\AppData\Local\Programs\MiKTeX 2.9\tex/latex/amsmath\amsgen.sty"
File: amsgen.sty 1999/11/30 v2.0 generic functions
\@emptytoks=\toks18
\ex@=\dimen137
)) ("C:\Users\hakan\AppData\Local\Programs\MiKTeX 2.9\tex/latex/tools\array.sty"
Package: array 2019/08/31 v2.4l Tabular extension package (FMi)
\col@sep=\dimen138
\ar@mcellbox=\box46
\extrarowheight=\dimen139
\NC@list=\toks19
\extratabsurround=\skip51
\backup@length=\skip52
\ar@cellbox=\box47
) ("C:\Users\hakan\AppData\Local\Programs\MiKTeX 2.9\tex/latex/l3packages/l3keys2e\l3keys2e.sty"
Package: l3keys2e 2020-03-06 LaTeX2e option processing using LaTeX3 keys
)
\l__siunitx_tmp_box=\box48
\l__siunitx_tmp_dim=\dimen140
\l__siunitx_tmp_int=\count181
\l__siunitx_number_mantissa_length_int=\count182
\l__siunitx_number_uncert_length_int=\count183
\l__siunitx_round_int=\count184
\l__siunitx_process_decimal_int=\count185
\l__siunitx_process_uncertainty_int=\count186
\l__siunitx_process_fixed_int=\count187
\l__siunitx_process_integer_min_int=\count188
\l__siunitx_process_precision_int=\count189
\l__siunitx_group_min_int=\count190
\l__siunitx_angle_marker_box=\box49
\l__siunitx_angle_unit_box=\box50
\l__siunitx_angle_marker_dim=\dimen141
\l__siunitx_angle_unit_dim=\dimen142
\l__siunitx_unit_int=\count191
\l__siunitx_unit_denominator_int=\count192
\l__siunitx_unit_numerator_int=\count193
\l__siunitx_unit_prefix_int=\count194
\l__siunitx_unit_prefix_base_int=\count195
\l__siunitx_unit_prefix_gram_int=\count196
\l__siunitx_number_product_int=\count197
\c__siunitx_one_fill_skip=\skip53
\l__siunitx_table_unit_align_skip=\skip54
\l__siunitx_table_exponent_dim=\dimen143
\l__siunitx_table_integer_dim=\dimen144
\l__siunitx_table_mantissa_dim=\dimen145
\l__siunitx_table_marker_dim=\dimen146
\l__siunitx_table_result_dim=\dimen147
\l__siunitx_table_uncert_dim=\dimen148
\l__siunitx_table_fill_pre_dim=\dimen149
\l__siunitx_table_fill_post_dim=\dimen150
\l__siunitx_table_fill_mid_dim=\dimen151
\l__siunitx_table_pre_box=\box51
\l__siunitx_table_post_box=\box52
\l__siunitx_table_mantissa_box=\box53
\l__siunitx_table_result_box=\box54
\l__siunitx_table_number_align_skip=\skip55
\l__siunitx_table_text_align_skip=\skip56
 ("C:\Users\hakan\AppData\Local\Programs\MiKTeX 2.9\tex/latex/translator\translator.sty"
Package: translator 2019-05-31 v1.12a Easy translation of strings in LaTeX
)) ("C:\Users\hakan\AppData\Local\Programs\MiKTeX 2.9\tex/latex/svg\svg.sty"
Package: svg 2020/01/13 v2.02e (include SVG pictures)
 ("C:\Users\hakan\AppData\Local\Programs\MiKTeX 2.9\tex/generic/iftex\iftex.sty"
Package: iftex 2020/03/06 v1.0d TeX engine tests
) ("C:\Users\hakan\AppData\Local\Programs\MiKTeX 2.9\tex/latex/koma-script\scrbase.sty"
Package: scrbase 2020/04/19 v3.30 KOMA-Script package (KOMA-Script-independent basics and keyval usage)
 ("C:\Users\hakan\AppData\Local\Programs\MiKTeX 2.9\tex/latex/koma-script\scrlfile.sty"
Package: scrlfile 2020/04/19 v3.30 KOMA-Script package (loading files)
)) ("C:\Users\hakan\AppData\Local\Programs\MiKTeX 2.9\tex/latex/pdftexcmds\pdftexcmds.sty"
Package: pdftexcmds 2019/11/24 v0.31 Utility functions of pdfTeX for LuaTeX (HO)
 ("C:\Users\hakan\AppData\Local\Programs\MiKTeX 2.9\tex/generic/infwarerr\infwarerr.sty"
Package: infwarerr 2019/12/03 v1.5 Providing info/warning/error messages (HO)
) ("C:\Users\hakan\AppData\Local\Programs\MiKTeX 2.9\tex/generic/ltxcmds\ltxcmds.sty"
Package: ltxcmds 2019/12/15 v1.24 LaTeX kernel commands for general use (HO)
)
Package pdftexcmds Info: \pdf@primitive is available.
Package pdftexcmds Info: \pdf@ifprimitive is available.
Package pdftexcmds Info: \pdfdraftmode found.
) ("C:\Users\hakan\AppData\Local\Programs\MiKTeX 2.9\tex/latex/tools\shellesc.sty"
Package: shellesc 2019/11/08 v1.0c unified shell escape interface for LaTeX
Package shellesc Info: Restricted shell escape enabled on input line 77.
) ("C:\Users\hakan\AppData\Local\Programs\MiKTeX 2.9\tex/latex/trimspaces\trimspaces.sty"
Package: trimspaces 2009/09/17 v1.1 Trim spaces around a token list
)
\svg@box=\box55
\c@svg@param@lastpage=\count198
\c@svg@param@currpage=\count199
) ("C:\Users\hakan\AppData\Local\Programs\MiKTeX 2.9\tex/latex/xcolor\xcolor.sty"
Package: xcolor 2016/05/11 v2.12 LaTeX color extensions (UK)
 ("C:\Users\hakan\AppData\Local\Programs\MiKTeX 2.9\tex/latex/graphics-cfg\color.cfg"
File: color.cfg 2016/01/02 v1.6 sample color configuration
)
Package xcolor Info: Driver file: pdftex.def on input line 225.
Package xcolor Info: Model `cmy' substituted by `cmy0' on input line 1348.
Package xcolor Info: Model `hsb' substituted by `rgb' on input line 1352.
Package xcolor Info: Model `RGB' extended on input line 1364.
Package xcolor Info: Model `HTML' substituted by `rgb' on input line 1366.
Package xcolor Info: Model `Hsb' substituted by `hsb' on input line 1367.
Package xcolor Info: Model `tHsb' substituted by `hsb' on input line 1368.
Package xcolor Info: Model `HSB' substituted by `hsb' on input line 1369.
Package xcolor Info: Model `Gray' substituted by `gray' on input line 1370.
Package xcolor Info: Model `wave' substituted by `hsb' on input line 1371.
) ("C:\Users\hakan\AppData\Local\Programs\MiKTeX 2.9\tex/latex/transparent\transparent.sty"
Package: transparent 2019/11/29 v1.4 Transparency via pdfTeX's color stack (HO)
 ("C:\Users\hakan\AppData\Local\Programs\MiKTeX 2.9\tex/latex/auxhook\auxhook.sty"
Package: auxhook 2019-12-17 v1.6 Hooks for auxiliary files (HO)
)) (c:/Users\hakan\Documents\GitHub\fault_tolerant_drives\Simulation\FOC\FocFaultReport\FocFaultReport.aux)
\openout1 = `FocFaultReport.aux'.

LaTeX Font Info:    Checking defaults for OML/cmm/m/it on input line 20.
LaTeX Font Info:    ... okay on input line 20.
LaTeX Font Info:    Checking defaults for OMS/cmsy/m/n on input line 20.
LaTeX Font Info:    ... okay on input line 20.
LaTeX Font Info:    Checking defaults for OT1/cmr/m/n on input line 20.
LaTeX Font Info:    ... okay on input line 20.
LaTeX Font Info:    Checking defaults for T1/cmr/m/n on input line 20.
LaTeX Font Info:    ... okay on input line 20.
LaTeX Font Info:    Checking defaults for TS1/cmr/m/n on input line 20.
LaTeX Font Info:    ... okay on input line 20.
LaTeX Font Info:    Checking defaults for OMX/cmex/m/n on input line 20.
LaTeX Font Info:    ... okay on input line 20.
LaTeX Font Info:    Checking defaults for U/cmr/m/n on input line 20.
LaTeX Font Info:    ... okay on input line 20.
 ("C:\Users\hakan\AppData\Local\Programs\MiKTeX 2.9\tex/context/base/mkii\supp-pdf.mkii"
[Loading MPS to PDF converter (version 2006.09.02).]
\scratchcounter=\count266
\scratchdimen=\dimen152
\scratchbox=\box56
\nofMPsegments=\count267
\nofMParguments=\count268
\everyMPshowfont=\toks20
\MPscratchCnt=\count269
\MPscratchDim=\dimen153
\MPnumerator=\count270
\makeMPintoPDFobject=\count271
\everyMPtoPDFconversion=\toks21
) ("C:\Users\hakan\AppData\Local\Programs\MiKTeX 2.9\tex/latex/epstopdf-pkg\epstopdf-base.sty"
Package: epstopdf-base 2020-01-24 v2.11 Base part for package epstopdf
Package epstopdf-base Info: Redefining graphics rule for `.eps' on input line 485.
) ("C:\Users\hakan\AppData\Local\Programs\MiKTeX 2.9\tex/latex/translator\translator-basic-dictionary-English.dict"
Dictionary: translator-basic-dictionary, Language: English 
) ("C:\Users\hakan\AppData\Local\Programs\MiKTeX 2.9\tex/latex/siunitx\siunitx-abbreviations.cfg"
File: siunitx-abbreviations.cfg 2017/11/26 v2.7k siunitx: Abbreviated units
)
LaTeX Font Info:    External font `cmex10' loaded for size
(Font)              <7> on input line 20.
LaTeX Font Info:    External font `cmex10' loaded for size
(Font)              <5> on input line 20.
LaTeX Font Info:    External font `cmex10' loaded for size
(Font)              <12> on input line 22.
LaTeX Font Info:    External font `cmex10' loaded for size
(Font)              <8> on input line 22.
LaTeX Font Info:    External font `cmex10' loaded for size
(Font)              <6> on input line 22.

Underfull \hbox (badness 10000) in paragraph at lines 40--41

 []

[1

{C:/Users/hakan/AppData/Local/MiKTeX/2.9/pdftex/config/pdftex.map}]
<Figures/ResistiveLoad/Model.PNG, id=16, 877.02657pt x 457.71pt>
File: Figures/ResistiveLoad/Model.PNG Graphic file (type png)
<use Figures/ResistiveLoad/Model.PNG>
Package pdftex.def Info: Figures/ResistiveLoad/Model.PNG  used on input line 78.
(pdftex.def)             Requested size: 306.9639pt x 160.2009pt.
<Figures/ResistiveLoad/Vabc.png, id=18, 1398.72563pt x 755.07094pt>
File: Figures/ResistiveLoad/Vabc.png Graphic file (type png)
<use Figures/ResistiveLoad/Vabc.png>
Package pdftex.def Info: Figures/ResistiveLoad/Vabc.png  used on input line 85.
(pdftex.def)             Requested size: 489.56131pt x 264.27878pt.

Overfull \hbox (18.08882pt too wide) in paragraph at lines 85--86
 [][] 
 []


LaTeX Warning: `!h' float specifier changed to `!ht'.

<Figures/ResistiveLoad/Iabc.png, id=19, 1398.72563pt x 755.07094pt>
File: Figures/ResistiveLoad/Iabc.png Graphic file (type png)
<use Figures/ResistiveLoad/Iabc.png>
Package pdftex.def Info: Figures/ResistiveLoad/Iabc.png  used on input line 92.
(pdftex.def)             Requested size: 489.56131pt x 264.27878pt.

Overfull \hbox (18.08882pt too wide) in paragraph at lines 92--93
 [][] 
 []


LaTeX Warning: `!h' float specifier changed to `!ht'.

<Figures/ResistiveLoad/Vqd0.png, id=20, 1398.72563pt x 755.07094pt>
File: Figures/ResistiveLoad/Vqd0.png Graphic file (type png)
<use Figures/ResistiveLoad/Vqd0.png>
Package pdftex.def Info: Figures/ResistiveLoad/Vqd0.png  used on input line 99.
(pdftex.def)             Requested size: 489.56131pt x 264.27878pt.

Overfull \hbox (18.08882pt too wide) in paragraph at lines 99--100
 [][] 
 []


LaTeX Warning: `!h' float specifier changed to `!ht'.

<Figures/ResistiveLoad/Iqd0.png, id=21, 1398.72563pt x 755.07094pt>
File: Figures/ResistiveLoad/Iqd0.png Graphic file (type png)
<use Figures/ResistiveLoad/Iqd0.png>
Package pdftex.def Info: Figures/ResistiveLoad/Iqd0.png  used on input line 107.
(pdftex.def)             Requested size: 489.56131pt x 264.27878pt.

Overfull \hbox (18.08882pt too wide) in paragraph at lines 107--108
 [][] 
 []


LaTeX Warning: `!h' float specifier changed to `!ht'.

<Figures/SingleModule/FaultMoment.png, id=22, 1398.72563pt x 755.07094pt>
File: Figures/SingleModule/FaultMoment.png Graphic file (type png)
<use Figures/SingleModule/FaultMoment.png>
Package pdftex.def Info: Figures/SingleModule/FaultMoment.png  used on input line 127.
(pdftex.def)             Requested size: 419.62093pt x 226.52303pt.

LaTeX Warning: `!h' float specifier changed to `!ht'.

<Figures/SingleModule/SpeedRefUpdateUnderFault.png, id=23, 1398.72563pt x 755.07094pt>
File: Figures/SingleModule/SpeedRefUpdateUnderFault.png Graphic file (type png)
<use Figures/SingleModule/SpeedRefUpdateUnderFault.png>
Package pdftex.def Info: Figures/SingleModule/SpeedRefUpdateUnderFault.png  used on input line 134.
(pdftex.def)             Requested size: 419.62093pt x 226.52303pt.

LaTeX Warning: `!h' float specifier changed to `!ht'.

<Figures/SingleModule/Overall.png, id=24, 1398.72563pt x 755.07094pt>
File: Figures/SingleModule/Overall.png Graphic file (type png)
<use Figures/SingleModule/Overall.png>
Package pdftex.def Info: Figures/SingleModule/Overall.png  used on input line 141.
(pdftex.def)             Requested size: 419.62093pt x 226.52303pt.

LaTeX Warning: `!h' float specifier changed to `!ht'.

[2 <c:/Users/hakan/Documents/GitHub/fault_tolerant_drives/Simulation/FOC/FocFaultReport/Figures/ResistiveLoad/Model.PNG>] [3 <c:/Users/hakan/Documents/GitHub/fault_tolerant_drives/Simulation/FOC/FocFaultReport/Figures/ResistiveLoad/Vabc.png (PNG copy)> <c:/Users/hakan/Documents/GitHub/fault_tolerant_drives/Simulation/FOC/FocFaultReport/Figures/ResistiveLoad/Iabc.png (PNG copy)>]
<Figures/DualModule/Overall.png, id=32, 1398.72563pt x 755.07094pt>
File: Figures/DualModule/Overall.png Graphic file (type png)
<use Figures/DualModule/Overall.png>
Package pdftex.def Info: Figures/DualModule/Overall.png  used on input line 160.
(pdftex.def)             Requested size: 419.62093pt x 226.52303pt.


LaTeX Warning: `!h' float specifier changed to `!ht'.

[4 <c:/Users/hakan/Documents/GitHub/fault_tolerant_drives/Simulation/FOC/FocFaultReport/Figures/ResistiveLoad/Vqd0.png (PNG copy)> <c:/Users/hakan/Documents/GitHub/fault_tolerant_drives/Simulation/FOC/FocFaultReport/Figures/ResistiveLoad/Iqd0.png (PNG copy)>] [5 <c:/Users/hakan/Documents/GitHub/fault_tolerant_drives/Simulation/FOC/FocFaultReport/Figures/SingleModule/FaultMoment.png (PNG copy)> <c:/Users/hakan/Documents/GitHub/fault_tolerant_drives/Simulation/FOC/FocFaultReport/Figures/SingleModule/SpeedRefUpdateUnderFault.png (PNG copy)>] [6 <c:/Users/hakan/Documents/GitHub/fault_tolerant_drives/Simulation/FOC/FocFaultReport/Figures/SingleModule/Overall.png (PNG copy)> <c:/Users/hakan/Documents/GitHub/fault_tolerant_drives/Simulation/FOC/FocFaultReport/Figures/DualModule/Overall.png (PNG copy)>] (c:/Users\hakan\Documents\GitHub\fault_tolerant_drives\Simulation\FOC\FocFaultReport\FocFaultReport.aux) ) 
Here is how much of TeX's memory you used:
 5911 strings out of 480930
 130759 string characters out of 2899761
 384212 words of memory out of 3000000
 21708 multiletter control sequences out of 15000+200000
 539749 words of font info for 51 fonts, out of 3000000 for 9000
 1141 hyphenation exceptions out of 8191
 36i,7n,46p,703b,498s stack positions out of 5000i,500n,10000p,200000b,50000s
 <C:\Users\hakan\AppData\Local\MiKTeX\2.9\fonts/pk/ljfour/jknappen/ec/dpi600\tcrm1000.pk><C:/Users/hakan/AppData/Local/Programs/MiKTeX 2.9/fonts/type1/public/amsfonts/cm/cmbx10.pfb><C:/Users/hakan/AppData/Local/Programs/MiKTeX 2.9/fonts/type1/public/amsfonts/cm/cmbx12.pfb><C:/Users/hakan/AppData/Local/Programs/MiKTeX 2.9/fonts/type1/public/amsfonts/cm/cmex10.pfb><C:/Users/hakan/AppData/Local/Programs/MiKTeX 2.9/fonts/type1/public/amsfonts/cm/cmmi10.pfb><C:/Users/hakan/AppData/Local/Programs/MiKTeX 2.9/fonts/type1/public/amsfonts/cm/cmmi7.pfb><C:/Users/hakan/AppData/Local/Programs/MiKTeX 2.9/fonts/type1/public/amsfonts/cm/cmr10.pfb><C:/Users/hakan/AppData/Local/Programs/MiKTeX 2.9/fonts/type1/public/amsfonts/cm/cmr12.pfb><C:/Users/hakan/AppData/Local/Programs/MiKTeX 2.9/fonts/type1/public/amsfonts/cm/cmr17.pfb><C:/Users/hakan/AppData/Local/Programs/MiKTeX 2.9/fonts/type1/public/amsfonts/cm/cmr7.pfb><C:/Users/hakan/AppData/Local/Programs/MiKTeX 2.9/fonts/type1/public/amsfonts/cm/cmsy10.pfb>
Output written on c:/Users\hakan\Documents\GitHub\fault_tolerant_drives\Simulation\FOC\FocFaultReport\FocFaultReport.pdf (6 pages, 838228 bytes).
PDF statistics:
 77 PDF objects out of 1000 (max. 8388607)
 0 named destinations out of 1000 (max. 500000)
 46 words of extra memory for PDF output out of 10000 (max. 10000000)

