This is pdfTeX, Version 3.14159265-2.6-1.40.21 (MiKTeX 20.7) (preloaded format=pdflatex 2020.8.6)  26 AUG 2020 21:13
entering extended mode
**c:/Users/hakan/Documents/GitHub/fault_tolerant_drives/Simulation/MPC/Report_v2/main.tex
(c:/Users/hakan/Documents/GitHub/fault_tolerant_drives/Simulation/MPC/Report_v2/main.tex
LaTeX2e <2020-02-02> patch level 5
L3 programming layer <2020-07-17> (C:\Users\hakan\AppData\Local\Programs\MiKTeX\tex/latex/base\article.cls
Document Class: article 2019/12/20 v1.4l Standard LaTeX document class
(C:\Users\hakan\AppData\Local\Programs\MiKTeX\tex/latex/base\size10.clo
File: size10.clo 2019/12/20 v1.4l Standard LaTeX file (size option)
)
\c@part=\count168
\c@section=\count169
\c@subsection=\count170
\c@subsubsection=\count171
\c@paragraph=\count172
\c@subparagraph=\count173
\c@figure=\count174
\c@table=\count175
\abovecaptionskip=\skip47
\belowcaptionskip=\skip48
\bibindent=\dimen134
) (C:\Users\hakan\AppData\Local\Programs\MiKTeX\tex/latex/base\inputenc.sty
Package: inputenc 2018/08/11 v1.3c Input encoding file
\inpenc@prehook=\toks15
\inpenc@posthook=\toks16
) (C:\Users\hakan\AppData\Local\Programs\MiKTeX\tex/latex/float\float.sty
Package: float 2001/11/08 v1.3d Float enhancements (AL)
\c@float@type=\count176
\float@exts=\toks17
\float@box=\box45
\@float@everytoks=\toks18
\@floatcapt=\box46
) (C:\Users\hakan\AppData\Local\Programs\MiKTeX\tex/latex/comment\comment.sty
\CommentStream=\write3
 Excluding comment 'comment') (C:\Users\hakan\AppData\Local\Programs\MiKTeX\tex/latex/natbib\natbib.sty
Package: natbib 2010/09/13 8.31b (PWD, AO)
\bibhang=\skip49
\bibsep=\skip50
LaTeX Info: Redefining \cite on input line 694.
\c@NAT@ctr=\count177
) (C:\Users\hakan\AppData\Local\Programs\MiKTeX\tex/latex/graphics\graphicx.sty
Package: graphicx 2019/11/30 v1.2a Enhanced LaTeX Graphics (DPC,SPQR)
 (C:\Users\hakan\AppData\Local\Programs\MiKTeX\tex/latex/graphics\keyval.sty
Package: keyval 2014/10/28 v1.15 key=value parser (DPC)
\KV@toks@=\toks19
) (C:\Users\hakan\AppData\Local\Programs\MiKTeX\tex/latex/graphics\graphics.sty
Package: graphics 2019/11/30 v1.4a Standard LaTeX Graphics (DPC,SPQR)
 (C:\Users\hakan\AppData\Local\Programs\MiKTeX\tex/latex/graphics\trig.sty
Package: trig 2016/01/03 v1.10 sin cos tan (DPC)
) (C:\Users\hakan\AppData\Local\Programs\MiKTeX\tex/latex/graphics-cfg\graphics.cfg
File: graphics.cfg 2016/06/04 v1.11 sample graphics configuration
)
Package graphics Info: Driver file: pdftex.def on input line 105.
 (C:\Users\hakan\AppData\Local\Programs\MiKTeX\tex/latex/graphics-def\pdftex.def
File: pdftex.def 2018/01/08 v1.0l Graphics/color driver for pdftex
))
\Gin@req@height=\dimen135
\Gin@req@width=\dimen136
) (C:\Users\hakan\AppData\Local\Programs\MiKTeX\tex/latex/tools\indentfirst.sty
Package: indentfirst 1995/11/23 v1.03 Indent first paragraph (DPC)
) (C:\Users\hakan\AppData\Local\Programs\MiKTeX\tex/latex/siunitx\siunitx.sty (C:\Users\hakan\AppData\Local\Programs\MiKTeX\tex/latex/l3kernel\expl3.sty
Package: expl3 2020-07-17 L3 programming layer (loader) 
 (C:\Users\hakan\AppData\Local\Programs\MiKTeX\tex/latex/l3backend\l3backend-pdfmode.def
File: l3backend-pdfmode.def 2020-06-29 L3 backend support: PDF mode
\l__kernel_color_stack_int=\count178
\l__pdf_internal_box=\box47
)) (C:\Users\hakan\AppData\Local\Programs\MiKTeX\tex/latex/l3packages/xparse\xparse.sty
Package: xparse 2020-05-15 L3 Experimental document command parser
 (C:\Users\hakan\AppData\Local\Programs\MiKTeX\tex/latex/l3packages/xparse\xparse-generic.tex
\l__xparse_current_arg_int=\count179
\g__xparse_grabber_int=\count180
\l__xparse_m_args_int=\count181
\l__xparse_v_nesting_int=\count182
))
Package: siunitx 2020/02/25 v2.8b A comprehensive (SI) units package
 (C:\Users\hakan\AppData\Local\Programs\MiKTeX\tex/latex/amsmath\amstext.sty
Package: amstext 2000/06/29 v2.01 AMS text
 (C:\Users\hakan\AppData\Local\Programs\MiKTeX\tex/latex/amsmath\amsgen.sty
File: amsgen.sty 1999/11/30 v2.0 generic functions
\@emptytoks=\toks20
\ex@=\dimen137
)) (C:\Users\hakan\AppData\Local\Programs\MiKTeX\tex/latex/tools\array.sty
Package: array 2019/08/31 v2.4l Tabular extension package (FMi)
\col@sep=\dimen138
\ar@mcellbox=\box48
\extrarowheight=\dimen139
\NC@list=\toks21
\extratabsurround=\skip51
\backup@length=\skip52
\ar@cellbox=\box49
) (C:\Users\hakan\AppData\Local\Programs\MiKTeX\tex/latex/l3packages/l3keys2e\l3keys2e.sty
Package: l3keys2e 2020-05-15 LaTeX2e option processing using LaTeX3 keys
)
\l__siunitx_tmp_box=\box50
\l__siunitx_tmp_dim=\dimen140
\l__siunitx_tmp_int=\count183
\l__siunitx_number_mantissa_length_int=\count184
\l__siunitx_number_uncert_length_int=\count185
\l__siunitx_round_int=\count186
\l__siunitx_process_decimal_int=\count187
\l__siunitx_process_uncertainty_int=\count188
\l__siunitx_process_fixed_int=\count189
\l__siunitx_process_integer_min_int=\count190
\l__siunitx_process_precision_int=\count191
\l__siunitx_group_min_int=\count192
\l__siunitx_angle_marker_box=\box51
\l__siunitx_angle_unit_box=\box52
\l__siunitx_angle_marker_dim=\dimen141
\l__siunitx_angle_unit_dim=\dimen142
\l__siunitx_unit_int=\count193
\l__siunitx_unit_denominator_int=\count194
\l__siunitx_unit_numerator_int=\count195
\l__siunitx_unit_prefix_int=\count196
\l__siunitx_unit_prefix_base_int=\count197
\l__siunitx_unit_prefix_gram_int=\count198
\l__siunitx_number_product_int=\count199
\c__siunitx_one_fill_skip=\skip53
\l__siunitx_table_unit_align_skip=\skip54
\l__siunitx_table_exponent_dim=\dimen143
\l__siunitx_table_integer_dim=\dimen144
\l__siunitx_table_mantissa_dim=\dimen145
\l__siunitx_table_marker_dim=\dimen146
\l__siunitx_table_result_dim=\dimen147
\l__siunitx_table_uncert_dim=\dimen148
\l__siunitx_table_fill_pre_dim=\dimen149
\l__siunitx_table_fill_post_dim=\dimen150
\l__siunitx_table_fill_mid_dim=\dimen151
\l__siunitx_table_pre_box=\box53
\l__siunitx_table_post_box=\box54
\l__siunitx_table_mantissa_box=\box55
\l__siunitx_table_result_box=\box56
\l__siunitx_table_number_align_skip=\skip55
\l__siunitx_table_text_align_skip=\skip56
 (C:\Users\hakan\AppData\Local\Programs\MiKTeX\tex/latex/translator\translator.sty
Package: translator 2019-05-31 v1.12a Easy translation of strings in LaTeX
)) (C:\Users\hakan\AppData\Local\Programs\MiKTeX\tex/latex/svg\svg.sty
Package: svg 2020/06/23 v2.02h (include SVG pictures)
 (C:\Users\hakan\AppData\Local\Programs\MiKTeX\tex/generic/iftex\iftex.sty
Package: iftex 2020/03/06 v1.0d TeX engine tests
) (C:\Users\hakan\AppData\Local\Programs\MiKTeX\tex/latex/koma-script\scrbase.sty
Package: scrbase 2020/07/22 v3.31 KOMA-Script package (KOMA-Script-independent basics and keyval usage)
 (C:\Users\hakan\AppData\Local\Programs\MiKTeX\tex/latex/koma-script\scrlfile.sty
Package: scrlfile 2020/07/22 v3.31 KOMA-Script package (loading files)
)) (C:\Users\hakan\AppData\Local\Programs\MiKTeX\tex/generic/pdftexcmds\pdftexcmds.sty
Package: pdftexcmds 2020-06-27 v0.33 Utility functions of pdfTeX for LuaTeX (HO)
 (C:\Users\hakan\AppData\Local\Programs\MiKTeX\tex/generic/infwarerr\infwarerr.sty
Package: infwarerr 2019/12/03 v1.5 Providing info/warning/error messages (HO)
) (C:\Users\hakan\AppData\Local\Programs\MiKTeX\tex/generic/ltxcmds\ltxcmds.sty
Package: ltxcmds 2019/12/15 v1.24 LaTeX kernel commands for general use (HO)
)
Package pdftexcmds Info: \pdf@primitive is available.
Package pdftexcmds Info: \pdf@ifprimitive is available.
Package pdftexcmds Info: \pdfdraftmode found.
) (C:\Users\hakan\AppData\Local\Programs\MiKTeX\tex/latex/trimspaces\trimspaces.sty
Package: trimspaces 2009/09/17 v1.1 Trim spaces around a token list
) (C:\Users\hakan\AppData\Local\Programs\MiKTeX\tex/latex/tools\shellesc.sty
Package: shellesc 2019/11/08 v1.0c unified shell escape interface for LaTeX
Package shellesc Info: Restricted shell escape enabled on input line 77.
)
\c@svg@param@lastpage=\count266
\svg@box=\box57
\c@svg@param@currpage=\count267
) (C:\Users\hakan\AppData\Local\Programs\MiKTeX\tex/latex/xcolor\xcolor.sty
Package: xcolor 2016/05/11 v2.12 LaTeX color extensions (UK)
 (C:\Users\hakan\AppData\Local\Programs\MiKTeX\tex/latex/graphics-cfg\color.cfg
File: color.cfg 2016/01/02 v1.6 sample color configuration
)
Package xcolor Info: Driver file: pdftex.def on input line 225.
Package xcolor Info: Model `cmy' substituted by `cmy0' on input line 1348.
Package xcolor Info: Model `hsb' substituted by `rgb' on input line 1352.
Package xcolor Info: Model `RGB' extended on input line 1364.
Package xcolor Info: Model `HTML' substituted by `rgb' on input line 1366.
Package xcolor Info: Model `Hsb' substituted by `hsb' on input line 1367.
Package xcolor Info: Model `tHsb' substituted by `hsb' on input line 1368.
Package xcolor Info: Model `HSB' substituted by `hsb' on input line 1369.
Package xcolor Info: Model `Gray' substituted by `gray' on input line 1370.
Package xcolor Info: Model `wave' substituted by `hsb' on input line 1371.
) (C:\Users\hakan\AppData\Local\Programs\MiKTeX\tex/latex/transparent\transparent.sty
Package: transparent 2019/11/29 v1.4 Transparency via pdfTeX's color stack (HO)
 (C:\Users\hakan\AppData\Local\Programs\MiKTeX\tex/latex/auxhook\auxhook.sty
Package: auxhook 2019-12-17 v1.6 Hooks for auxiliary files (HO)
)) (C:\Users\hakan\AppData\Local\Programs\MiKTeX\tex/latex/pgf/systemlayer\pgfsys.sty (C:\Users\hakan\AppData\Local\Programs\MiKTeX\tex/latex/pgf/utilities\pgfrcs.sty (C:\Users\hakan\AppData\Local\Programs\MiKTeX\tex/generic/pgf/utilities\pgfutil-common.tex
\pgfutil@everybye=\toks22
\pgfutil@tempdima=\dimen152
\pgfutil@tempdimb=\dimen153
 (C:\Users\hakan\AppData\Local\Programs\MiKTeX\tex/generic/pgf/utilities\pgfutil-common-lists.tex)) (C:\Users\hakan\AppData\Local\Programs\MiKTeX\tex/generic/pgf/utilities\pgfutil-latex.def
\pgfutil@abb=\box58
 (C:\Users\hakan\AppData\Local\Programs\MiKTeX\tex/latex/ms\everyshi.sty
Package: everyshi 2001/05/15 v3.00 EveryShipout Package (MS)
)) (C:\Users\hakan\AppData\Local\Programs\MiKTeX\tex/generic/pgf/utilities\pgfrcs.code.tex (C:\Users\hakan\AppData\Local\Programs\MiKTeX\tex/generic/pgf\pgf.revision.tex)
Package: pgfrcs 2020/01/08 v3.1.5b (3.1.5b)
)) (C:\Users\hakan\AppData\Local\Programs\MiKTeX\tex/generic/pgf/systemlayer\pgfsys.code.tex
Package: pgfsys 2020/01/08 v3.1.5b (3.1.5b)
 (C:\Users\hakan\AppData\Local\Programs\MiKTeX\tex/generic/pgf/utilities\pgfkeys.code.tex
\pgfkeys@pathtoks=\toks23
\pgfkeys@temptoks=\toks24
 (C:\Users\hakan\AppData\Local\Programs\MiKTeX\tex/generic/pgf/utilities\pgfkeysfiltered.code.tex
\pgfkeys@tmptoks=\toks25
))
\pgf@x=\dimen154
\pgf@y=\dimen155
\pgf@xa=\dimen156
\pgf@ya=\dimen157
\pgf@xb=\dimen158
\pgf@yb=\dimen159
\pgf@xc=\dimen160
\pgf@yc=\dimen161
\pgf@xd=\dimen162
\pgf@yd=\dimen163
\w@pgf@writea=\write4
\r@pgf@reada=\read2
\c@pgf@counta=\count268
\c@pgf@countb=\count269
\c@pgf@countc=\count270
\c@pgf@countd=\count271
\t@pgf@toka=\toks26
\t@pgf@tokb=\toks27
\t@pgf@tokc=\toks28
\pgf@sys@id@count=\count272
 (C:\Users\hakan\AppData\Local\Programs\MiKTeX\tex/generic/pgf/systemlayer\pgf.cfg
File: pgf.cfg 2020/01/08 v3.1.5b (3.1.5b)
)
Driver file for pgf: pgfsys-pdftex.def
 (C:\Users\hakan\AppData\Local\Programs\MiKTeX\tex/generic/pgf/systemlayer\pgfsys-pdftex.def
File: pgfsys-pdftex.def 2020/01/08 v3.1.5b (3.1.5b)
 (C:\Users\hakan\AppData\Local\Programs\MiKTeX\tex/generic/pgf/systemlayer\pgfsys-common-pdf.def
File: pgfsys-common-pdf.def 2020/01/08 v3.1.5b (3.1.5b)
))) (C:\Users\hakan\AppData\Local\Programs\MiKTeX\tex/generic/pgf/systemlayer\pgfsyssoftpath.code.tex
File: pgfsyssoftpath.code.tex 2020/01/08 v3.1.5b (3.1.5b)
\pgfsyssoftpath@smallbuffer@items=\count273
\pgfsyssoftpath@bigbuffer@items=\count274
) (C:\Users\hakan\AppData\Local\Programs\MiKTeX\tex/generic/pgf/systemlayer\pgfsysprotocol.code.tex
File: pgfsysprotocol.code.tex 2020/01/08 v3.1.5b (3.1.5b)
)) (C:\Users\hakan\AppData\Local\Programs\MiKTeX\tex/latex/hyperref\hyperref.sty
Package: hyperref 2020-05-15 v7.00e Hypertext links for LaTeX
 (C:\Users\hakan\AppData\Local\Programs\MiKTeX\tex/generic/kvsetkeys\kvsetkeys.sty
Package: kvsetkeys 2019/12/15 v1.18 Key value parser (HO)
) (C:\Users\hakan\AppData\Local\Programs\MiKTeX\tex/generic/kvdefinekeys\kvdefinekeys.sty
Package: kvdefinekeys 2019-12-19 v1.6 Define keys (HO)
) (C:\Users\hakan\AppData\Local\Programs\MiKTeX\tex/generic/pdfescape\pdfescape.sty
Package: pdfescape 2019/12/09 v1.15 Implements pdfTeX's escape features (HO)
) (C:\Users\hakan\AppData\Local\Programs\MiKTeX\tex/latex/hycolor\hycolor.sty
Package: hycolor 2020-01-27 v1.10 Color options for hyperref/bookmark (HO)
) (C:\Users\hakan\AppData\Local\Programs\MiKTeX\tex/latex/letltxmacro\letltxmacro.sty
Package: letltxmacro 2019/12/03 v1.6 Let assignment for LaTeX macros (HO)
) (C:\Users\hakan\AppData\Local\Programs\MiKTeX\tex/latex/kvoptions\kvoptions.sty
Package: kvoptions 2019/11/29 v3.13 Key value format for package options (HO)
)
\@linkdim=\dimen164
\Hy@linkcounter=\count275
\Hy@pagecounter=\count276
 (C:\Users\hakan\AppData\Local\Programs\MiKTeX\tex/latex/hyperref\pd1enc.def
File: pd1enc.def 2020-05-15 v7.00e Hyperref: PDFDocEncoding definition (HO)
Now handling font encoding PD1 ...
... no UTF-8 mapping file for font encoding PD1
) (C:\Users\hakan\AppData\Local\Programs\MiKTeX\tex/generic/intcalc\intcalc.sty
Package: intcalc 2019/12/15 v1.3 Expandable calculations with integers (HO)
) (C:\Users\hakan\AppData\Local\Programs\MiKTeX\tex/generic/etexcmds\etexcmds.sty
Package: etexcmds 2019/12/15 v1.7 Avoid name clashes with e-TeX commands (HO)
)
\Hy@SavedSpaceFactor=\count277
Package hyperref Info: Hyper figures OFF on input line 4464.
Package hyperref Info: Link nesting OFF on input line 4469.
Package hyperref Info: Hyper index ON on input line 4472.
Package hyperref Info: Plain pages OFF on input line 4479.
Package hyperref Info: Backreferencing OFF on input line 4484.
Package hyperref Info: Implicit mode ON; LaTeX internals redefined.
Package hyperref Info: Bookmarks ON on input line 4717.
\c@Hy@tempcnt=\count278
 (C:\Users\hakan\AppData\Local\Programs\MiKTeX\tex/latex/url\url.sty
\Urlmuskip=\muskip16
Package: url 2013/09/16  ver 3.4  Verb mode for urls, etc.
)
LaTeX Info: Redefining \url on input line 5076.
\XeTeXLinkMargin=\dimen165
 (C:\Users\hakan\AppData\Local\Programs\MiKTeX\tex/generic/bitset\bitset.sty
Package: bitset 2019/12/09 v1.3 Handle bit-vector datatype (HO)
 (C:\Users\hakan\AppData\Local\Programs\MiKTeX\tex/generic/bigintcalc\bigintcalc.sty
Package: bigintcalc 2019/12/15 v1.5 Expandable calculations on big integers (HO)
))
\Fld@menulength=\count279
\Field@Width=\dimen166
\Fld@charsize=\dimen167
Package hyperref Info: Hyper figures OFF on input line 6347.
Package hyperref Info: Link nesting OFF on input line 6352.
Package hyperref Info: Hyper index ON on input line 6355.
Package hyperref Info: backreferencing OFF on input line 6362.
Package hyperref Info: Link coloring OFF on input line 6367.
Package hyperref Info: Link coloring with OCG OFF on input line 6372.
Package hyperref Info: PDF/A mode OFF on input line 6377.
LaTeX Info: Redefining \ref on input line 6417.
LaTeX Info: Redefining \pageref on input line 6421.
 (C:\Users\hakan\AppData\Local\Programs\MiKTeX\tex/generic/atbegshi\atbegshi.sty
Package: atbegshi 2019/12/05 v1.19 At begin shipout hook (HO)
)
\Hy@abspage=\count280
\c@Item=\count281
\c@Hfootnote=\count282
)
Package hyperref Info: Driver (autodetected): hpdftex.
 (C:\Users\hakan\AppData\Local\Programs\MiKTeX\tex/latex/hyperref\hpdftex.def
File: hpdftex.def 2020-05-15 v7.00e Hyperref driver for pdfTeX
 (C:\Users\hakan\AppData\Local\Programs\MiKTeX\tex/latex/atveryend\atveryend.sty
Package: atveryend 2019-12-11 v1.11 Hooks at the very end of document (HO)
Package atveryend Info: \enddocument detected (standard20110627).
)
\Fld@listcount=\count283
\c@bookmark@seq@number=\count284
 (C:\Users\hakan\AppData\Local\Programs\MiKTeX\tex/latex/rerunfilecheck\rerunfilecheck.sty
Package: rerunfilecheck 2019/12/05 v1.9 Rerun checks for auxiliary files (HO)
 (C:\Users\hakan\AppData\Local\Programs\MiKTeX\tex/generic/uniquecounter\uniquecounter.sty
Package: uniquecounter 2019/12/15 v1.4 Provide unlimited unique counter (HO)
)
Package uniquecounter Info: New unique counter `rerunfilecheck' on input line 286.
)
\Hy@SectionHShift=\skip57
) (C:\Users\hakan\AppData\Local\Programs\MiKTeX\tex/latex/amsmath\amsmath.sty
Package: amsmath 2020/01/20 v2.17e AMS math features
\@mathmargin=\skip58

For additional information on amsmath, use the `?' option.
(C:\Users\hakan\AppData\Local\Programs\MiKTeX\tex/latex/amsmath\amsbsy.sty
Package: amsbsy 1999/11/29 v1.2d Bold Symbols
\pmbraise@=\dimen168
) (C:\Users\hakan\AppData\Local\Programs\MiKTeX\tex/latex/amsmath\amsopn.sty
Package: amsopn 2016/03/08 v2.02 operator names
)
\inf@bad=\count285
LaTeX Info: Redefining \frac on input line 227.
\uproot@=\count286
\leftroot@=\count287
LaTeX Info: Redefining \overline on input line 389.
\classnum@=\count288
\DOTSCASE@=\count289
LaTeX Info: Redefining \ldots on input line 486.
LaTeX Info: Redefining \dots on input line 489.
LaTeX Info: Redefining \cdots on input line 610.
\Mathstrutbox@=\box59
\strutbox@=\box60
\big@size=\dimen169
LaTeX Font Info:    Redeclaring font encoding OML on input line 733.
LaTeX Font Info:    Redeclaring font encoding OMS on input line 734.
\macc@depth=\count290
\c@MaxMatrixCols=\count291
\dotsspace@=\muskip17
\c@parentequation=\count292
\dspbrk@lvl=\count293
\tag@help=\toks29
\row@=\count294
\column@=\count295
\maxfields@=\count296
\andhelp@=\toks30
\eqnshift@=\dimen170
\alignsep@=\dimen171
\tagshift@=\dimen172
\tagwidth@=\dimen173
\totwidth@=\dimen174
\lineht@=\dimen175
\@envbody=\toks31
\multlinegap=\skip59
\multlinetaggap=\skip60
\mathdisplay@stack=\toks32
LaTeX Info: Redefining \[ on input line 2859.
LaTeX Info: Redefining \] on input line 2860.
) (C:\Users\hakan\AppData\Local\Programs\MiKTeX\tex/latex/tools\bm.sty
Package: bm 2019/07/24 v1.2d Bold Symbol Support (DPC/FMi)
\symboldoperators=\mathgroup4
\symboldletters=\mathgroup5
\symboldsymbols=\mathgroup6
LaTeX Font Info:    Redeclaring math alphabet \mathbf on input line 141.
LaTeX Info: Redefining \bm on input line 209.
) (C:\Users\hakan\AppData\Local\Programs\MiKTeX\tex/latex/pstool\pstool.sty
Package: pstool 2018/01/20 v1.5e Wrapper for processing PostScript/psfrag figures
 (C:\Users\hakan\AppData\Local\Programs\MiKTeX\tex/generic/catchfile\catchfile.sty
Package: catchfile 2019/12/09 v1.8 Catch the contents of a file (HO)
) (C:\Users\hakan\AppData\Local\Programs\MiKTeX\tex/generic/iftex\ifpdf.sty
Package: ifpdf 2019/10/25 v3.4 ifpdf legacy package. Use iftex instead.
) (C:\Users\hakan\AppData\Local\Programs\MiKTeX\tex/latex/ifplatform\ifplatform.sty
Package: ifplatform 2017/10/13 v0.4a Testing for the operating system
 (C:\Users\hakan\AppData\Local\Programs\MiKTeX\tex/generic/iftex\ifluatex.sty
Package: ifluatex 2019/10/25 v1.5 ifluatex legacy package. Use iftex instead.
)

Package ifplatform Warning: 
    shell escape is disabled, so I can only detect \ifwindows.

) (C:\Users\hakan\AppData\Local\Programs\MiKTeX\tex/latex/filemod\filemod.sty
Package: filemod 2011/09/19 v1.2 Get and compare file modification times
 (C:\Users\hakan\AppData\Local\Programs\MiKTeX\tex/latex/filemod\filemod-expmin.sty
Package: filemod-expmin 2011/09/19 v1.2 Get and compare file modification times (expandable; minimal)
)) (C:\Users\hakan\AppData\Local\Programs\MiKTeX\tex/latex/psfrag\psfrag.sty
Package: psfrag 1998/04/11 v3.04 PSfrag (MCG)
\pfg@pcount=\count297
\pfg@scount=\count298
\pfg@temp=\write5
) (C:\Users\hakan\AppData\Local\Programs\MiKTeX\tex/latex/bigfoot\suffix.sty
Package: suffix 2006/07/15 1.5a Variant command support
) (C:\Users\hakan\AppData\Local\Programs\MiKTeX\tex/latex/xkeyval\xkeyval.sty
Package: xkeyval 2014/12/03 v2.7a package option processing (HA)
 (C:\Users\hakan\AppData\Local\Programs\MiKTeX\tex/generic/xkeyval\xkeyval.tex (C:\Users\hakan\AppData\Local\Programs\MiKTeX\tex/generic/xkeyval\xkvutils.tex
\XKV@toks=\toks33
\XKV@tempa@toks=\toks34
)
\XKV@depth=\count299
File: xkeyval.tex 2014/12/03 v2.7a key=value parser (HA)
))
\pstool@out=\write6
\pstool@mainfile@ior=\read3
\pstool@auxfile@ior=\read4


Package pstool Warning: 
  Package option [process=none] activated
  because -shell-escape is not enabled.
This warning occurred on input line 163.

runsystem(cd ""& copy "main.aux" "main.oldaux" )...disabled (restricted).

) (C:\Users\hakan\AppData\Local\Programs\MiKTeX\tex/latex/listings\listings.sty
\lst@mode=\count300
\lst@gtempboxa=\box61
\lst@token=\toks35
\lst@length=\count301
\lst@currlwidth=\dimen176
\lst@column=\count302
\lst@pos=\count303
\lst@lostspace=\dimen177
\lst@width=\dimen178
\lst@newlines=\count304
\lst@lineno=\count305
\lst@maxwidth=\dimen179
 (C:\Users\hakan\AppData\Local\Programs\MiKTeX\tex/latex/listings\lstmisc.sty
File: lstmisc.sty 2020/03/24 1.8d (Carsten Heinz)
\c@lstnumber=\count306
\lst@skipnumbers=\count307
\lst@framebox=\box62
) (C:\Users\hakan\AppData\Local\Programs\MiKTeX\tex/latex/listings\listings.cfg
File: listings.cfg 2020/03/24 1.8d listings configuration
))
Package: listings 2020/03/24 1.8d (Carsten Heinz)
 (C:\Users\hakan\AppData\Local\Programs\MiKTeX\tex/latex/epstopdf-pkg\epstopdf.sty
Package: epstopdf 2020-01-24 v2.11 Conversion with epstopdf on the fly (HO)
 (C:\Users\hakan\AppData\Local\Programs\MiKTeX\tex/latex/grfext\grfext.sty
Package: grfext 2019/12/03 v1.3 Manage graphics extensions (HO)
) (C:\Users\hakan\AppData\Local\Programs\MiKTeX\tex/latex/epstopdf-pkg\epstopdf-base.sty
Package: epstopdf-base 2020-01-24 v2.11 Base part for package epstopdf
Package epstopdf-base Info: Redefining graphics rule for `.eps' on input line 485.
Package grfext Info: Graphics extension search list:
(grfext)             [.pdf,.png,.jpg,.mps,.jpeg,.jbig2,.jb2,.PDF,.PNG,.JPG,.JPEG,.JBIG2,.JB2,.eps]
(grfext)             \AppendGraphicsExtensions on input line 504.
)) (C:\Users\hakan\AppData\Local\Programs\MiKTeX\tex/latex/pgf/frontendlayer\tikz.sty (C:\Users\hakan\AppData\Local\Programs\MiKTeX\tex/latex/pgf/basiclayer\pgf.sty
Package: pgf 2020/01/08 v3.1.5b (3.1.5b)
 (C:\Users\hakan\AppData\Local\Programs\MiKTeX\tex/latex/pgf/basiclayer\pgfcore.sty (C:\Users\hakan\AppData\Local\Programs\MiKTeX\tex/generic/pgf/basiclayer\pgfcore.code.tex
Package: pgfcore 2020/01/08 v3.1.5b (3.1.5b)
 (C:\Users\hakan\AppData\Local\Programs\MiKTeX\tex/generic/pgf/math\pgfmath.code.tex (C:\Users\hakan\AppData\Local\Programs\MiKTeX\tex/generic/pgf/math\pgfmathcalc.code.tex (C:\Users\hakan\AppData\Local\Programs\MiKTeX\tex/generic/pgf/math\pgfmathutil.code.tex) (C:\Users\hakan\AppData\Local\Programs\MiKTeX\tex/generic/pgf/math\pgfmathparser.code.tex
\pgfmath@dimen=\dimen180
\pgfmath@count=\count308
\pgfmath@box=\box63
\pgfmath@toks=\toks36
\pgfmath@stack@operand=\toks37
\pgfmath@stack@operation=\toks38
) (C:\Users\hakan\AppData\Local\Programs\MiKTeX\tex/generic/pgf/math\pgfmathfunctions.code.tex (C:\Users\hakan\AppData\Local\Programs\MiKTeX\tex/generic/pgf/math\pgfmathfunctions.basic.code.tex) (C:\Users\hakan\AppData\Local\Programs\MiKTeX\tex/generic/pgf/math\pgfmathfunctions.trigonometric.code.tex) (C:\Users\hakan\AppData\Local\Programs\MiKTeX\tex/generic/pgf/math\pgfmathfunctions.random.code.tex) (C:\Users\hakan\AppData\Local\Programs\MiKTeX\tex/generic/pgf/math\pgfmathfunctions.comparison.code.tex) (C:\Users\hakan\AppData\Local\Programs\MiKTeX\tex/generic/pgf/math\pgfmathfunctions.base.code.tex) (C:\Users\hakan\AppData\Local\Programs\MiKTeX\tex/generic/pgf/math\pgfmathfunctions.round.code.tex) (C:\Users\hakan\AppData\Local\Programs\MiKTeX\tex/generic/pgf/math\pgfmathfunctions.misc.code.tex) (C:\Users\hakan\AppData\Local\Programs\MiKTeX\tex/generic/pgf/math\pgfmathfunctions.integerarithmetics.code.tex))) (C:\Users\hakan\AppData\Local\Programs\MiKTeX\tex/generic/pgf/math\pgfmathfloat.code.tex
\c@pgfmathroundto@lastzeros=\count309
)) (C:\Users\hakan\AppData\Local\Programs\MiKTeX\tex/generic/pgf/math\pgfint.code.tex) (C:\Users\hakan\AppData\Local\Programs\MiKTeX\tex/generic/pgf/basiclayer\pgfcorepoints.code.tex
File: pgfcorepoints.code.tex 2020/01/08 v3.1.5b (3.1.5b)
\pgf@picminx=\dimen181
\pgf@picmaxx=\dimen182
\pgf@picminy=\dimen183
\pgf@picmaxy=\dimen184
\pgf@pathminx=\dimen185
\pgf@pathmaxx=\dimen186
\pgf@pathminy=\dimen187
\pgf@pathmaxy=\dimen188
\pgf@xx=\dimen189
\pgf@xy=\dimen190
\pgf@yx=\dimen191
\pgf@yy=\dimen192
\pgf@zx=\dimen193
\pgf@zy=\dimen194
) (C:\Users\hakan\AppData\Local\Programs\MiKTeX\tex/generic/pgf/basiclayer\pgfcorepathconstruct.code.tex
File: pgfcorepathconstruct.code.tex 2020/01/08 v3.1.5b (3.1.5b)
\pgf@path@lastx=\dimen195
\pgf@path@lasty=\dimen196
) (C:\Users\hakan\AppData\Local\Programs\MiKTeX\tex/generic/pgf/basiclayer\pgfcorepathusage.code.tex
File: pgfcorepathusage.code.tex 2020/01/08 v3.1.5b (3.1.5b)
\pgf@shorten@end@additional=\dimen197
\pgf@shorten@start@additional=\dimen198
) (C:\Users\hakan\AppData\Local\Programs\MiKTeX\tex/generic/pgf/basiclayer\pgfcorescopes.code.tex
File: pgfcorescopes.code.tex 2020/01/08 v3.1.5b (3.1.5b)
\pgfpic=\box64
\pgf@hbox=\box65
\pgf@layerbox@main=\box66
\pgf@picture@serial@count=\count310
) (C:\Users\hakan\AppData\Local\Programs\MiKTeX\tex/generic/pgf/basiclayer\pgfcoregraphicstate.code.tex
File: pgfcoregraphicstate.code.tex 2020/01/08 v3.1.5b (3.1.5b)
\pgflinewidth=\dimen199
) (C:\Users\hakan\AppData\Local\Programs\MiKTeX\tex/generic/pgf/basiclayer\pgfcoretransformations.code.tex
File: pgfcoretransformations.code.tex 2020/01/08 v3.1.5b (3.1.5b)
\pgf@pt@x=\dimen256
\pgf@pt@y=\dimen257
\pgf@pt@temp=\dimen258
) (C:\Users\hakan\AppData\Local\Programs\MiKTeX\tex/generic/pgf/basiclayer\pgfcorequick.code.tex
File: pgfcorequick.code.tex 2020/01/08 v3.1.5b (3.1.5b)
) (C:\Users\hakan\AppData\Local\Programs\MiKTeX\tex/generic/pgf/basiclayer\pgfcoreobjects.code.tex
File: pgfcoreobjects.code.tex 2020/01/08 v3.1.5b (3.1.5b)
) (C:\Users\hakan\AppData\Local\Programs\MiKTeX\tex/generic/pgf/basiclayer\pgfcorepathprocessing.code.tex
File: pgfcorepathprocessing.code.tex 2020/01/08 v3.1.5b (3.1.5b)
) (C:\Users\hakan\AppData\Local\Programs\MiKTeX\tex/generic/pgf/basiclayer\pgfcorearrows.code.tex
File: pgfcorearrows.code.tex 2020/01/08 v3.1.5b (3.1.5b)
\pgfarrowsep=\dimen259
) (C:\Users\hakan\AppData\Local\Programs\MiKTeX\tex/generic/pgf/basiclayer\pgfcoreshade.code.tex
File: pgfcoreshade.code.tex 2020/01/08 v3.1.5b (3.1.5b)
\pgf@max=\dimen260
\pgf@sys@shading@range@num=\count311
\pgf@shadingcount=\count312
) (C:\Users\hakan\AppData\Local\Programs\MiKTeX\tex/generic/pgf/basiclayer\pgfcoreimage.code.tex
File: pgfcoreimage.code.tex 2020/01/08 v3.1.5b (3.1.5b)
 (C:\Users\hakan\AppData\Local\Programs\MiKTeX\tex/generic/pgf/basiclayer\pgfcoreexternal.code.tex
File: pgfcoreexternal.code.tex 2020/01/08 v3.1.5b (3.1.5b)
\pgfexternal@startupbox=\box67
)) (C:\Users\hakan\AppData\Local\Programs\MiKTeX\tex/generic/pgf/basiclayer\pgfcorelayers.code.tex
File: pgfcorelayers.code.tex 2020/01/08 v3.1.5b (3.1.5b)
) (C:\Users\hakan\AppData\Local\Programs\MiKTeX\tex/generic/pgf/basiclayer\pgfcoretransparency.code.tex
File: pgfcoretransparency.code.tex 2020/01/08 v3.1.5b (3.1.5b)
) (C:\Users\hakan\AppData\Local\Programs\MiKTeX\tex/generic/pgf/basiclayer\pgfcorepatterns.code.tex
File: pgfcorepatterns.code.tex 2020/01/08 v3.1.5b (3.1.5b)
) (C:\Users\hakan\AppData\Local\Programs\MiKTeX\tex/generic/pgf/basiclayer\pgfcorerdf.code.tex
File: pgfcorerdf.code.tex 2020/01/08 v3.1.5b (3.1.5b)
))) (C:\Users\hakan\AppData\Local\Programs\MiKTeX\tex/generic/pgf/modules\pgfmoduleshapes.code.tex
File: pgfmoduleshapes.code.tex 2020/01/08 v3.1.5b (3.1.5b)
\pgfnodeparttextbox=\box68
) (C:\Users\hakan\AppData\Local\Programs\MiKTeX\tex/generic/pgf/modules\pgfmoduleplot.code.tex
File: pgfmoduleplot.code.tex 2020/01/08 v3.1.5b (3.1.5b)
) (C:\Users\hakan\AppData\Local\Programs\MiKTeX\tex/latex/pgf/compatibility\pgfcomp-version-0-65.sty
Package: pgfcomp-version-0-65 2020/01/08 v3.1.5b (3.1.5b)
\pgf@nodesepstart=\dimen261
\pgf@nodesepend=\dimen262
) (C:\Users\hakan\AppData\Local\Programs\MiKTeX\tex/latex/pgf/compatibility\pgfcomp-version-1-18.sty
Package: pgfcomp-version-1-18 2020/01/08 v3.1.5b (3.1.5b)
)) (C:\Users\hakan\AppData\Local\Programs\MiKTeX\tex/latex/pgf/utilities\pgffor.sty (C:\Users\hakan\AppData\Local\Programs\MiKTeX\tex/latex/pgf/utilities\pgfkeys.sty (C:\Users\hakan\AppData\Local\Programs\MiKTeX\tex/generic/pgf/utilities\pgfkeys.code.tex)) (C:\Users\hakan\AppData\Local\Programs\MiKTeX\tex/latex/pgf/math\pgfmath.sty (C:\Users\hakan\AppData\Local\Programs\MiKTeX\tex/generic/pgf/math\pgfmath.code.tex)) (C:\Users\hakan\AppData\Local\Programs\MiKTeX\tex/generic/pgf/utilities\pgffor.code.tex
Package: pgffor 2020/01/08 v3.1.5b (3.1.5b)
 (C:\Users\hakan\AppData\Local\Programs\MiKTeX\tex/generic/pgf/math\pgfmath.code.tex)
\pgffor@iter=\dimen263
\pgffor@skip=\dimen264
\pgffor@stack=\toks39
\pgffor@toks=\toks40
)) (C:\Users\hakan\AppData\Local\Programs\MiKTeX\tex/generic/pgf/frontendlayer/tikz\tikz.code.tex
Package: tikz 2020/01/08 v3.1.5b (3.1.5b)
 (C:\Users\hakan\AppData\Local\Programs\MiKTeX\tex/generic/pgf/libraries\pgflibraryplothandlers.code.tex
File: pgflibraryplothandlers.code.tex 2020/01/08 v3.1.5b (3.1.5b)
\pgf@plot@mark@count=\count313
\pgfplotmarksize=\dimen265
)
\tikz@lastx=\dimen266
\tikz@lasty=\dimen267
\tikz@lastxsaved=\dimen268
\tikz@lastysaved=\dimen269
\tikz@lastmovetox=\dimen270
\tikz@lastmovetoy=\dimen271
\tikzleveldistance=\dimen272
\tikzsiblingdistance=\dimen273
\tikz@figbox=\box69
\tikz@figbox@bg=\box70
\tikz@tempbox=\box71
\tikz@tempbox@bg=\box72
\tikztreelevel=\count314
\tikznumberofchildren=\count315
\tikznumberofcurrentchild=\count316
\tikz@fig@count=\count317
 (C:\Users\hakan\AppData\Local\Programs\MiKTeX\tex/generic/pgf/modules\pgfmodulematrix.code.tex
File: pgfmodulematrix.code.tex 2020/01/08 v3.1.5b (3.1.5b)
\pgfmatrixcurrentrow=\count318
\pgfmatrixcurrentcolumn=\count319
\pgf@matrix@numberofcolumns=\count320
)
\tikz@expandcount=\count321
 (C:\Users\hakan\AppData\Local\Programs\MiKTeX\tex/generic/pgf/frontendlayer/tikz/libraries\tikzlibrarytopaths.code.tex
File: tikzlibrarytopaths.code.tex 2020/01/08 v3.1.5b (3.1.5b)
))) (C:\Users\hakan\AppData\Local\Programs\MiKTeX\tex/latex/pgfplots\pgfplots.sty (C:\Users\hakan\AppData\Local\Programs\MiKTeX\tex/generic/pgfplots\pgfplots.revision.tex)
Package: pgfplots 2020/02/29 v1.17 Data Visualization (1.17)
 (C:\Users\hakan\AppData\Local\Programs\MiKTeX\tex/generic/pgfplots\pgfplots.code.tex (C:\Users\hakan\AppData\Local\Programs\MiKTeX\tex/generic/pgfplots\pgfplotscore.code.tex
\t@pgfplots@toka=\toks41
\t@pgfplots@tokb=\toks42
\t@pgfplots@tokc=\toks43
\pgfplots@tmpa=\dimen274
\c@pgfplots@coordindex=\count322
\c@pgfplots@scanlineindex=\count323
 (C:\Users\hakan\AppData\Local\Programs\MiKTeX\tex/generic/pgfplots/sys\pgfplotssysgeneric.code.tex)) (C:\Users\hakan\AppData\Local\Programs\MiKTeX\tex/generic/pgfplots/libs\pgfplotslibrary.code.tex) (C:\Users\hakan\AppData\Local\Programs\MiKTeX\tex/generic/pgfplots/oldpgfcompatib\pgfplotsoldpgfsupp_loader.code.tex (C:\Users\hakan\AppData\Local\Programs\MiKTeX\tex/generic/pgf/libraries\pgflibraryfpu.code.tex)) (C:\Users\hakan\AppData\Local\Programs\MiKTeX\tex/generic/pgfplots/util\pgfplotsutil.code.tex (C:\Users\hakan\AppData\Local\Programs\MiKTeX\tex/generic/pgfplots/liststructure\pgfplotsliststructure.code.tex) (C:\Users\hakan\AppData\Local\Programs\MiKTeX\tex/generic/pgfplots/liststructure\pgfplotsliststructureext.code.tex) (C:\Users\hakan\AppData\Local\Programs\MiKTeX\tex/generic/pgfplots/liststructure\pgfplotsarray.code.tex
\c@pgfplotsarray@tmp=\count324
) (C:\Users\hakan\AppData\Local\Programs\MiKTeX\tex/generic/pgfplots/liststructure\pgfplotsmatrix.code.tex) (C:\Users\hakan\AppData\Local\Programs\MiKTeX\tex/generic/pgfplots/numtable\pgfplotstableshared.code.tex
\c@pgfplotstable@counta=\count325
\t@pgfplotstable@a=\toks44
) (C:\Users\hakan\AppData\Local\Programs\MiKTeX\tex/generic/pgfplots/liststructure\pgfplotsdeque.code.tex) (C:\Users\hakan\AppData\Local\Programs\MiKTeX\tex/generic/pgfplots/util\pgfplotsbinary.code.tex (C:\Users\hakan\AppData\Local\Programs\MiKTeX\tex/generic/pgfplots/util\pgfplotsbinary.data.code.tex)) (C:\Users\hakan\AppData\Local\Programs\MiKTeX\tex/generic/pgfplots/util\pgfplotsutil.verb.code.tex) (C:\Users\hakan\AppData\Local\Programs\MiKTeX\tex/generic/pgfplots/libs\pgflibrarypgfplots.surfshading.code.tex
\c@pgfplotslibrarysurf@no=\count326
 (C:\Users\hakan\AppData\Local\Programs\MiKTeX\tex/generic/pgfplots/sys\pgflibrarypgfplots.surfshading.pgfsys-pdftex.def))) (C:\Users\hakan\AppData\Local\Programs\MiKTeX\tex/generic/pgfplots/util\pgfplotscolormap.code.tex (C:\Users\hakan\AppData\Local\Programs\MiKTeX\tex/generic/pgfplots/util\pgfplotscolor.code.tex)) (C:\Users\hakan\AppData\Local\Programs\MiKTeX\tex/generic/pgfplots\pgfplotsstackedplots.code.tex) (C:\Users\hakan\AppData\Local\Programs\MiKTeX\tex/generic/pgfplots\pgfplotsplothandlers.code.tex (C:\Users\hakan\AppData\Local\Programs\MiKTeX\tex/generic/pgfplots\pgfplotsmeshplothandler.code.tex (C:\Users\hakan\AppData\Local\Programs\MiKTeX\tex/generic/pgfplots\pgfplotsmeshplotimage.code.tex))) (C:\Users\hakan\AppData\Local\Programs\MiKTeX\tex/generic/pgfplots\pgfplots.scaling.code.tex) (C:\Users\hakan\AppData\Local\Programs\MiKTeX\tex/generic/pgfplots\pgfplotscoordprocessing.code.tex) (C:\Users\hakan\AppData\Local\Programs\MiKTeX\tex/generic/pgfplots\pgfplots.errorbars.code.tex) (C:\Users\hakan\AppData\Local\Programs\MiKTeX\tex/generic/pgfplots\pgfplots.markers.code.tex) (C:\Users\hakan\AppData\Local\Programs\MiKTeX\tex/generic/pgfplots\pgfplotsticks.code.tex) (C:\Users\hakan\AppData\Local\Programs\MiKTeX\tex/generic/pgfplots\pgfplots.paths.code.tex) (C:\Users\hakan\AppData\Local\Programs\MiKTeX\tex/generic/pgf/frontendlayer/tikz/libraries\tikzlibrarydecorations.code.tex (C:\Users\hakan\AppData\Local\Programs\MiKTeX\tex/generic/pgf/modules\pgfmoduledecorations.code.tex
\pgfdecoratedcompleteddistance=\dimen275
\pgfdecoratedremainingdistance=\dimen276
\pgfdecoratedinputsegmentcompleteddistance=\dimen277
\pgfdecoratedinputsegmentremainingdistance=\dimen278
\pgf@decorate@distancetomove=\dimen279
\pgf@decorate@repeatstate=\count327
\pgfdecorationsegmentamplitude=\dimen280
\pgfdecorationsegmentlength=\dimen281
)
\tikz@lib@dec@box=\box73
) (C:\Users\hakan\AppData\Local\Programs\MiKTeX\tex/generic/pgf/frontendlayer/tikz/libraries\tikzlibrarydecorations.pathmorphing.code.tex (C:\Users\hakan\AppData\Local\Programs\MiKTeX\tex/generic/pgf/libraries/decorations\pgflibrarydecorations.pathmorphing.code.tex)) (C:\Users\hakan\AppData\Local\Programs\MiKTeX\tex/generic/pgf/frontendlayer/tikz/libraries\tikzlibrarydecorations.pathreplacing.code.tex (C:\Users\hakan\AppData\Local\Programs\MiKTeX\tex/generic/pgf/libraries/decorations\pgflibrarydecorations.pathreplacing.code.tex))
\pgfplots@numplots=\count328
\pgfplots@xmin@reg=\dimen282
\pgfplots@xmax@reg=\dimen283
\pgfplots@ymin@reg=\dimen284
\pgfplots@ymax@reg=\dimen285
\pgfplots@zmin@reg=\dimen286
\pgfplots@zmax@reg=\dimen287
) (C:\Users\hakan\AppData\Local\Programs\MiKTeX\tex/generic/pgf/frontendlayer/tikz/libraries\tikzlibraryplotmarks.code.tex
File: tikzlibraryplotmarks.code.tex 2020/01/08 v3.1.5b (3.1.5b)
 (C:\Users\hakan\AppData\Local\Programs\MiKTeX\tex/generic/pgf/libraries\pgflibraryplotmarks.code.tex
File: pgflibraryplotmarks.code.tex 2020/01/08 v3.1.5b (3.1.5b)
))) (C:\Users\hakan\AppData\Local\Programs\MiKTeX\tex/latex/pgfgantt\pgfgantt.sty
Package: pgfgantt 2018/01/10 v5.0 Draw Gantt diagrams with TikZ
 (C:\Users\hakan\AppData\Local\Programs\MiKTeX\tex/generic/pgf/frontendlayer/tikz/libraries\tikzlibraryarrows.code.tex
File: tikzlibraryarrows.code.tex 2020/01/08 v3.1.5b (3.1.5b)
 (C:\Users\hakan\AppData\Local\Programs\MiKTeX\tex/generic/pgf/libraries\pgflibraryarrows.code.tex
File: pgflibraryarrows.code.tex 2020/01/08 v3.1.5b (3.1.5b)
\arrowsize=\dimen288
)) (C:\Users\hakan\AppData\Local\Programs\MiKTeX\tex/generic/pgf/frontendlayer/tikz/libraries\tikzlibrarybackgrounds.code.tex
File: tikzlibrarybackgrounds.code.tex 2020/01/08 v3.1.5b (3.1.5b)
\pgf@layerbox@background=\box74
\pgf@layerboxsaved@background=\box75
)
(C:\Users\hakan\AppData\Local\Programs\MiKTeX\tex/generic/pgf/frontendlayer/tikz/libraries\tikzlibrarycalc.code.tex
File: tikzlibrarycalc.code.tex 2020/01/08 v3.1.5b (3.1.5b)
) (C:\Users\hakan\AppData\Local\Programs\MiKTeX\tex/generic/pgf/frontendlayer/tikz/libraries\tikzlibrarypatterns.code.tex
File: tikzlibrarypatterns.code.tex 2020/01/08 v3.1.5b (3.1.5b)
 (C:\Users\hakan\AppData\Local\Programs\MiKTeX\tex/generic/pgf/libraries\pgflibrarypatterns.code.tex
File: pgflibrarypatterns.code.tex 2020/01/08 v3.1.5b (3.1.5b)
)) (C:\Users\hakan\AppData\Local\Programs\MiKTeX\tex/generic/pgf/frontendlayer/tikz/libraries\tikzlibrarypositioning.code.tex
File: tikzlibrarypositioning.code.tex 2020/01/08 v3.1.5b (3.1.5b)
) (C:\Users\hakan\AppData\Local\Programs\MiKTeX\tex/generic/pgf/frontendlayer/tikz/libraries\tikzlibraryshapes.geometric.code.tex
File: tikzlibraryshapes.geometric.code.tex 2020/01/08 v3.1.5b (3.1.5b)
 (C:\Users\hakan\AppData\Local\Programs\MiKTeX\tex/generic/pgf/libraries/shapes\pgflibraryshapes.geometric.code.tex
File: pgflibraryshapes.geometric.code.tex 2020/01/08 v3.1.5b (3.1.5b)
)) (C:\Users\hakan\AppData\Local\Programs\MiKTeX\tex/latex/pgf/utilities\pgfcalendar.sty (C:\Users\hakan\AppData\Local\Programs\MiKTeX\tex/generic/pgf/utilities\pgfcalendar.code.tex
File: pgfcalendar.code.tex 2020/01/08 v3.1.5b (3.1.5b)
 (C:\Users\hakan\AppData\Local\Programs\MiKTeX\tex/generic/pgf/math\pgfint.code.tex)
\pgfcalendarcurrentjulian=\count329
\pgf@cal@easter@Y=\count330
\pgf@cal@easter@G=\count331
\pgf@cal@easter@C=\count332
\pgf@cal@easter@X=\count333
\pgf@cal@easter@Z=\count334
\pgf@cal@easter@D=\count335
\pgf@cal@easter@E=\count336
\pgf@cal@easter@N=\count337
\pgf@cal@easter@M=\count338
\pgf@cal@easter@julianday=\count339
))
\gtt@currentline=\count340
\gtt@lasttitleline=\count341
\gtt@currgrid=\count342
\gtt@chartwidth=\count343
\gtt@lasttitleslot=\count344
\gtt@elementid=\count345
\gtt@today@slot=\count346
\gtt@startjulian=\count347
\gtt@endjulian=\count348
\gtt@chartid=\count349
\gtt@vrule@slot=\count350
\gtt@calendar@slots=\count351
\gtt@calendar@weeknumber=\count352
\gtt@calendar@startofweek=\count353
\gtt@left@slot=\count354
\gtt@right@slot=\count355
) (C:\Users\hakan\AppData\Local\Programs\MiKTeX\tex/latex/pdflscape\pdflscape.sty
Package: pdflscape 2019/12/05 v0.12 Display of landscape pages in PDF (HO)
 (C:\Users\hakan\AppData\Local\Programs\MiKTeX\tex/latex/graphics\lscape.sty
Package: lscape 2000/10/22 v3.01 Landscape Pages (DPC)
)
Package pdflscape Info: Auto-detected driver: pdftex on input line 81.
) (C:\Users\hakan\AppData\Local\Programs\MiKTeX\tex/latex/listings\lstlang1.sty
File: lstlang1.sty 2020/03/24 1.8d listings language file
) (c:/Users\hakan\Documents\GitHub\fault_tolerant_drives\Simulation\MPC\Report_v2\main.aux)
\openout1 = `main.aux'.

LaTeX Font Info:    Checking defaults for OML/cmm/m/it on input line 62.
LaTeX Font Info:    ... okay on input line 62.
LaTeX Font Info:    Checking defaults for OMS/cmsy/m/n on input line 62.
LaTeX Font Info:    ... okay on input line 62.
LaTeX Font Info:    Checking defaults for OT1/cmr/m/n on input line 62.
LaTeX Font Info:    ... okay on input line 62.
LaTeX Font Info:    Checking defaults for T1/cmr/m/n on input line 62.
LaTeX Font Info:    ... okay on input line 62.
LaTeX Font Info:    Checking defaults for TS1/cmr/m/n on input line 62.
LaTeX Font Info:    ... okay on input line 62.
LaTeX Font Info:    Checking defaults for OMX/cmex/m/n on input line 62.
LaTeX Font Info:    ... okay on input line 62.
LaTeX Font Info:    Checking defaults for U/cmr/m/n on input line 62.
LaTeX Font Info:    ... okay on input line 62.
LaTeX Font Info:    Checking defaults for PD1/pdf/m/n on input line 62.
LaTeX Font Info:    ... okay on input line 62.
 (C:\Users\hakan\AppData\Local\Programs\MiKTeX\tex/context/base/mkii\supp-pdf.mkii
[Loading MPS to PDF converter (version 2006.09.02).]
\scratchcounter=\count356
\scratchdimen=\dimen289
\scratchbox=\box76
\nofMPsegments=\count357
\nofMParguments=\count358
\everyMPshowfont=\toks45
\MPscratchCnt=\count359
\MPscratchDim=\dimen290
\MPnumerator=\count360
\makeMPintoPDFobject=\count361
\everyMPtoPDFconversion=\toks46
) (C:\Users\hakan\AppData\Local\Programs\MiKTeX\tex/latex/translator\translator-basic-dictionary-English.dict
Dictionary: translator-basic-dictionary, Language: English 
) (C:\Users\hakan\AppData\Local\Programs\MiKTeX\tex/latex/translator\translator-months-dictionary-English.dict
Dictionary: translator-months-dictionary, Language: English 
) (C:\Users\hakan\AppData\Local\Programs\MiKTeX\tex/latex/siunitx\siunitx-abbreviations.cfg
File: siunitx-abbreviations.cfg 2017/11/26 v2.7k siunitx: Abbreviated units
) ABD: EveryShipout initializing macros
\AtBeginShipoutBox=\box77
Package hyperref Info: Link coloring OFF on input line 62.
 (C:\Users\hakan\AppData\Local\Programs\MiKTeX\tex/latex/hyperref\nameref.sty
Package: nameref 2019/09/16 v2.46 Cross-referencing by name of section
 (C:\Users\hakan\AppData\Local\Programs\MiKTeX\tex/latex/refcount\refcount.sty
Package: refcount 2019/12/15 v3.6 Data extraction from label references (HO)
) (C:\Users\hakan\AppData\Local\Programs\MiKTeX\tex/generic/gettitlestring\gettitlestring.sty
Package: gettitlestring 2019/12/15 v1.6 Cleanup title references (HO)
)
\c@section@level=\count362
)
LaTeX Info: Redefining \ref on input line 62.
LaTeX Info: Redefining \pageref on input line 62.
LaTeX Info: Redefining \nameref on input line 62.
 (c:/Users\hakan\Documents\GitHub\fault_tolerant_drives\Simulation\MPC\Report_v2\main.out) (c:/Users\hakan\Documents\GitHub\fault_tolerant_drives\Simulation\MPC\Report_v2\main.out)
\@outlinefile=\write7
\openout7 = `main.out'.

\c@lstlisting=\count363

Package pgfplots notification 'compat/show suggested version=true': document has been generated with the most recent feature set (\pgfplotsset{compat=1.17}).

[1
Non-PDF special ignored!
<special> header=psfrag.pro

{C:/Users/hakan/AppData/Local/MiKTeX/pdftex/config/pdftex.map}] (c:/Users\hakan\Documents\GitHub\fault_tolerant_drives\Simulation\MPC\Report_v2\main.toc)
\tf@toc=\write8
\openout8 = `main.toc'.

 [2]
Package epstopdf Info: Source file: <SimulationResults/one_module/Iabc.eps>
(epstopdf)                    date: 2020-08-24 22:29:58
(epstopdf)                    size: 258659 bytes
(epstopdf)             Output file: <SimulationResults/one_module/Iabc-eps-converted-to.pdf>
(epstopdf)                    date: 2020-08-24 22:29:58
(epstopdf)                    size: 455009 bytes
(epstopdf)             Command: <epstopdf --outfile=SimulationResults/one_module/Iabc-eps-converted-to.pdf SimulationResults/one_module/Iabc.eps>
(epstopdf)             \includegraphics on input line 78.
Package epstopdf Info: Output file is already uptodate.


pdfTeX warning: pdflatex (file c:/Users/hakan/Documents/GitHub/fault_tolerant_drives/Simulation/MPC/Report_v2/SimulationResults/one_module/Iabc-eps-converted-to.pdf): PDF inclusion: found PDF version <1.7>, but at most version <1.5> allowed
<SimulationResults/one_module/Iabc-eps-converted-to.pdf, id=50, 1399.2275pt x 754.82pt>
File: SimulationResults/one_module/Iabc-eps-converted-to.pdf Graphic file (type pdf)
<use SimulationResults/one_module/Iabc-eps-converted-to.pdf>
Package pdftex.def Info: SimulationResults/one_module/Iabc-eps-converted-to.pdf  used on input line 78.
(pdftex.def)             Requested size: 489.73697pt x 264.19096pt.

Overfull \hbox (18.26448pt too wide) in paragraph at lines 78--79
 [][] 
 []

Package epstopdf Info: Source file: <SimulationResults/one_module/Idq_iqripple.eps>
(epstopdf)                    date: 2020-08-24 22:29:58
(epstopdf)                    size: 99660 bytes
(epstopdf)             Output file: <SimulationResults/one_module/Idq_iqripple-eps-converted-to.pdf>
(epstopdf)                    date: 2020-08-24 22:34:08
(epstopdf)                    size: 100507 bytes
(epstopdf)             Command: <epstopdf --outfile=SimulationResults/one_module/Idq_iqripple-eps-converted-to.pdf SimulationResults/one_module/Idq_iqripple.eps>
(epstopdf)             \includegraphics on input line 85.
Package epstopdf Info: Output file is already uptodate.


pdfTeX warning: pdflatex (file c:/Users/hakan/Documents/GitHub/fault_tolerant_drives/Simulation/MPC/Report_v2/SimulationResults/one_module/Idq_iqripple-eps-converted-to.pdf): PDF inclusion: found PDF version <1.7>, but at most version <1.5> allowed
<SimulationResults/one_module/Idq_iqripple-eps-converted-to.pdf, id=51, 1399.2275pt x 754.82pt>
File: SimulationResults/one_module/Idq_iqripple-eps-converted-to.pdf Graphic file (type pdf)
<use SimulationResults/one_module/Idq_iqripple-eps-converted-to.pdf>
Package pdftex.def Info: SimulationResults/one_module/Idq_iqripple-eps-converted-to.pdf  used on input line 85.
(pdftex.def)             Requested size: 489.73697pt x 264.19096pt.

Overfull \hbox (18.26448pt too wide) in paragraph at lines 85--86
 [][] 
 []

Package epstopdf Info: Source file: <SimulationResults/one_module/speed_fsw.eps>
(epstopdf)                    date: 2020-08-24 22:29:58
(epstopdf)                    size: 108869 bytes
(epstopdf)             Output file: <SimulationResults/one_module/speed_fsw-eps-converted-to.pdf>
(epstopdf)                    date: 2020-08-24 22:36:05
(epstopdf)                    size: 111230 bytes
(epstopdf)             Command: <epstopdf --outfile=SimulationResults/one_module/speed_fsw-eps-converted-to.pdf SimulationResults/one_module/speed_fsw.eps>
(epstopdf)             \includegraphics on input line 92.
Package epstopdf Info: Output file is already uptodate.


pdfTeX warning: pdflatex (file c:/Users/hakan/Documents/GitHub/fault_tolerant_drives/Simulation/MPC/Report_v2/SimulationResults/one_module/speed_fsw-eps-converted-to.pdf): PDF inclusion: found PDF version <1.7>, but at most version <1.5> allowed
<SimulationResults/one_module/speed_fsw-eps-converted-to.pdf, id=52, 1399.2275pt x 754.82pt>
File: SimulationResults/one_module/speed_fsw-eps-converted-to.pdf Graphic file (type pdf)
<use SimulationResults/one_module/speed_fsw-eps-converted-to.pdf>
Package pdftex.def Info: SimulationResults/one_module/speed_fsw-eps-converted-to.pdf  used on input line 92.
(pdftex.def)             Requested size: 489.73697pt x 264.19096pt.

Overfull \hbox (18.26448pt too wide) in paragraph at lines 92--93
 [][] 
 []


LaTeX Warning: `!h' float specifier changed to `!ht'.

Package epstopdf Info: Source file: <SimulationResults/one_module/te_iqripple_fsw.eps>
(epstopdf)                    date: 2020-08-24 22:29:58
(epstopdf)                    size: 127353 bytes
(epstopdf)             Output file: <SimulationResults/one_module/te_iqripple_fsw-eps-converted-to.pdf>
(epstopdf)                    date: 2020-08-24 22:38:22
(epstopdf)                    size: 132058 bytes
(epstopdf)             Command: <epstopdf --outfile=SimulationResults/one_module/te_iqripple_fsw-eps-converted-to.pdf SimulationResults/one_module/te_iqripple_fsw.eps>
(epstopdf)             \includegraphics on input line 99.
Package epstopdf Info: Output file is already uptodate.


pdfTeX warning: pdflatex (file c:/Users/hakan/Documents/GitHub/fault_tolerant_drives/Simulation/MPC/Report_v2/SimulationResults/one_module/te_iqripple_fsw-eps-converted-to.pdf): PDF inclusion: found PDF version <1.7>, but at most version <1.5> allowed
<SimulationResults/one_module/te_iqripple_fsw-eps-converted-to.pdf, id=53, 1399.2275pt x 754.82pt>
File: SimulationResults/one_module/te_iqripple_fsw-eps-converted-to.pdf Graphic file (type pdf)
<use SimulationResults/one_module/te_iqripple_fsw-eps-converted-to.pdf>
Package pdftex.def Info: SimulationResults/one_module/te_iqripple_fsw-eps-converted-to.pdf  used on input line 99.
(pdftex.def)             Requested size: 489.73697pt x 264.19096pt.

Overfull \hbox (18.26448pt too wide) in paragraph at lines 99--100
 [][] 
 []


LaTeX Warning: `!h' float specifier changed to `!ht'.

Package epstopdf Info: Source file: <SimulationResults/one_module/te_speed.eps>
(epstopdf)                    date: 2020-08-24 22:29:58
(epstopdf)                    size: 105607 bytes
(epstopdf)             Output file: <SimulationResults/one_module/te_speed-eps-converted-to.pdf>
(epstopdf)                    date: 2020-08-24 22:39:19
(epstopdf)                    size: 108944 bytes
(epstopdf)             Command: <epstopdf --outfile=SimulationResults/one_module/te_speed-eps-converted-to.pdf SimulationResults/one_module/te_speed.eps>
(epstopdf)             \includegraphics on input line 106.
Package epstopdf Info: Output file is already uptodate.


pdfTeX warning: pdflatex (file c:/Users/hakan/Documents/GitHub/fault_tolerant_drives/Simulation/MPC/Report_v2/SimulationResults/one_module/te_speed-eps-converted-to.pdf): PDF inclusion: found PDF version <1.7>, but at most version <1.5> allowed
<SimulationResults/one_module/te_speed-eps-converted-to.pdf, id=54, 1399.2275pt x 754.82pt>
File: SimulationResults/one_module/te_speed-eps-converted-to.pdf Graphic file (type pdf)
<use SimulationResults/one_module/te_speed-eps-converted-to.pdf>
Package pdftex.def Info: SimulationResults/one_module/te_speed-eps-converted-to.pdf  used on input line 106.
(pdftex.def)             Requested size: 489.73697pt x 264.19096pt.

Overfull \hbox (18.26448pt too wide) in paragraph at lines 106--107
 [][] 
 []


LaTeX Warning: `!h' float specifier changed to `!ht'.

Package epstopdf Info: Source file: <SimulationResults/two_modules/healthy/Iabc.eps>
(epstopdf)                    date: 2020-08-24 22:29:58
(epstopdf)                    size: 348965 bytes
(epstopdf)             Output file: <SimulationResults/two_modules/healthy/Iabc-eps-converted-to.pdf>
(epstopdf)                    date: 2020-08-24 22:45:08
(epstopdf)                    size: 737016 bytes
(epstopdf)             Command: <epstopdf --outfile=SimulationResults/two_modules/healthy/Iabc-eps-converted-to.pdf SimulationResults/two_modules/healthy/Iabc.eps>
(epstopdf)             \includegraphics on input line 117.
Package epstopdf Info: Output file is already uptodate.


pdfTeX warning: pdflatex (file c:/Users/hakan/Documents/GitHub/fault_tolerant_drives/Simulation/MPC/Report_v2/SimulationResults/two_modules/healthy/Iabc-eps-converted-to.pdf): PDF inclusion: found PDF version <1.7>, but at most version <1.5> allowed
<SimulationResults/two_modules/healthy/Iabc-eps-converted-to.pdf, id=55, 1399.2275pt x 754.82pt>
File: SimulationResults/two_modules/healthy/Iabc-eps-converted-to.pdf Graphic file (type pdf)
<use SimulationResults/two_modules/healthy/Iabc-eps-converted-to.pdf>
Package pdftex.def Info: SimulationResults/two_modules/healthy/Iabc-eps-converted-to.pdf  used on input line 117.
(pdftex.def)             Requested size: 489.73697pt x 264.19096pt.

Overfull \hbox (18.26448pt too wide) in paragraph at lines 117--118
 [][] 
 []

[3 <c:/Users/hakan/Documents/GitHub/fault_tolerant_drives/Simulation/MPC/Report_v2/SimulationResults/one_module/Iabc-eps-converted-to.pdf> <c:/Users/hakan/Documents/GitHub/fault_tolerant_drives/Simulation/MPC/Report_v2/SimulationResults/one_module/Idq_iqripple-eps-converted-to.pdf>]

LaTeX Warning: `!h' float specifier changed to `!ht'.

Package epstopdf Info: Source file: <SimulationResults/two_modules/healthy/Idq_iqripple.eps>
(epstopdf)                    date: 2020-08-24 22:29:58
(epstopdf)                    size: 146670 bytes
(epstopdf)             Output file: <SimulationResults/two_modules/healthy/Idq_iqripple-eps-converted-to.pdf>
(epstopdf)                    date: 2020-08-24 22:49:30
(epstopdf)                    size: 155018 bytes
(epstopdf)             Command: <epstopdf --outfile=SimulationResults/two_modules/healthy/Idq_iqripple-eps-converted-to.pdf SimulationResults/two_modules/healthy/Idq_iqripple.eps>
(epstopdf)             \includegraphics on input line 124.
Package epstopdf Info: Output file is already uptodate.


pdfTeX warning: pdflatex (file c:/Users/hakan/Documents/GitHub/fault_tolerant_drives/Simulation/MPC/Report_v2/SimulationResults/two_modules/healthy/Idq_iqripple-eps-converted-to.pdf): PDF inclusion: found PDF version <1.7>, but at most version <1.5> allowed
<SimulationResults/two_modules/healthy/Idq_iqripple-eps-converted-to.pdf, id=74, 1399.2275pt x 754.82pt>
File: SimulationResults/two_modules/healthy/Idq_iqripple-eps-converted-to.pdf Graphic file (type pdf)
<use SimulationResults/two_modules/healthy/Idq_iqripple-eps-converted-to.pdf>
Package pdftex.def Info: SimulationResults/two_modules/healthy/Idq_iqripple-eps-converted-to.pdf  used on input line 124.
(pdftex.def)             Requested size: 489.73697pt x 264.19096pt.

Overfull \hbox (18.26448pt too wide) in paragraph at lines 124--125
 [][] 
 []


LaTeX Warning: `!h' float specifier changed to `!ht'.

Package epstopdf Info: Source file: <SimulationResults/two_modules/healthy/speed.eps>
(epstopdf)                    date: 2020-08-24 22:29:58
(epstopdf)                    size: 96665 bytes
(epstopdf)             Output file: <SimulationResults/two_modules/healthy/speed-eps-converted-to.pdf>
(epstopdf)                    date: 2020-08-24 22:51:10
(epstopdf)                    size: 95673 bytes
(epstopdf)             Command: <epstopdf --outfile=SimulationResults/two_modules/healthy/speed-eps-converted-to.pdf SimulationResults/two_modules/healthy/speed.eps>
(epstopdf)             \includegraphics on input line 131.
Package epstopdf Info: Output file is already uptodate.


pdfTeX warning: pdflatex (file c:/Users/hakan/Documents/GitHub/fault_tolerant_drives/Simulation/MPC/Report_v2/SimulationResults/two_modules/healthy/speed-eps-converted-to.pdf): PDF inclusion: found PDF version <1.7>, but at most version <1.5> allowed
<SimulationResults/two_modules/healthy/speed-eps-converted-to.pdf, id=75, 1399.2275pt x 754.82pt>
File: SimulationResults/two_modules/healthy/speed-eps-converted-to.pdf Graphic file (type pdf)
<use SimulationResults/two_modules/healthy/speed-eps-converted-to.pdf>
Package pdftex.def Info: SimulationResults/two_modules/healthy/speed-eps-converted-to.pdf  used on input line 131.
(pdftex.def)             Requested size: 489.73697pt x 264.19096pt.

Overfull \hbox (18.26448pt too wide) in paragraph at lines 131--132
 [][] 
 []


LaTeX Warning: `!h' float specifier changed to `!ht'.

Package epstopdf Info: Source file: <SimulationResults/two_modules/healthy/speed_fsw_iqripple.eps>
(epstopdf)                    date: 2020-08-24 22:29:58
(epstopdf)                    size: 152526 bytes
(epstopdf)             Output file: <SimulationResults/two_modules/healthy/speed_fsw_iqripple-eps-converted-to.pdf>
(epstopdf)                    date: 2020-08-24 22:52:33
(epstopdf)                    size: 162818 bytes
(epstopdf)             Command: <epstopdf --outfile=SimulationResults/two_modules/healthy/speed_fsw_iqripple-eps-converted-to.pdf SimulationResults/two_modules/healthy/speed_fsw_iqripple.eps>
(epstopdf)             \includegraphics on input line 138.
Package epstopdf Info: Output file is already uptodate.


pdfTeX warning: pdflatex (file c:/Users/hakan/Documents/GitHub/fault_tolerant_drives/Simulation/MPC/Report_v2/SimulationResults/two_modules/healthy/speed_fsw_iqripple-eps-converted-to.pdf): PDF inclusion: found PDF version <1.7>, but at most version <1.5> allowed
<SimulationResults/two_modules/healthy/speed_fsw_iqripple-eps-converted-to.pdf, id=76, 1399.2275pt x 754.82pt>
File: SimulationResults/two_modules/healthy/speed_fsw_iqripple-eps-converted-to.pdf Graphic file (type pdf)
<use SimulationResults/two_modules/healthy/speed_fsw_iqripple-eps-converted-to.pdf>
Package pdftex.def Info: SimulationResults/two_modules/healthy/speed_fsw_iqripple-eps-converted-to.pdf  used on input line 138.
(pdftex.def)             Requested size: 489.73697pt x 264.19096pt.

Overfull \hbox (18.26448pt too wide) in paragraph at lines 138--139
 [][] 
 []


LaTeX Warning: `!h' float specifier changed to `!ht'.

Package epstopdf Info: Source file: <SimulationResults/two_modules/healthy/tref_tload.eps>
(epstopdf)                    date: 2020-08-24 22:29:58
(epstopdf)                    size: 119082 bytes
(epstopdf)             Output file: <SimulationResults/two_modules/healthy/tref_tload-eps-converted-to.pdf>
(epstopdf)                    date: 2020-08-24 23:19:34
(epstopdf)                    size: 122660 bytes
(epstopdf)             Command: <epstopdf --outfile=SimulationResults/two_modules/healthy/tref_tload-eps-converted-to.pdf SimulationResults/two_modules/healthy/tref_tload.eps>
(epstopdf)             \includegraphics on input line 145.
Package epstopdf Info: Output file is already uptodate.


pdfTeX warning: pdflatex (file c:/Users/hakan/Documents/GitHub/fault_tolerant_drives/Simulation/MPC/Report_v2/SimulationResults/two_modules/healthy/tref_tload-eps-converted-to.pdf): PDF inclusion: found PDF version <1.7>, but at most version <1.5> allowed
<SimulationResults/two_modules/healthy/tref_tload-eps-converted-to.pdf, id=77, 1399.2275pt x 754.82pt>
File: SimulationResults/two_modules/healthy/tref_tload-eps-converted-to.pdf Graphic file (type pdf)
<use SimulationResults/two_modules/healthy/tref_tload-eps-converted-to.pdf>
Package pdftex.def Info: SimulationResults/two_modules/healthy/tref_tload-eps-converted-to.pdf  used on input line 145.
(pdftex.def)             Requested size: 489.73697pt x 264.19096pt.

Overfull \hbox (18.26448pt too wide) in paragraph at lines 145--146
 [][] 
 []


LaTeX Warning: `!h' float specifier changed to `!ht'.

Package epstopdf Info: Source file: <SimulationResults/two_modules/faulty/Iabc.eps>
(epstopdf)                    date: 2020-08-24 22:29:58
(epstopdf)                    size: 271686 bytes
(epstopdf)             Output file: <SimulationResults/two_modules/faulty/Iabc-eps-converted-to.pdf>
(epstopdf)                    date: 2020-08-26 21:01:19
(epstopdf)                    size: 358085 bytes
(epstopdf)             Command: <epstopdf --outfile=SimulationResults/two_modules/faulty/Iabc-eps-converted-to.pdf SimulationResults/two_modules/faulty/Iabc.eps>
(epstopdf)             \includegraphics on input line 155.
Package epstopdf Info: Output file is already uptodate.


pdfTeX warning: pdflatex (file c:/Users/hakan/Documents/GitHub/fault_tolerant_drives/Simulation/MPC/Report_v2/SimulationResults/two_modules/faulty/Iabc-eps-converted-to.pdf): PDF inclusion: found PDF version <1.7>, but at most version <1.5> allowed
<SimulationResults/two_modules/faulty/Iabc-eps-converted-to.pdf, id=78, 1399.2275pt x 754.82pt>
File: SimulationResults/two_modules/faulty/Iabc-eps-converted-to.pdf Graphic file (type pdf)
<use SimulationResults/two_modules/faulty/Iabc-eps-converted-to.pdf>
Package pdftex.def Info: SimulationResults/two_modules/faulty/Iabc-eps-converted-to.pdf  used on input line 155.
(pdftex.def)             Requested size: 489.73697pt x 264.19096pt.

Overfull \hbox (18.26448pt too wide) in paragraph at lines 155--156
 [][] 
 []

[4 <c:/Users/hakan/Documents/GitHub/fault_tolerant_drives/Simulation/MPC/Report_v2/SimulationResults/one_module/speed_fsw-eps-converted-to.pdf> <c:/Users/hakan/Documents/GitHub/fault_tolerant_drives/Simulation/MPC/Report_v2/SimulationResults/one_module/te_iqripple_fsw-eps-converted-to.pdf>]

LaTeX Warning: `!h' float specifier changed to `!ht'.

Package epstopdf Info: Source file: <SimulationResults/two_modules/faulty/Idq_iqripple.eps>
(epstopdf)                    date: 2020-08-24 22:29:58
(epstopdf)                    size: 187137 bytes
(epstopdf)             Output file: <SimulationResults/two_modules/faulty/Idq_iqripple-eps-converted-to.pdf>
(epstopdf)                    date: 2020-08-26 21:01:20
(epstopdf)                    size: 191192 bytes
(epstopdf)             Command: <epstopdf --outfile=SimulationResults/two_modules/faulty/Idq_iqripple-eps-converted-to.pdf SimulationResults/two_modules/faulty/Idq_iqripple.eps>
(epstopdf)             \includegraphics on input line 162.
Package epstopdf Info: Output file is already uptodate.


pdfTeX warning: pdflatex (file c:/Users/hakan/Documents/GitHub/fault_tolerant_drives/Simulation/MPC/Report_v2/SimulationResults/two_modules/faulty/Idq_iqripple-eps-converted-to.pdf): PDF inclusion: found PDF version <1.7>, but at most version <1.5> allowed
<SimulationResults/two_modules/faulty/Idq_iqripple-eps-converted-to.pdf, id=97, 1399.2275pt x 754.82pt>
File: SimulationResults/two_modules/faulty/Idq_iqripple-eps-converted-to.pdf Graphic file (type pdf)
<use SimulationResults/two_modules/faulty/Idq_iqripple-eps-converted-to.pdf>
Package pdftex.def Info: SimulationResults/two_modules/faulty/Idq_iqripple-eps-converted-to.pdf  used on input line 162.
(pdftex.def)             Requested size: 489.73697pt x 264.19096pt.

Overfull \hbox (18.26448pt too wide) in paragraph at lines 162--163
 [][] 
 []


LaTeX Warning: `!h' float specifier changed to `!ht'.

Package epstopdf Info: Source file: <SimulationResults/two_modules/faulty/speed.eps>
(epstopdf)                    date: 2020-08-24 22:29:58
(epstopdf)                    size: 105512 bytes
(epstopdf)             Output file: <SimulationResults/two_modules/faulty/speed-eps-converted-to.pdf>
(epstopdf)                    date: 2020-08-26 21:01:22
(epstopdf)                    size: 105236 bytes
(epstopdf)             Command: <epstopdf --outfile=SimulationResults/two_modules/faulty/speed-eps-converted-to.pdf SimulationResults/two_modules/faulty/speed.eps>
(epstopdf)             \includegraphics on input line 169.
Package epstopdf Info: Output file is already uptodate.


pdfTeX warning: pdflatex (file c:/Users/hakan/Documents/GitHub/fault_tolerant_drives/Simulation/MPC/Report_v2/SimulationResults/two_modules/faulty/speed-eps-converted-to.pdf): PDF inclusion: found PDF version <1.7>, but at most version <1.5> allowed
<SimulationResults/two_modules/faulty/speed-eps-converted-to.pdf, id=98, 1399.2275pt x 754.82pt>
File: SimulationResults/two_modules/faulty/speed-eps-converted-to.pdf Graphic file (type pdf)
<use SimulationResults/two_modules/faulty/speed-eps-converted-to.pdf>
Package pdftex.def Info: SimulationResults/two_modules/faulty/speed-eps-converted-to.pdf  used on input line 169.
(pdftex.def)             Requested size: 489.73697pt x 264.19096pt.

Overfull \hbox (18.26448pt too wide) in paragraph at lines 169--170
 [][] 
 []


LaTeX Warning: `!h' float specifier changed to `!ht'.

Package epstopdf Info: Source file: <SimulationResults/two_modules/faulty/speed_fsw_iqripple.eps>
(epstopdf)                    date: 2020-08-24 22:29:58
(epstopdf)                    size: 202060 bytes
(epstopdf)             Output file: <SimulationResults/two_modules/faulty/speed_fsw_iqripple-eps-converted-to.pdf>
(epstopdf)                    date: 2020-08-26 21:01:23
(epstopdf)                    size: 305700 bytes
(epstopdf)             Command: <epstopdf --outfile=SimulationResults/two_modules/faulty/speed_fsw_iqripple-eps-converted-to.pdf SimulationResults/two_modules/faulty/speed_fsw_iqripple.eps>
(epstopdf)             \includegraphics on input line 176.
Package epstopdf Info: Output file is already uptodate.


pdfTeX warning: pdflatex (file c:/Users/hakan/Documents/GitHub/fault_tolerant_drives/Simulation/MPC/Report_v2/SimulationResults/two_modules/faulty/speed_fsw_iqripple-eps-converted-to.pdf): PDF inclusion: found PDF version <1.7>, but at most version <1.5> allowed
<SimulationResults/two_modules/faulty/speed_fsw_iqripple-eps-converted-to.pdf, id=99, 1399.2275pt x 754.82pt>
File: SimulationResults/two_modules/faulty/speed_fsw_iqripple-eps-converted-to.pdf Graphic file (type pdf)
<use SimulationResults/two_modules/faulty/speed_fsw_iqripple-eps-converted-to.pdf>
Package pdftex.def Info: SimulationResults/two_modules/faulty/speed_fsw_iqripple-eps-converted-to.pdf  used on input line 176.
(pdftex.def)             Requested size: 489.73697pt x 264.19096pt.

Overfull \hbox (18.26448pt too wide) in paragraph at lines 176--177
 [][] 
 []


LaTeX Warning: `!h' float specifier changed to `!ht'.

Package epstopdf Info: Source file: <SimulationResults/two_modules/faulty/tref_tload.eps>
(epstopdf)                    date: 2020-08-24 22:29:58
(epstopdf)                    size: 156251 bytes
(epstopdf)             Output file: <SimulationResults/two_modules/faulty/tref_tload-eps-converted-to.pdf>
(epstopdf)                    date: 2020-08-26 21:01:25
(epstopdf)                    size: 154644 bytes
(epstopdf)             Command: <epstopdf --outfile=SimulationResults/two_modules/faulty/tref_tload-eps-converted-to.pdf SimulationResults/two_modules/faulty/tref_tload.eps>
(epstopdf)             \includegraphics on input line 183.
Package epstopdf Info: Output file is already uptodate.


pdfTeX warning: pdflatex (file c:/Users/hakan/Documents/GitHub/fault_tolerant_drives/Simulation/MPC/Report_v2/SimulationResults/two_modules/faulty/tref_tload-eps-converted-to.pdf): PDF inclusion: found PDF version <1.7>, but at most version <1.5> allowed
<SimulationResults/two_modules/faulty/tref_tload-eps-converted-to.pdf, id=100, 1399.2275pt x 754.82pt>
File: SimulationResults/two_modules/faulty/tref_tload-eps-converted-to.pdf Graphic file (type pdf)
<use SimulationResults/two_modules/faulty/tref_tload-eps-converted-to.pdf>
Package pdftex.def Info: SimulationResults/two_modules/faulty/tref_tload-eps-converted-to.pdf  used on input line 183.
(pdftex.def)             Requested size: 489.73697pt x 264.19096pt.

Overfull \hbox (18.26448pt too wide) in paragraph at lines 183--184
 [][] 
 []


LaTeX Warning: `!h' float specifier changed to `!ht'.

Package epstopdf Info: Source file: <SimulationResults/two_modules/faulty_torqueshared/Iabc.eps>
(epstopdf)                    date: 2020-08-24 22:29:58
(epstopdf)                    size: 272249 bytes
(epstopdf)             Output file: <SimulationResults/two_modules/faulty_torqueshared/Iabc-eps-converted-to.pdf>
(epstopdf)                    date: 2020-08-26 21:04:04
(epstopdf)                    size: 611494 bytes
(epstopdf)             Command: <epstopdf --outfile=SimulationResults/two_modules/faulty_torqueshared/Iabc-eps-converted-to.pdf SimulationResults/two_modules/faulty_torqueshared/Iabc.eps>
(epstopdf)             \includegraphics on input line 192.
Package epstopdf Info: Output file is already uptodate.


pdfTeX warning: pdflatex (file c:/Users/hakan/Documents/GitHub/fault_tolerant_drives/Simulation/MPC/Report_v2/SimulationResults/two_modules/faulty_torqueshared/Iabc-eps-converted-to.pdf): PDF inclusion: found PDF version <1.7>, but at most version <1.5> allowed
<SimulationResults/two_modules/faulty_torqueshared/Iabc-eps-converted-to.pdf, id=101, 1399.2275pt x 754.82pt>
File: SimulationResults/two_modules/faulty_torqueshared/Iabc-eps-converted-to.pdf Graphic file (type pdf)
<use SimulationResults/two_modules/faulty_torqueshared/Iabc-eps-converted-to.pdf>
Package pdftex.def Info: SimulationResults/two_modules/faulty_torqueshared/Iabc-eps-converted-to.pdf  used on input line 192.
(pdftex.def)             Requested size: 489.73697pt x 264.19096pt.

Overfull \hbox (18.26448pt too wide) in paragraph at lines 192--193
 [][] 
 []


LaTeX Warning: `!h' float specifier changed to `!ht'.

Package epstopdf Info: Source file: <SimulationResults/two_modules/faulty_torqueshared/Idq_iqripple.eps>
(epstopdf)                    date: 2020-08-24 22:29:58
(epstopdf)                    size: 172583 bytes
(epstopdf)             Output file: <SimulationResults/two_modules/faulty_torqueshared/Idq_iqripple-eps-converted-to.pdf>
(epstopdf)                    date: 2020-08-26 21:04:06
(epstopdf)                    size: 178421 bytes
(epstopdf)             Command: <epstopdf --outfile=SimulationResults/two_modules/faulty_torqueshared/Idq_iqripple-eps-converted-to.pdf SimulationResults/two_modules/faulty_torqueshared/Idq_iqripple.eps>
(epstopdf)             \includegraphics on input line 199.
Package epstopdf Info: Output file is already uptodate.


pdfTeX warning: pdflatex (file c:/Users/hakan/Documents/GitHub/fault_tolerant_drives/Simulation/MPC/Report_v2/SimulationResults/two_modules/faulty_torqueshared/Idq_iqripple-eps-converted-to.pdf): PDF inclusion: found PDF version <1.7>, but at most version <1.5> allowed
<SimulationResults/two_modules/faulty_torqueshared/Idq_iqripple-eps-converted-to.pdf, id=102, 1399.2275pt x 754.82pt>
File: SimulationResults/two_modules/faulty_torqueshared/Idq_iqripple-eps-converted-to.pdf Graphic file (type pdf)
<use SimulationResults/two_modules/faulty_torqueshared/Idq_iqripple-eps-converted-to.pdf>
Package pdftex.def Info: SimulationResults/two_modules/faulty_torqueshared/Idq_iqripple-eps-converted-to.pdf  used on input line 199.
(pdftex.def)             Requested size: 489.73697pt x 264.19096pt.

Overfull \hbox (18.26448pt too wide) in paragraph at lines 199--200
 [][] 
 []


LaTeX Warning: `!h' float specifier changed to `!ht'.

Package epstopdf Info: Source file: <SimulationResults/two_modules/faulty_torqueshared/speed.eps>
(epstopdf)                    date: 2020-08-24 22:29:58
(epstopdf)                    size: 98318 bytes
(epstopdf)             Output file: <SimulationResults/two_modules/faulty_torqueshared/speed-eps-converted-to.pdf>
(epstopdf)                    date: 2020-08-26 21:04:07
(epstopdf)                    size: 98101 bytes
(epstopdf)             Command: <epstopdf --outfile=SimulationResults/two_modules/faulty_torqueshared/speed-eps-converted-to.pdf SimulationResults/two_modules/faulty_torqueshared/speed.eps>
(epstopdf)             \includegraphics on input line 206.
Package epstopdf Info: Output file is already uptodate.


pdfTeX warning: pdflatex (file c:/Users/hakan/Documents/GitHub/fault_tolerant_drives/Simulation/MPC/Report_v2/SimulationResults/two_modules/faulty_torqueshared/speed-eps-converted-to.pdf): PDF inclusion: found PDF version <1.7>, but at most version <1.5> allowed
<SimulationResults/two_modules/faulty_torqueshared/speed-eps-converted-to.pdf, id=103, 1399.2275pt x 754.82pt>
File: SimulationResults/two_modules/faulty_torqueshared/speed-eps-converted-to.pdf Graphic file (type pdf)
<use SimulationResults/two_modules/faulty_torqueshared/speed-eps-converted-to.pdf>
Package pdftex.def Info: SimulationResults/two_modules/faulty_torqueshared/speed-eps-converted-to.pdf  used on input line 206.
(pdftex.def)             Requested size: 489.73697pt x 264.19096pt.

Overfull \hbox (18.26448pt too wide) in paragraph at lines 206--207
 [][] 
 []


LaTeX Warning: `!h' float specifier changed to `!ht'.

Package epstopdf Info: Source file: <SimulationResults/two_modules/faulty_torqueshared/speed_fsw_iqripple.eps>
(epstopdf)                    date: 2020-08-24 22:29:58
(epstopdf)                    size: 174056 bytes
(epstopdf)             Output file: <SimulationResults/two_modules/faulty_torqueshared/speed_fsw_iqripple-eps-converted-to.pdf>
(epstopdf)                    date: 2020-08-26 21:04:08
(epstopdf)                    size: 181613 bytes
(epstopdf)             Command: <epstopdf --outfile=SimulationResults/two_modules/faulty_torqueshared/speed_fsw_iqripple-eps-converted-to.pdf SimulationResults/two_modules/faulty_torqueshared/speed_fsw_iqripple.eps>
(epstopdf)             \includegraphics on input line 213.
Package epstopdf Info: Output file is already uptodate.


pdfTeX warning: pdflatex (file c:/Users/hakan/Documents/GitHub/fault_tolerant_drives/Simulation/MPC/Report_v2/SimulationResults/two_modules/faulty_torqueshared/speed_fsw_iqripple-eps-converted-to.pdf): PDF inclusion: found PDF version <1.7>, but at most version <1.5> allowed
<SimulationResults/two_modules/faulty_torqueshared/speed_fsw_iqripple-eps-converted-to.pdf, id=104, 1399.2275pt x 754.82pt>
File: SimulationResults/two_modules/faulty_torqueshared/speed_fsw_iqripple-eps-converted-to.pdf Graphic file (type pdf)
<use SimulationResults/two_modules/faulty_torqueshared/speed_fsw_iqripple-eps-converted-to.pdf>
Package pdftex.def Info: SimulationResults/two_modules/faulty_torqueshared/speed_fsw_iqripple-eps-converted-to.pdf  used on input line 213.
(pdftex.def)             Requested size: 489.73697pt x 264.19096pt.

Overfull \hbox (18.26448pt too wide) in paragraph at lines 213--214
 [][] 
 []


LaTeX Warning: `!h' float specifier changed to `!ht'.

Package epstopdf Info: Source file: <SimulationResults/two_modules/faulty_torqueshared/tref_tload.eps>
(epstopdf)                    date: 2020-08-24 22:29:58
(epstopdf)                    size: 134234 bytes
(epstopdf)             Output file: <SimulationResults/two_modules/faulty_torqueshared/tref_tload-eps-converted-to.pdf>
(epstopdf)                    date: 2020-08-26 21:04:10
(epstopdf)                    size: 137424 bytes
(epstopdf)             Command: <epstopdf --outfile=SimulationResults/two_modules/faulty_torqueshared/tref_tload-eps-converted-to.pdf SimulationResults/two_modules/faulty_torqueshared/tref_tload.eps>
(epstopdf)             \includegraphics on input line 220.
Package epstopdf Info: Output file is already uptodate.


pdfTeX warning: pdflatex (file c:/Users/hakan/Documents/GitHub/fault_tolerant_drives/Simulation/MPC/Report_v2/SimulationResults/two_modules/faulty_torqueshared/tref_tload-eps-converted-to.pdf): PDF inclusion: found PDF version <1.7>, but at most version <1.5> allowed
<SimulationResults/two_modules/faulty_torqueshared/tref_tload-eps-converted-to.pdf, id=105, 1399.2275pt x 754.82pt>
File: SimulationResults/two_modules/faulty_torqueshared/tref_tload-eps-converted-to.pdf Graphic file (type pdf)
<use SimulationResults/two_modules/faulty_torqueshared/tref_tload-eps-converted-to.pdf>
Package pdftex.def Info: SimulationResults/two_modules/faulty_torqueshared/tref_tload-eps-converted-to.pdf  used on input line 220.
(pdftex.def)             Requested size: 489.73697pt x 264.19096pt.

Overfull \hbox (18.26448pt too wide) in paragraph at lines 220--221
 [][] 
 []


LaTeX Warning: `!h' float specifier changed to `!ht'.

Package epstopdf Info: Source file: <SimulationResults/two_modules/faulty_torqueshared/tref_tload_close.eps>
(epstopdf)                    date: 2020-08-24 22:29:58
(epstopdf)                    size: 180972 bytes
(epstopdf)             Output file: <SimulationResults/two_modules/faulty_torqueshared/tref_tload_close-eps-converted-to.pdf>
(epstopdf)                    date: 2020-08-26 21:11:44
(epstopdf)                    size: 177456 bytes
(epstopdf)             Command: <epstopdf --outfile=SimulationResults/two_modules/faulty_torqueshared/tref_tload_close-eps-converted-to.pdf SimulationResults/two_modules/faulty_torqueshared/tref_tload_close.eps>
(epstopdf)             \includegraphics on input line 227.
Package epstopdf Info: Output file is already uptodate.


pdfTeX warning: pdflatex (file c:/Users/hakan/Documents/GitHub/fault_tolerant_drives/Simulation/MPC/Report_v2/SimulationResults/two_modules/faulty_torqueshared/tref_tload_close-eps-converted-to.pdf): PDF inclusion: found PDF version <1.7>, but at most version <1.5> allowed
<SimulationResults/two_modules/faulty_torqueshared/tref_tload_close-eps-converted-to.pdf, id=106, 1399.2275pt x 754.82pt>
File: SimulationResults/two_modules/faulty_torqueshared/tref_tload_close-eps-converted-to.pdf Graphic file (type pdf)
<use SimulationResults/two_modules/faulty_torqueshared/tref_tload_close-eps-converted-to.pdf>
Package pdftex.def Info: SimulationResults/two_modules/faulty_torqueshared/tref_tload_close-eps-converted-to.pdf  used on input line 227.
(pdftex.def)             Requested size: 489.73697pt x 264.19096pt.

Overfull \hbox (18.26448pt too wide) in paragraph at lines 227--228
 [][] 
 []


LaTeX Warning: `!h' float specifier changed to `!ht'.

Package epstopdf Info: Source file: <SimulationResults/two_modules/faulty_torqueshared/Idq_iqripple_fsw_close.eps>
(epstopdf)                    date: 2020-08-24 22:29:58
(epstopdf)                    size: 255343 bytes
(epstopdf)             Output file: <SimulationResults/two_modules/faulty_torqueshared/Idq_iqripple_fsw_close-eps-converted-to.pdf>
(epstopdf)                    date: 2020-08-26 21:12:10
(epstopdf)                    size: 256847 bytes
(epstopdf)             Command: <epstopdf --outfile=SimulationResults/two_modules/faulty_torqueshared/Idq_iqripple_fsw_close-eps-converted-to.pdf SimulationResults/two_modules/faulty_torqueshared/Idq_iqripple_fsw_close.eps>
(epstopdf)             \includegraphics on input line 234.
Package epstopdf Info: Output file is already uptodate.


pdfTeX warning: pdflatex (file c:/Users/hakan/Documents/GitHub/fault_tolerant_drives/Simulation/MPC/Report_v2/SimulationResults/two_modules/faulty_torqueshared/Idq_iqripple_fsw_close-eps-converted-to.pdf): PDF inclusion: found PDF version <1.7>, but at most version <1.5> allowed
<SimulationResults/two_modules/faulty_torqueshared/Idq_iqripple_fsw_close-eps-converted-to.pdf, id=107, 1399.2275pt x 754.82pt>
File: SimulationResults/two_modules/faulty_torqueshared/Idq_iqripple_fsw_close-eps-converted-to.pdf Graphic file (type pdf)
<use SimulationResults/two_modules/faulty_torqueshared/Idq_iqripple_fsw_close-eps-converted-to.pdf>
Package pdftex.def Info: SimulationResults/two_modules/faulty_torqueshared/Idq_iqripple_fsw_close-eps-converted-to.pdf  used on input line 234.
(pdftex.def)             Requested size: 489.73697pt x 264.19096pt.

Overfull \hbox (18.26448pt too wide) in paragraph at lines 234--235
 [][] 
 []


LaTeX Warning: `!h' float specifier changed to `!ht'.

(c:/Users\hakan\Documents\GitHub\fault_tolerant_drives\Simulation\MPC\Report_v2\main.bbl

Package natbib Warning: Empty `thebibliography' environment on input line 3.

) [5 <c:/Users/hakan/Documents/GitHub/fault_tolerant_drives/Simulation/MPC/Report_v2/SimulationResults/one_module/te_speed-eps-converted-to.pdf> <c:/Users/hakan/Documents/GitHub/fault_tolerant_drives/Simulation/MPC/Report_v2/SimulationResults/two_modules/healthy/Iabc-eps-converted-to.pdf>] [6 <c:/Users/hakan/Documents/GitHub/fault_tolerant_drives/Simulation/MPC/Report_v2/SimulationResults/two_modules/healthy/Idq_iqripple-eps-converted-to.pdf> <c:/Users/hakan/Documents/GitHub/fault_tolerant_drives/Simulation/MPC/Report_v2/SimulationResults/two_modules/healthy/speed-eps-converted-to.pdf>] [7 <c:/Users/hakan/Documents/GitHub/fault_tolerant_drives/Simulation/MPC/Report_v2/SimulationResults/two_modules/healthy/speed_fsw_iqripple-eps-converted-to.pdf> <c:/Users/hakan/Documents/GitHub/fault_tolerant_drives/Simulation/MPC/Report_v2/SimulationResults/two_modules/healthy/tref_tload-eps-converted-to.pdf>] [8 <c:/Users/hakan/Documents/GitHub/fault_tolerant_drives/Simulation/MPC/Report_v2/SimulationResults/two_modules/faulty/Iabc-eps-converted-to.pdf> <c:/Users/hakan/Documents/GitHub/fault_tolerant_drives/Simulation/MPC/Report_v2/SimulationResults/two_modules/faulty/Idq_iqripple-eps-converted-to.pdf>] [9 <c:/Users/hakan/Documents/GitHub/fault_tolerant_drives/Simulation/MPC/Report_v2/SimulationResults/two_modules/faulty/speed-eps-converted-to.pdf> <c:/Users/hakan/Documents/GitHub/fault_tolerant_drives/Simulation/MPC/Report_v2/SimulationResults/two_modules/faulty/speed_fsw_iqripple-eps-converted-to.pdf>] [10 <c:/Users/hakan/Documents/GitHub/fault_tolerant_drives/Simulation/MPC/Report_v2/SimulationResults/two_modules/faulty/tref_tload-eps-converted-to.pdf> <c:/Users/hakan/Documents/GitHub/fault_tolerant_drives/Simulation/MPC/Report_v2/SimulationResults/two_modules/faulty_torqueshared/Iabc-eps-converted-to.pdf>] [11 <c:/Users/hakan/Documents/GitHub/fault_tolerant_drives/Simulation/MPC/Report_v2/SimulationResults/two_modules/faulty_torqueshared/Idq_iqripple-eps-converted-to.pdf> <c:/Users/hakan/Documents/GitHub/fault_tolerant_drives/Simulation/MPC/Report_v2/SimulationResults/two_modules/faulty_torqueshared/speed-eps-converted-to.pdf>] [12 <c:/Users/hakan/Documents/GitHub/fault_tolerant_drives/Simulation/MPC/Report_v2/SimulationResults/two_modules/faulty_torqueshared/speed_fsw_iqripple-eps-converted-to.pdf> <c:/Users/hakan/Documents/GitHub/fault_tolerant_drives/Simulation/MPC/Report_v2/SimulationResults/two_modules/faulty_torqueshared/tref_tload-eps-converted-to.pdf>] [13 <c:/Users/hakan/Documents/GitHub/fault_tolerant_drives/Simulation/MPC/Report_v2/SimulationResults/two_modules/faulty_torqueshared/tref_tload_close-eps-converted-to.pdf> <c:/Users/hakan/Documents/GitHub/fault_tolerant_drives/Simulation/MPC/Report_v2/SimulationResults/two_modules/faulty_torqueshared/Idq_iqripple_fsw_close-eps-converted-to.pdf>]
Package atveryend Info: Empty hook `BeforeClearDocument' on input line 241.
Package atveryend Info: Empty hook `AfterLastShipout' on input line 241.
 (c:/Users\hakan\Documents\GitHub\fault_tolerant_drives\Simulation\MPC\Report_v2\main.aux)
Package atveryend Info: Executing hook `AtVeryEndDocument' on input line 241.
Package atveryend Info: Executing hook `AtEndAfterFileList' on input line 241.
Package rerunfilecheck Info: File `main.out' has not changed.
(rerunfilecheck)             Checksum: C168CEDE5F53338B318A4640B76C36F4;373.
Package atveryend Info: Empty hook `AtVeryVeryEnd' on input line 241.
 ) 
Here is how much of TeX's memory you used:
 34309 strings out of 481225
 846485 string characters out of 2906175
 1379410 words of memory out of 3000000
 49177 multiletter control sequences out of 15000+200000
 548799 words of font info for 78 fonts, out of 3000000 for 9000
 1141 hyphenation exceptions out of 8191
 79i,7n,136p,801b,744s stack positions out of 5000i,500n,10000p,200000b,50000s
<C:/Users/hakan/AppData/Local/Programs/MiKTeX/fonts/type1/public/amsfonts/cm/cmbx10.pfb><C:/Users/hakan/AppData/Local/Programs/MiKTeX/fonts/type1/public/amsfonts/cm/cmbx12.pfb><C:/Users/hakan/AppData/Local/Programs/MiKTeX/fonts/type1/public/amsfonts/cm/cmr10.pfb><C:/Users/hakan/AppData/Local/Programs/MiKTeX/fonts/type1/public/amsfonts/cm/cmr12.pfb>
Output written on c:/Users\hakan\Documents\GitHub\fault_tolerant_drives\Simulation\MPC\Report_v2\main.pdf (13 pages, 4972840 bytes).
PDF statistics:
 300 PDF objects out of 1000 (max. 8388607)
 44 named destinations out of 1000 (max. 500000)
 171 words of extra memory for PDF output out of 10000 (max. 10000000)

